1645826007264	geckodriver	INFO	Listening on 127.0.0.1:24072
console.warn: SearchSettings: "get: No settings file exists, new profile?" (new NotFoundError("Could not open the file at C:\\Users\\suare\\AppData\\Local\\Temp\\rust_mozprofileE0D4gF\\search.json.mozlz4", (void 0)))
console.warn: LoginRecipes: "getRecipes: falling back to a synchronous message for:" "http://localhost:8081"
console.warn: LoginRecipes: "getRecipes: falling back to a synchronous message for:" "http://localhost:8081"
JavaScript error: resource://gre/modules/LoginManagerParent.jsm, line 136: TypeError: gRecipeManager is null
console.warn: LoginRecipes: "getRecipes: falling back to a synchronous message for:" "http://localhost:8081"
JavaScript console.warn: LoginRecipes: "getRecipes: falling back to a synchronous message for:" "http:e/r/rloorc:a lrheossotu:r8c0e8:1/"
/gre/modules/LoginManagerParent.jsm, line 136: TypeError: gRecipeManager is null
JavaScript error: resource://gre/modules/LoginManagerParent.jsm, line 136: TypeError: gRecipeManager is null
console.warn: LoginRecipes: "getRecipes: falling back to a synchronous message for:" "http://localhost:8081"
JavaScript error: resource://gre/modules/LoginManagerParent.jsm, line 136: TypeError: gRecipeManager is null
console.warn: LoginRecipes: "getRecipes: falling back to aJavaSc synchript erronousror: resource://gre/mod umles/LoginManagerPearent.jsmssage , line 136: for:" TypeError: gRecipeManager is null
"http://localhost:8081"
console.warn: LoginRecipes: "getRecipes: falling back to a synchronJoauvsa Smcersispatg ee rfroorr::"  resource://gre/modules"/hLtotgpi:n/M/alnoacgaelrhPoasrte:n8t0.8j1s"m,
 line 136: TypeError: gRecipeManager is null
console.warn: LoginRecipes: "getRecipes: falling back to a synchronous message for:" "httJp:a/va/Slcocalhost:8081"
ript error: resource://gre/modules/LoginManagerParent.jsm, line 136: TypeError: gRecipeManager is null
console.warn: LoginRecipes: "getRecipes: falling back to a synchronous message for:" "http://localhost:8081"
JavaScript error: resource://gre/modules/LoginManagerParent.jsm, line 136: TypeError: gRecipeManager is null
console.warn: LoginRecipes: J"agveatScripRte ceirpreosr:: resource :fal/ling bac/kg rteo/ mao dsuylnechronous ms/LoginManessage foragerP:" "http://larent.jsm,ocalh line 136: Tyost:8081"
peError: gRecipeManager is null
console.warn: LoginRecipes: "getRecipes: fJavaalling back to a syncScript errhronousor: resource://gre/m message for:o"d "http://localhoules/LoginMst:8081"
anagerParent.jsm, line 136: TypeError: gRecipeManager is null
console.warn: LoginRecipes: JavaScript e"getRecrror:ipes: falling reso baucrkc et:o a synchronous m/e/gres/modules/Lsoaggien MfaonagerPra:r"e nt."http://jsm, line localhost:8081"
136: TypeError: gRecipeManager is null
console.warn: LoginRecipes: "getRecipes: falling back to a synchronous message for:" "http://localhost:8081"
JavaScript error: resource://gre/modules/LoginManagerParent.jsm, line 136: TypeError: gRecipeManager is null
console.warn: LoginRecipes: "getRecipes: falJavling back to a synchronous message for:" "http://localhost:8081"
aScript error: resource://gre/modules/LoginManagerParent.jsm, line 136: TypeError: gRecipeManager is null
console.warn: LoginRecipes: "getReciJavaScript peersr:o rf:al resource://gre/lmoduleisn/gL ogiback to an MsaynangcehrrPoanroeunst .mjessms,a glei nfe 136: TypeError: gRoerc:i" "http://localhost:8081"
peManager is null
console.warn: LoginRecipes: "getRecipesJavaScr:i pfta leling back to a synchronous message for:" "http://localhost:8081"
rror: resource://gre/modules/LoginManagerParent.jsm, line 136: TypeError: gRecipeManager is null
console.warn: LoginRecipes: "getRecipes: falling back to a synchronous message JavaScript efror:" "http://localhost:8081"
ror: resource://gre/modules/LoginManagerParent.jsm, line 136: TypeError: gRecipeManager is null
console.warn: LoginRecipes: "getRecJavaScript error: resource://gre/moduleipes: fallisn/gL oginManagerParent.jsm, line 136: TypeError: gRecipeManager is null
back to a synchronous message for:" "http://localhost:8081"
console.warn: LoginRecipes: "getRecipes: falling back to a synchronous message for:" "http://localhost:8081"
JavaScript error: resource://gre/modules/LoginManagerParent.jsm, line 136: TypeError: gRecipeManager is null
console.warn: LoginRecipes: "getRecipes: falJavaScripling back to a synchronous message for:" "http://localhost:8081"
t error: resource://gre/modules/LoginManagerParent.jsm, line 136: TypeError: gRecipeManager is null
console.warn: LoginRecipes: "getRecipes: falling back to a synchronous message for:" "http://localhost:8081"
JavaScript error: resource://gre/modules/LoginManagerParent.jsm, line 136: TypeError: gRecipeManager is null
console.warn: LoginRecipes: "getRecipes: faJlavaSclriinpgt  bearcrko rt:o  rae ssoyurce:nchro//gre/modulesnous /LoginManamessage for:gerPa" "http://lrent.jsm, line 1o36: TypeError: gRecipeManager is null
calhost:8081"
console.warn: LoginRecipes: "getRecipes: falling back to a synchronous message for:" "http://localhost:8081"
JavaScript error: resource://gre/modules/LoginManagerParent.jsm, line 136: TypeError: gRecipeManager is null
console.warn: LoginRecipes: "getRecipes:JavaScript e fallirnrgo rb: resource://gre/modulaecsk/ Lotgoi naM asnagerParent.jsm, line 136: TypeError: gRecynipecManager hirso nnuoluls message fo
r:" "http://localhost:8081"
console.warn: LoginRecipes: "getRecipes: falling back to a synchroJavnous message for:"aScript err "http://localhost:8081"
or: resource://gre/modules/LoginManagerParent.jsm, line 136: TypeError: gRecipeManager is null
console.warn: LoginRecipes: "getRecipes: falling back to a synchronous message for:" "http://localhost:8081"
JavaScript error: resource://gre/modules/LoginManagerParent.jsm, line 136: TypeError: gRecipeManager is null
console.warn: LoginRecipes: "getRecipes: falJavaScript error: resoluirncge :b/ack to a synchron/ogus message re/modules/Lofor:" "http:ginManagerParent//lo.calhost:8081"
jsm, line 136: TypeError: gRecipeManager is null
console.warn: LoginRecipes: "getRecipes: falling back to a synchronous message for:" "http://localhost:8081"
JavaScript error: resource://gre/modules/LoginManagerParent.jsm, line 136: TypeError: gRecipeManager is null
console.warn: LoginRecipes: "getRecipes: falling back to a synchronous message for:" "http://localJavaScript error: resource://gre/hmoosdtu:les/LoginManagerParent8.jsm, line 136: TypeError: gRecipeManager is null
081"
console.warn: LoginRecipes: "getRecipes: falling back to a synchronous meJsasvaagSec rfioprt: "e "http://lorcalhost:8081"ro
r: resource://gre/modules/LoginManagerParent.jsm, line 136: TypeError: gRecipeManager is null
console.warn: LoginRecipes: "getRecipes: falling back to a synchronous message for:" "http://localhost:8081"
JavaScript error: resource://gre/modules/LoginManagerParent.jsm, line 136: TypeError: gRecipeManager is null
console.warn: LoginRecipes: "getReciJavaScript error: resource://gre/modules/LoginManagerParent.jsm, line 136: TypeError: gRecipeManager is null
pes: falling back to a synchronous message for:" "http://localhost:8081"
console.warn: LoginRecipes: "getRecipes: falling back to a synchronous message for:" "httJavaScript error: resource://gre/modules/LoginpM:anagerParent.jsm, line 136: TypeError: gRecipeManager is null
//localhost:8081"
console.warn: LoginRecipes: "getRJavaScript error: resource://gre/modules/LoginManagerParent.jsm, line 136: TypeError: gRecipeManager is nulle
cipes: falling back to a synchronous message for:" "http://localhost:8081"
console.warn: LoginRecipes: "getRecipes: falling back to a synchronous messJavaScript error: resource://gre/modules/LoginManagerParent.jsm, line 136: TypeError: gRecipeManager is null
age for:" "http://localhost:8081"
console.warn: LoginRecipes: "getRecipes: falling back toJ avaScript error: resource://gre/modules/LoginManagerParent.jsm, line 136: TypeEarror: gReci synchronous message for:" "http://localhost:8peManager is null
081"
console.warn: LoginRecipes: "getRecipes: falling back to a synchronous message for:" "http://localhost:8J081"
avaScript error: resource://gre/modules/LoginManagerParent.jsm, line 136: TypeError: gRecipeManager is null
console.warn: LoginRecipes: "getRecipes: falling back to a syncJavaScriphtr error: oresource://nous message for:" "http://localgre/modules/LoginManagheorParent.jst:8081sm, line"
 136: TypeError: gRecipeManager is null
console.warn: LoginRecipes: "getRecipes: falling back to a synchronous message for:" "http://localhost:8081"
JavaScript error: resource://gre/modules/LoginManagerParent.jsm, line 136: TypeError: gRecipeManager is null
console.warn: LoginRecipes: "getRecipes: fallinJgavaScript  error: rbeack to a synchronous message for:" "httpsource://gre/modules/LoginManagerParent.jsm, line 136: TypeError: gRecipeManager is null
://localhost:8081"
console.warn: LoginRecipes: "getRecipes: falling back to a synchronous message for:" "http://localhost:8081"
JavaScript error: resource://gre/modules/LoginManagerParent.jsm, line 136: TypeError: gRecipeManager is null
console.warn: LoginRecipes: "getRecipes: fJavaScallinript error:g bac resoku to a synchronous rce://gre/modules/LoginManamessage for:" "hgerParttp://localhoent.jst:8081"
sm, line 136: TypeError: gRecipeManager is null
console.warn: LoginRecipes: "getRecipes: falling back Jtavao Sac rsiypntc herrornooru:s  rmesouesrscaeg:e fo/r/:g"r e"/hmodutltep://localhost:8081"
s/LoginManagerParent.jsm, line 136: TypeError: gRecipeManager is null
console.warn: LoginRecipes: "getRecipeJsa:v afSaclrliipntg  ebrarcokr :t or eas synchronouosu rmce://gre/modules/LoginManagerParent.jsm, line 136: TypeEressage for:" "http://localhorsotr::8 0g8R1e"ci
peManager is null
console.warn: LoginRecipes: "getRecipes: falling back to a synchJavaSrcornioputs  emrersor: resource://gre/modulsagees/LoginManager Pfaorre:n"t ."jhstmt,p :l/i/nleo c1a3l6: Thyost:8081"
peError: gRecipeManager is null
console.warn: LoginRecipes: "getRecipes: falJlaivnagS cbraicpkt  terror: resouo a rsycnec://ghronoure/modules/sLoginManagerParent.jsm, line 136: TypeError: gRecipeManager i sm ensuslalge
 for:" "http://localhost:8081"
console.warn: LoginRecipes: "getReJciapveasS:c rfiapltl ienrgr obra:c kr eto sao urce:s//gre/moydnuclherso/nLoougsi nmMeasnsaaggeer Pfarent.jsm, line 136: TypeError: gRecipeManager is null
or:" "http://localhost:8081"
console.warn: LoginRecipes: "getRecipes:J afvaalSlcirnigp tb aecrkr otro: a synchron oruess omuersce://gre/modulessa/gLeo gfionrM:a"n a"gerParenhtt.tjps:m/,/ lloicnael h1o3s6t:: 8T0y8p1eE"rr
or: gRecipeManager is null
