1650834751193	geckodriver	INFO	Listening on 127.0.0.1:47374
console.warn: SearchSettings: "get: No settings file exists, new profile?" (new NotFoundError("Could not open the file at C:\\Users\\suare\\AppData\\Local\\Temp\\rust_mozprofileyIUYBB\\search.json.mozlz4", (void 0)))
console.warn: LoginRecipes: "getRecipes: falling back to a synchronous message for:" "http://localhost:8081"
console.warn: LoginRecipes: "getRecipes: falling back to a synchronous message for:" "http://localhost:8081"
JavaScript error: resource://gre/modules/LoginManagerParent.jsm, line 136: TypeError: gRecipeManager is null
console.warn:J LoginRecipes: "getRecipes: falling back atvoa Sac rsiypntc heronous message for:" r"rhotr: resource://gre/modules/LoginManagerParent.jsm, line 136: TypeError:tp:/ /glRoeccailpheoMsatn:a8g0e8r1 "is
 nullconsole.warn: LoginRecipes: "getRecipes: falling back to a synchronous message for:" "http://localhost:8081"

JavaScript error: resource://gre/modules/LoginManagerParent.jsm, line 136: TypeError: gRecipeManager is null
console.warn: LoginRecipes: "getRecipes: falling back to a synchronous message for:" "http://localhost:8081"
JavaScript error: resource://gre/modules/LoginManagerParent.jsm, line 136: TypeError: gRecipeManager is null
console.warn: LoginRecipes: "getReJavaScript error: recipes: sfoalling back to a synchronousu rmcee://gre/modules/LosgsianManagerPage for:" "http://localhost:8081"
rent.jsm, line 136: TypeError: gRecipeManager is null
console.warn: LoginRecipes: "getRecipes: falling back to a synchronousJavaScr message ipt for:error: resource://gre/" "http:modu//locales/Llhost:ogin8081"
ManagerParent.jsm, line 136: TypeError: gRecipeManager is null
console.warn: LoginRecipes: "getRecipes: fJavaScallingript error: back to a s resource://grynchronouse/modules/LoginManagerParent. message for:" "jsm, line 1http://localho36: Tyst:808peError: g1"
RecipeManager is null
console.warn: LoginRecipes: "getRecipes: falliJavaScrinpg back to a synchronous message for:" "http://localhost:8081"
t error: resource://gre/modules/LoginManagerParent.jsm, line 136: TypeError: gRecipeManager is null
console.warn: LoginRecipes: "getRecipes: falling back to a synJavaScchript errror: resource://gre/moodules/LoginManagerParent.jsm, linenous messa g1e3 for:"6: TypeErro "http://localhost:8081"
r: gRecipeManager is null
console.warn: LoginRecipes: "getRecipes: falling back to JavaSac rsiypntchronous mes errors: resource://age for:"g r"eh/tmtopd:u/les/LoginManagerParent.jsm, line 136: TypeError: gRecipeManager is null
/localhost:8081"
console.warn: LoginRecipes: "getRecipeJavaScript es: falling back to a synchronous message for:" "http://localhost:8081"
rror: resource://gre/modules/LoginManagerParent.jsm, line 136: TypeError: gRecipeManager is null
console.warn: LoginRecipes: "getRecipes: falling back to a synchronous JavaScript error: resource://gre/modules/LoginManagerParent.jsmessage for:" "http://localhost:8081"
m, line 136: TypeError: gRecipeManager is null
console.warn: LoginRecipes: "getRecipes: falling back to a sJavaScript error: resource://gre/modules/LoginManagerParent.jsm, line 136: TypeError: gRynchronecipeMaonuager is nusll
 message for:" "http://localhost:8081"
console.warn: LoginRecipes: "getRecipes: falling JavaScripbt errack to or: ar esourcesynchronous://gre/modules/ message fLoginMaonagerParent.jr:" "http://sm, linel o1c3a6l:h oTsytp:e8Error: gRecipeManager i0s nu8ll1
"
console.warn: LoginRecipes: "getRecipes: falling back to a synchronous message for:" "http://locJaavlaScript error: resourcheo:st/:/8g0r8e1"
/modules/LoginManagerParent.jsm, line 136: TypeError: gRecipeManager is null
console.warn: LoginRecipes: "getRecipes: falling back to a synchronous message for:" "http://localhost:8081"
JavaScript error: resource://gre/modules/LoginManagerParent.jsm, line 136: TypeError: gRecipeManager is null
console.warn: LoginRecipes: "getRecipes: falling back JavaScript error: resource://gre/modules/LoginManagerParent.jsm, line 136: TypeErroto a synchronous message for:" "http://localhost:80r: gRecipeManager is null
81"
console.warn: LoginRecipes: "getRecipes: falling back to a synJchronous meavaScripssage for:" "http:t e//lrrocalhoor:st r:8081"
esource://gre/modules/LoginManagerParent.jsm, line 136: TypeError: gRecipeManager is null
console.warn: LoginRecipes: "getRecipes: falling back to a synchronJoauvs message fora:Scrip"t e r"rhotrt:p :r/esource://gre/modu/localhost:8081"
les/LoginManagerParent.jsm, line 136: TypeError: gRecipeManager is null
console.warn: LoginRecipes: "getRecipes: falling back to a synchronous message for:" "http://localhost:8081"
JavaScript error: resource://gre/modules/LoginManagerParent.jsm, line 136: TypeError: gRecipeManager is null
console.warn: LoginRecipes: "getRecipes: falling back to a synchronous message for:" "JavaScript error: resource://gre/modules/LoginManagerParent.jsm, line 136: TypeError: gRecipeManager is null
http://localhost:8081"
console.warn: LoginRecipes: "getRecipes: falling back to a synchronous message for:" "hJtatvpaScript error: reso://localhost:8081"
urce://gre/modules/LoginManagerParent.jsm, line 136: TypeError: gRecipeManager is null
console.warn: LoginRecipes: "getRecipes: fallJianvga Sbcripatc ke rtroo r: resource://gre/modules/LoginMa synchronous anagerParent.jmessages mfor:" ," hltitnpe: //local1hos3t6: TypeError: gRecipeManager is null
:8081"
console.warn: LoginRecipes: "getRecipes: falling back to a synchronous message for:" "http://localhost:8081"
JavaScript error: resource://gre/modules/LoginManagerParent.jsm, line 136: TypeError: gRecipeManager is null
console.warn: LoginRecipes: "getRecipes: falling back to a synchronous message fJoarv:" "aScript error: resource://gre/modules/LoginManagerParent.jsm, line 136: TypeError: gRecipeManager is null
http://localhost:8081"
console.warn: LoginRecipes: "getRecipes: falling back JtaovaScript e rar osry:n crhersoonuorucse :m/e/ssage for:" "http://localhost:8081g"
re/modules/LoginManagerParent.jsm, line 136: TypeError: gRecipeManager is null
console.warn: LoginRecipes: "getRecipes: falling back to a synchronous JavaScrimessage for:pt error: resource://gre/modules/LoginManage"r "hPtatp://localhost:8081"
rent.jsm, line 136: TypeError: gRecipeManager is null
console.warn: LoginRecipes: "getRecipes: falling back to a synchronous message for:JavaScript" error: resource://g "http://localhost:8081"
re/modules/LoginManagerParent.jsm, line 136: TypeError: gRecipeManager is null
console.warn: LoginRecipes: "getRecipes: falling back to a synchronous messageJ for:" "http://localhost:80avaS81"
cript error: resource://gre/modules/LoginManagerParent.jsm, line 136: TypeError: gRecipeManager is null
console.warn: LoginRecipes: "getRecipes: falling back to a synchronous message for:" "http://localhost:8081"
JavaScript error: resource://gre/modules/LoginManagerParent.jsm, line 136: TypeError: gRecipeManager is null
console.warn: LoginRecipes: "getRecipes: falling back to a synchronous messaJavaScript error: resource://gre/modules/LoginManagerParent.jsm, linge for:" "httpe 136: TypeError: gRecipeMan://localhost:8081"
ager is null
console.warn: LoginRecipes: "getRecipes: falling bJavaScript error: resource://gre/modules/LoginManagerParent.jsm, line 136: TypeError: gRecipeManager is null
ack to a synchronous message for:" "http://localhost:8081"
console.warn: LoginRecipes: "getRecipes: falling back toJavaScript error: resource://gre/module s/LoginManagerParent.jsm, line 136: TypeError: gRecipeManager is null
a synchronous message for:" "http://localhost:8081"
console.warn: LoginRecipes: "getRecipes: falling back to a synchronous message for:" "httJpavaScript :e/rror: resourc/el:o/c/aglrheo/smt:8081"
odules/LoginManagerParent.jsm, line 136: TypeError: gRecipeManager is null
console.warn: LoginRecipes: "getRecipes: falling back to a synchronous message for:" "http://localhost:8081"
JavaScript error: resource://gre/modules/LoginManagerParent.jsm, line 136: TypeError: gRecipeManager is null
console.warn: LoginRecipes: "getRecipes: falling back to a synchronous message for:" "http://localhost:8081"
JavaScript error: resource://gre/modules/LoginManagerParent.jsm, line 136: TypeError: gRecipeManager is null
console.warn: LoginRecipes: "getRecipes: fallingJ abvaScript error: resack to a synchronous mesource:sage for/:" "h/ttp://localhost:80gr8e/mod1u"le
s/LoginManagerParent.jsm, line 136: TypeError: gRecipeManager is null
console.warn: LoginRecipes: "getRecipes: falling back to a synchronous message for:" "http://locJaalhost:8081"
vaScript error: resource://gre/modules/LoginManagerParent.jsm, line 136: TypeError: gRecipeManager is null
console.warn: LoginRecipes: "getRecipes: falling back to a JavaScript errosynchronous mer: resource://gre/modules/LoginMsasnageraParent.jsgm, linee  136: TypeError: gRecipeManager is null
for:" "http://localhost:8081"
console.warn: LoginRecipes: "getRecipes: falling back to a synchronous messagJe for:" "http://localhost:8081"
avaScript error: resource://gre/modules/LoginManagerParent.jsm, line 136: TypeError: gRecipeManager is null
console.warn: LoginRecipes: "getRecipes: falJalvaScring back ipt error: resto a synchrource://gore/modules/LoginMannaogerPaurent.jsm, s message for:" "http://lline 136: Tyocalhost:8081"
peError: gRecipeManager is null
console.warn: LoginRecipes: "getRecipes: falling back to a synchronous message for:" "http://locJavaScript error: resource://gre/moadules/LoginlhoMst:8081"
anagerParent.jsm, line 136: TypeError: gRecipeManager is null
console.warn: LoginRecipes: "gJeavatScript error: resource://gre/Recipes: falling back to a syncmodhronous message for:" "http://localhost:8081"
ules/LoginManagerParent.jsm, line 136: TypeError: gRecipeManager is null
console.warn: LoginRecipes: "getRecipes: falling back to a synchronous message for:" "http://lJocalhost:8081a"va
Script error: resource://gre/modules/LoginManagerParent.jsm, line 136: TypeError: gRecipeManager is null
console.warn: LoginRecipes: "getRecipes: falling back to a synchronous message for:" "http://localhoJavaScript error: resource://gre/modules/LoginManagst:8081"
erParent.jsm, line 136: TypeError: gRecipeManager is null
console.warn: LoginRecipes: "getRecipes: falling back to a synchronous message for:" "http://localhost:8081"
JavaScript error: resource://gre/modules/LoginManagerParent.jsm, line 136: TypeError: gRecipeManager is null
console.warn: LoginRecipes: "getRecipes: falliJavaScript error: resource://gre/modules/LoginMannagerParent.jsm, line 136: TypeError: gRecipeMg back to a synchroanous message for:" "http://localhost:8081"
nager is null
console.warn: LoginRecipes: "getRecipes: falling back toJ aav asScript error: resource://gre/modules/LoginManagerParent.jsm, line 136: TypeError: gRecipeManager is null
ynchronous message for:" "http://localhost:8081"
console.warn: LoginRecipJes: "getRecipes: favaaSlclriinpgt  bearcrko r: resotuor cae :s/y/ngchrorneo/umso dmuelsessa/gLeo gfionrM:a"n a"ghetrPtarepn:t/./jlsomc,a llhine 136: TypeErroro:s gRecipeManager is nullt:8081"

console.warn: LoginRecipes: "getRecipes: falling back to a synchronous message for:" "http://locJalhost:808a1v"aScript error: resource://gre/modules/LoginManagerParent.jsm, line 136: TypeError: gRecipeManager is null

console.warn: LoginRecipes: "getRecipes: falling back to a synchronous message for:" "hJtavaScript error: resoturce:/p/gre/modules/LoginManagerParent.jsm, line 136: :TypeError: gRecipeManager is null/
/localhost:8081"
console.warn: LoginRecipes: "getRecipes: falling back to a synchronous message for:" "http://localhost:8081"
JavaScript error: resource://gre/modules/LoginManagerParent.jsm, line 136: TypeError: gRecipeManager is null
console.warn: LoginRecipes: "getRecipes: falling back to a synchronous message JavaScript error: rfor:" "http://localhosesource://gtre/mod:8081"
ules/LoginManagerParent.jsm, line 136: TypeError: gRecipeManager is null
console.warn: LoginRecipes: "getRecipes: falling back to a synchronous message for:" "http://lJavaScript error: rocalhoesourcst:808e://gre/modules/Logi1"
nManagerParent.jsm, line 136: TypeError: gRecipeManager is null
console.warn: LoginRecipes: "getRJavaScriptecipes error: reso: falling back to a synchronous message for:" "http://lource://gre/modulecalhost:8081"
s/LoginManagerParent.jsm, line 136: TypeError: gRecipeManager is null
console.warn: LoginRecipes: "getRecipes: faJavaScript error: resource://gre/modules/LoginManagerParent.jsm, line 136: lling back to a synchronous message for:" "http://localhost:8081"
TypeError: gRecipeManager is null
console.warn: LoginRecipes: "getRecipes: falling back to a synchroJavaScript error: resource://gre/modules/LoginManagerParent.jsm,nous message for:" "http://localhost:808 line 1361"
: TypeError: gRecipeManager is null
console.warn: LoginRecipes: "getRecipes: falling back to a synchronous message for:" "http://localhost:8081"
JavaScript error: resource://gre/modules/LoginManagerParent.jsm, line 136: TypeError: gRecipeManager is null
console.warn: LoginRecipes: "getRecipes: falling back to a synchronous message for:" "http://localhost:JavaScript error: resource://gre/modules/LoginManagerParent.jsm, line 18081"36: TypeE
rror: gRecipeManager is null
console.warn: LoginRecipes: "getRecipes: falling back tJavaScript o a serror: rynchesouronorce:us m//gre/moessaduge for:" "htles/Lotp://locginMalhost:8anagerParent081"
.jsm, line 136: TypeError: gRecipeManager is null
console.warn: LoginRecipes: "getRecipes: falling back to a synchJraovnaoSucs message for:"ript erro "http://locar: resource://glrhost:8e/modules/LoginMana081"
gerParent.jsm, line 136: TypeError: gRecipeManager is null
console.warn: LoginRecipes: "getRecipes: falling back to a synchronJavaSocripus met error: resssage fource://gre/modules/LoginMaor:" "http:/nagerParent./localhostjsm, line :8081"136: TypeEr
ror: gRecipeManager is null
console.warn: LoginRecipes: "getRecipesJavaScript :err or: resourfallince://ggre/modules/LoginManagerParent.jsm, lin backe to  136a syn: TypeError: chronous mgRecipeMaessage for:" nager is "http:null
//localhost:8081"
console.warn: LoginRecipes: "getRecipes: falling back to a synchronousJ amveaScript error: resource://gre/modules/LoginManagerParent.jsm, line 136: TypsesEargreor: gRecipeManager is null
 for:" "http://localhost:8081"
console.warn: LoginRecipes: "getRecipes: falling bJack to a synchronous message for:"a v"ahStctp://lorcalihpost:8081"
t error: resource://gre/modules/LoginManagerParent.jsm, line 136: TypeError: gRecipeManager is null
console.warn: LoginRecipes: "getRecipes: falling back to a synchronous message for:" "http://localhost:8081"
JavaScript error: resource://gre/modules/LoginManagerParent.jsm, line 136: TypeError: gRecipeManager is null
console.warn: LoginRecipes: "getRecipes: falling back to a synchronous message for:" "http://localhost:8081"
JavaScript error: resource://gre/modules/LoginManagerParent.jsm, line 136: TypeError: gRecipeManager is null
console.warn: LoginRecipes: "getRecipes: falling back to a synchronous message for:" "http://localhost:8081"
JavaScript error: resource://gre/modules/LoginManagerParent.jsm, line 136: TypeError: gRecipeManager is null
console.warn: LoginRecipes: "getRecipes: falling back to a syncJhavaScript rerror:onous resource://gre/modules/LoginManagerP message for:" "http://localhost:8081"
arent.jsm, line 136: TypeError: gRecipeManager is null
console.warn: LoginRecipes: "getRecipes: falling back to a synchronouJavaSs message for:" "httpcript error:: resource://gre/modu//localhost:8081"
les/LoginManagerParent.jsm, line 136: TypeError: gRecipeManager is null
console.warn: LoginRecipes: "getRecipes: faJlling baacvka Script eto a synchronous messagerror: resource: /f/ogrre/modules/LoginManagerParent.jsm, lin:e" 136: TypeErr o"http://localhost:8081"
r: gRecipeManager is null
console.warn: LoginRecipes: "getRecipes: falling back to a synchronous message for:" "http://localhost:8081"
JavaScript error: resource://gre/modules/LoginManagerParent.jsm, line 136: TypeError: gRecipeManager is null
console.warn: LoginRecipes: "getRecipes: falling back to a synchronous message JafvaScript error: resoource://gre/r:" m"http:o//localhost:8081"
dules/LoginManagerParent.jsm, line 136: TypeError: gRecipeManager is null
console.warn: LoginRecipes: "getRecipes: falling back to a synchroJavanScript error: resource://gre/modules/LoginManagerParent.jsm, line 136: TypeError: gRecipeManager is null
ous message for:" "http://localhost:8081"
console.warn: LoginRecipes: "getRecipes: falling back to a synchronous message for:" "http:J/a/localhost:8081v"
aScript error: resource://gre/modules/LoginManagerParent.jsm, line 136: TypeError: gRecipeManager is null
console.warn: LoginRecipes: "getRecipes: falling back to a synchronous message for:" "http://localhost:8081"
JavaScript error: resource://gre/modules/LoginManagerParent.jsm, line 136: TypeError: gRecipeManager is null
console.warn: LoginRecipes: "getRecipes: falling JavaScript eback to a synchronous message for:" "http://localhost:8081"
rror: resource://gre/modules/LoginManagerParent.jsm, line 136: TypeError: gRecipeManager is null
console.warn: LoginRecipes: "getRecipes: falling back to a synchronous message for:" "http://localhost:8081"
JavaScript error: resource://gre/modules/LoginManagerParent.jsm, line 136: TypeError: gRecipeManager is null
console.warn: LoginRecipes: "getRecipes: falling back to a synchronous message for:" "http://localhost:8081"
JavaScript error: resource://gre/modules/LoginManagerParent.jsm, line 136: TypeError: gRecipeManager is null
console.warn: LoginRecipes: "getRecipes: falling back to a synchronous message for:" "http://localhost:8081"
JavaScript error: resource://gre/modules/LoginManagerParent.jsm, line 136: TypeError: gRecipeManager is null
console.warn: LoginRecipes: "getRecipes: falling back to JavaScript error: resource://gre/modules/LoginManagerParent.jsm, line 136: TypeError: gRecipeManager is null
a synchronous message for:" "http://localhost:8081"
console.warn: LoginRecipes: "getRecipes: falling back to a synchronous message for:" "http://localhost:8081"
JavaScript error: resource://gre/modules/LoginManagerParent.jsm, line 136: TypeError: gRecipeManager is null
console.warn: LoginRecipes: "getRecipes: falling baJavaScricpkt to a synchronous message for:" "http://localhost:8081"
 error: resource://gre/modules/LoginManagerParent.jsm, line 136: TypeError: gRecipeManager is null
console.warn: LoginRecipes: "getRecipes: falling back to a synchronous message for:" "http://localhost:8081"
JavaScript error: resource://gre/modules/LoginManagerParent.jsm, line 136: TypeError: gRecipeManager is null
console.warn: LoginRecipes: "getRecipes: falling back to a synchronous message for:" "http://JavaScript error: resource://grlocalhost:8081"
e/modules/LoginManagerParent.jsm, line 136: TypeError: gRecipeManager is null
console.warn: LoginRecipes: "getRecipes: falling back to a synchronous message for:" "http://localhostJavaScript error: resource://gre/modules/:8081"
LoginManagerParent.jsm, line 136: TypeError: gRecipeManager is null
console.warn: LoginRecipes: "getRecipes: falling Jback to a syanchronous message for:" "http://localhost:8081"
vaScript error: resource://gre/modules/LoginManagerParent.jsm, line 136: TypeError: gRecipeManager is null
console.warn: LoginRecipes: "getRecipes: falling back to a synchronous message for:" "http://locJalhost:80avaScript er8ror: resource1:"//
gre/modules/LoginManagerParent.jsm, line 136: TypeError: gRecipeManager is null
console.warn: LoginRecipes: "getRecipes: fallJavaScript error: resource://gre/modules/LoginManagerParent.jsm, line 136: TypeError: gRecipeManager is null
ing back to a synchronous message for:" "http://localhost:8081"
console.warn: LoginRecipes: "getRecipes: falling back to a synchronous message for:" "http://localhost:8081"
JavaScript error: resource://gre/modules/LoginManagerParent.jsm, line 136: TypeError: gRecipeManager is null
console.warn: LoginRecipes: "getRecipes: falling back to a synchronous message for:" "http://localhost:8081"
JavaScript error: resource://gre/modules/LoginManagerParent.jsm, line 136: TypeError: gRecipeManager is null
console.warn: LoginRecipes: "getRecipes: falling back to a synchronous message for:" "http://localhost:8081"
JavaScript error: resource://gre/modules/LoginManagerParent.jsm, line 136: TypeError: gRecipeManager is null
console.warn: LoginRecipes: "getRecipes: falling back to a synchronous message fJavaScript error: resource://gre/modules/LoginManagerParent.jsm, line o136: TyperError: gRecipeManager is null
:" "http://localhost:8081"
console.warn: LoginRecipes: "getRecipes: falling back to a synchronous message for:" "http://localhost:8081"
JavaScript error: resource://gre/modules/LoginManagerParent.jsm, line 136: TypeError: gRecipeManager is null
console.warn: LoginRecipes: "getRecipes: falling back to a synchronous message for:" "http://localhost:8081"
JavaScript error: resource://gre/modules/LoginManagerParent.jsm, line 136: TypeError: gRecipeManager is null
console.warn: LoginRecipes: "getRecJiapveaScrips: falling back to a synchronous message for:" "http://localhost:8081"
t error: resource://gre/modules/LoginManagerParent.jsm, line 136: TypeError: gRecipeManager is null
console.warn: LJavaSocript error: resource://gre/modules/LgoigniRneMcainpaegse:r "getRecipes: falling back to a synchronous messaPge for:" "http://localhost:8081"
arent.jsm, line 136: TypeError: gRecipeManager is null
console.warn: LoginRecipes: "getRecipes: falling back to a synchronous message for:" "http://localhost:8081"
JavaScript error: resource://gre/modules/LoginManagerParent.jsm, line 136: TypeError: gRecipeManager is null
console.warn: LoginRecipes: "getRecipes: falling back to JavaSa synchronous messagcript e for:" "ehttpr://lorcoar: resource://gre/modules/LoginManaglehrParenot.sjts:m8,0 8l1i"ne
 136: TypeError: gRecipeManager is null
console.warn: LoginRecipes: "getRecipes: falling back to a synchronous message forJavaScript error: res:o"u rce://g"re/modules/Lhotgtip://nManagerParent.jsm, line 136: TypeError: gRecipeManager is null
localhost:8081"
console.warn: LoginRecipes: "getRecipes: falling back toJav a synchronous maeSscsraigpe for:" "http:/t error: re/sloocurce://grael/hmoosdtu:l8081"es
/LoginManagerParent.jsm, line 136: TypeError: gRecipeManager is null
console.warn: LoginRecipes: "getRecipes: fallingJavaScript error: resource://gre/modules/LoginManagerParent.jsm, line 136: TypeError: gRecipeManager is null
 back to a synchronous message for:" "http://localhost:8081"
console.warn: LoginRecipes: "getRecipes: falling back to aJavaScript error: resour synchronous message for:" "http://localhost:8081"
ce://gre/modules/LoginManagerParent.jsm, line 136: TypeError: gRecipeManager is null
console.warn: LoginRecipes: "getRecipes: falling back to a synchronous message for:" "http://localhost:8081"
JavaScript error: resource://gre/modules/LoginManagerParent.jsm, line 136: TypeError: gRecipeManager is null
console.warn: LoginRecipes: "getRecipes: falJavaScripling back tto a error: res synochronous message for:" "hurce://grttp://locae/modlules/Loghost:8inMan081"
agerParent.jsm, line 136: TypeError: gRecipeManager is null
console.warn: LoginRecipes: "getRecipes:JavaScript error: resource://gre/modules/Logi nfMaalnlaignegr Pbarent.jsm, liance 136k t: TypeError: gRoe cai pseynchronous message for:" "htManager is ntullp
://localhost:8081"
console.warn: LoginRecipes: "getRecipes: falling back to a JavaScript esynchronous mrror: essageresource :for:" "ht/t/gre/modules/LoginManagerParent.jsm, line p1:36: TypeError: gRecipeManager is null
//localhost:8081"
console.warn: LoginRecipes: "getRecipes: falling back to a synchronous message for:" "http://localhJoasvta:S8c0r8i1p"t 
error: resource://gre/modules/LoginManagerParent.jsm, line 136: TypeError: gRecipeManager is null
console.warn: LoginRecipes: "getRecipes: falling back to a synchronous message for:" "http://localhJavaScript eorror: resource://gre/modules/LoginManagerParent.jsm, line 136: TypeError: gRecipeManager is null
st:8081"
console.warn: LoginRecipes: "gJavaScript error: resource://gre/modules/LoginManageerPtarentRecipes: falling .bjascmk,  tloi a synchronous messane 136: TypeError: gRgee fcipeManager is null
or:" "http://localhost:8081"
console.warn: LoginRecipes: "getRecipes: falling back to a synchronous message for:" "httpJ:a/v/alSoccrailphto serrort:8081"
: resource://gre/modules/LoginManagerParent.jsm, line 136: TypeError: gRecipeManager is null
console.warn: LoginRecipes: "getRecipes: falling back to a synchronous message foJavra:" "Shttpc:r/i/pltocalhost: 8erro0r81"
: resource://gre/modules/LoginManagerParent.jsm, line 136: TypeError: gRecipeManager is null
console.warn: LoginRecipes: "getRecipes: fallJing abvaScript error: resource://gre/moduleasc/LoginManagerParent.jsm, line 136: TypeError: gRecipeMka to nager is nulla synchronous message for:" "http
://localhost:8081"
console.warn: LoginRecipes: "getRecipes: fallJavaScript error: resource://gre/modules/LoginManagerParent.jsm, line 136: TypeError: gRecipeManager is null
ing back to a synchronous message for:" "http://localhost:8081"
console.warn: LoginRecipes: "getRecipes: falling back tJo aav synchronous message for:" "http://localaScript host:8081"
error: resource://gre/modules/LoginManagerParent.jsm, line 136: TypeError: gRecipeManager is null
console.warn: LoginRecipes: "getReJavaScript error: resoucipes: falling back to arce://gre/modules/LoginManagerParent.jsm, line 136: TypeError: gRecipeManager is null
 synchronous message for:" "http://localhost:8081"
console.warn: LoginRecipes: "getRecipes: falling back to a synchronous message for:" "http://localhost:8081"
JavaScript error: resource://gre/modules/LoginManagerParent.jsm, line 136: TypeError: gRecipeManager is null
console.warn: LoginRecipes: "getRecipes: falling Jback to a synchronous message for:" "htavaScript errtor: resource://gre/modules/LoginManagerParent.jsm, line 136: Tp://localhost:8081"
ypeError: gRecipeManager is null
console.warn: LoginRecipes: "getRecipes: falling back to a synchronous message for:" "http://localhost:8081"
JavaScript error: resource://gre/modules/LoginManagerParent.jsm, line 136: TypeError: gRecipeManager is null
console.warn: LoginRecipes: "getRecipes: falling back to a synchronous message for:" "http://localhost:8081"
JavaScript error: resource://gre/modules/LoginManagerParent.jsm, line 136: TypeError: gRecipeManager is null
console.warn: LoginRecipes: "getRecipes: falling back to a synchronous mJavaSecsrsiapt errgeo rf:o rr:esource://gre/modules/LoginMan" agerP"http://localhost:8081"
arent.jsm, line 136: TypeError: gRecipeManager is null
console.warn: LoginRecipes: "getRecipes: falling back to a synchronous message for:" "http://localhost:8081"
JavaScript error: resource://gre/modules/LoginManagerParent.jsm, line 136: TypeError: gRecipeManager is null
console.warn: LoginRecipes: "getRecipes: falling back to a synchronous message Jfor:" "http://laocavlhost:8081"
aScript error: resource://gre/modules/LoginManagerParent.jsm, line 136: TypeError: gRecipeManager is null
console.warn: LoginRecipes: "getRecipes: falling bacJk to a synacvaShronous message for:" "http://localhost:8081"
cript error: resource://gre/modules/LoginManagerParent.jsm, line 136: TypeError: gRecipeManager is null
console.warn: LoginRecipes: "getRecipes: falling JavabScript error: resaocurce://gre/modules/LoginManagerParent.jsm, line 136: TypeError: gRecipeManager is null
k to a synchronous message for:" "http://localhost:8081"
