1645827549589	geckodriver	INFO	Listening on 127.0.0.1:1088
console.warn: SearchSettings: "get: No settings file exists, new profile?" (new NotFoundError("Could not open the file at C:\\Users\\suare\\AppData\\Local\\Temp\\rust_mozprofileolMhYF\\search.json.mozlz4", (void 0)))
console.warn: LoginRecipes: "getRecipes: falling back to a synchronous message for:" "http://localhost:8081"
console.warn:JavaScript error: resource://gre/modules/LoginManagerParent.jsm, line 136: TypeError: gRecipeManager is null
 LoginRecipes: "getRecipes: falling back to a synchronous message for:" "http://localhost:8081"
console.wJaarvaScript error: resource://gre/modules/nLo:gi nManaLgoegriPnRecipes: "getarent.jsm, line 136R: TyepceiEprerso: falling backr: gRecipeManager is null
 Jtaov aaScript error: resource://gre/modules/LoginManagerPar ent.jsm, line 136: TyspeEryrnocrh:r ognRoeucs message for:" "httipepM:anager is nul//locallhost:8081"

console.warn: LoginRecipes: "getRecipes: falling back to a synchronous message for:" "http://localhost:8081"
console.warn: LoginRecipes: "getRecipes: falling back to a synchronoJavaScript error: resource://gre/modules/LoginuMsa nmaegsesraPgaer efnotr.:j"s m",h tltipn:e/ /1l3o6c:a lThypeError: gRecipeManager is null
ost:8081"
console.warn: LoginRecipes:JavaS "getRecipes: falling back to a synchronous messagcript erreo rf:o rr:e" "http://localhost:8081"
source://gre/modules/LoginManagerParent.jsm, line 136: TypeError: gRecipeManager is null
console.warn: LoginRecipes: "getRecipes: falling back to a synchronous message for:" "http://localhost:8081"
JavaScript error: resource://gre/modules/LoginManagerParent.jsm, line 136: TypeError: gRecipeManager is null
console.warn: LoginRecipes: "getReJcavaScript error: resource://gre/ipes: fallimnogd ulesb/aLcokg itnoM aan asgyenrParent.jcshmr,o nloiunse  m1e3s6s:a gTey pfeoErr:r"o r"http://localhos:t :g8R0e8c1i"pe
Manager is null
console.warn: LoginRecipes: "getRecipes: falling back to a synchronous message for:" "http://lJoacvaalShocsrti:p8t0 81error: re"so
urce://gre/modules/LoginManagerParent.jsm, line 136: TypeError: gRecipeManager is null
console.warn: LoginRecipes: "getRecipes: falling back to a synchronous message for:" "http://localhost:8081"
JavaScript error: resource://gre/modules/LoginManagerParent.jsm, line 136: TypeError: gRecipeManager is null
console.warn: LoginRecipes: "getRJavaScript error: resource://gercei/modulespes:/ Lfalling back to a synchronous message for:" "http://localhost:80ogi81"
nManagerParent.jsm, line 136: TypeError: gRecipeManager is null
console.warn: LoginRecipes: "getRecipes: faJavaScriptlling back  erroto a synchrr: resourcoen:o/u/sg rmee/ssage for:" "modulehttp://los/LoginMancalhoagerPst:80a81"re
nt.jsm, line 136: TypeError: gRecipeManager is null
console.warn: LoginRecipes: "getRecipes: falling back to a synchronous message for:" "http://localJavaScripth oest:8081"
rror: resource://gre/modules/LoginManagerParent.jsm, line 136: TypeError: gRecipeManager is null
console.warn: LoginRecipes: "getRecipes: fallJavaScript error: resource://gre/modules/LoginManagerParent.jsm, line 136: TypeError: gRecipeManager is null
ing back to a synchronous message for:" "http://localhost:8081"
console.warn: LoginRecipes: "getRecipes: falling back to a synchronous message foJr:" "http://localhost:8081"
avaScript error: resource://gre/modules/LoginManagerParent.jsm, line 136: TypeError: gRecipeManager is null
console.warn: LoginRecipes: "getRecipes: falling bacJavaScript error: resource://gre/modukl toe sa/ LsoygnicnhMraonnaoguesr Pmaersesnatg.ej sfmo,r :l"i n"eh t1t3p6: TypeError: gRecipeManager is null
://localhost:8081"
console.warn: LoginRecipes: "getRecipes: falling back to a synchronous message for:" "httpJ:avaS/c/locaript lhost:8081"e
rror: resource://gre/modules/LoginManagerParent.jsm, line 136: TypeError: gRecipeManager is null
console.warn: LoginRecipes: "getReJavacSicript erpreor: resousr:ce://gre /fmaolling back tod ual essy/nLcohgrionous message for:" "http://localhost:8081"
nManagerParent.jsm, line 136: TypeError: gRecipeManager is null
console.warn: LoginRecipes: "getRecipes: falling back to a synchronous message for:"J a"vhatStcpr:i/p/tl oecrarlohro:s tr:e8s0o8u1r"ce:/
/gre/modules/LoginManagerParent.jsm, line 136: TypeError: gRecipeManager is null
console.warn: LoginRecipes: "getRecipes: falling Jbaavck toa Sac rsiypntc herrornooru:s  rmeessosuargcee :f/o/rg:r"e /"mhotdtupl:e/s/l/oLcoaglihnoMsatn:a8g0e8r1P"ar
ent.jsm, line 136: TypeError: gRecipeManager is null
console.warn: LoginRecipes: "getRecipes: falling back to a synchronous message for:" "http://localhost:8081"
JavaScript error: resource://gre/modules/LoginManagerParent.jsm, line 136: TypeError: gRecipeManager is null
console.warn: LoginRecipes: "getRecipes: fJavaScripatlling back to a synchronous messag ee rfroorr::"  r"ehstotupr:c/e/:l//gre/moduolceasl/hLoosgti:n8M0a8n1a"ge
rParent.jsm, line 136: TypeError: gRecipeManager is null
console.warn: LoginRecipes: "gJavaScripett error: resource://gre/modRuelceisp/eLso:g infManagaelling back to a syrnParent.jsm, linceh r1o3n6o:u sTy pmeEersrsor: gRecipeManager is null
age for:" "http://localhost:8081"
console.warn: LoginRecipes: "getRecipes: falling back to a synchronous message fJavaScript error: resource://gre/moduleosr/:L" "httopginManagerPa:r/e/nt.lojcsaml,h osltin:e8 081"
136: TypeError: gRecipeManager is null
console.warn: LoginRecipes: "getRecipes: falling back to a synchronous message for:" "http://JavaSlcorciaplth oest:8081"
rror: resource://gre/modules/LoginManagerParent.jsm, line 136: TypeError: gRecipeManager is null
console.warn: LoginRecipes: "getRecipes: falling back to a synchronous mesJsaavaScrige for:" "http://localhopstt error: resource://gre/module:s8081"
/LoginManagerParent.jsm, line 136: TypeError: gRecipeManager is null
console.warn: LoginRecipes: "getRecipes: falliJavaSng back to a synchronous message for:" "http://localhost:8081"
cript error: resource://gre/modules/LoginManagerParent.jsm, line 136: TypeError: gRecipeManager is null
console.warn: LoginRecipes: "getRecipes: falling back to a syJavaScripnchrot error: nous resource://gre/modules/LoginManagerParentmessage for:" "ht.jsmtp://, line 136: localhost:8081"
TypeError: gRecipeManager is null
console.warn: LoginRecipes: "getRecipes: falling back to a synchronous message for:" "http://localhost:8081"
JavaScript error: resource://gre/modules/LoginManagerParent.jsm, line 136: TypeError: gRecipeManager is null
console.warn: LoginRecipes: "getRecipes: JavfaaScript errolrl: resourcei://gre/modnugl ebsa/cLkogi nto a synchrMoanagerPanrent.jsm, line 13o6u: TypeError: gRecipeManager is null
s message for:" "http://localhost:8081"
console.warn: LoginRecipes: "getRecipes: falling back to a sJavaSycnchronousript e rmror: resource:/essage for:" "http://lo/gre/mcalhost:8081"odules/
LoginManagerParent.jsm, line 136: TypeError: gRecipeManager is null
console.warn: LoginRecipes: "getRecipes: fJavaScripallingt error: reso urcbea:ck to a synchronous mes/s/gre/amge foodules/Logir:" "http://localhost:nManagerParent8081".jsm, 
line 136: TypeError: gRecipeManager is null
console.warn: LoginRecipes: "getRecipes: falling back to a synchronous message for:" "http://localhost:8081"
JavaScript error: resource://gre/modules/LoginManagerParent.jsm, line 136: TypeError: gRecipeManager is null
console.warn: LoginRecipes: "getRecipJavaScript error: resource://gre/modules/LoginManagerParent.jsm, line 136: TypeError: gRecipeManager is null
es: falling back to a synchronous message for:" "http://localhost:8081"
console.warn: LoginRecipes: "getRecipes: falling back to a synchronous message for:" "http://localhost:8081"
JavaScript error: resource://gre/modules/LoginManagerParent.jsm, line 136: TypeError: gRecipeManager is null
console.warn: LoginRecipes: "getRecipes: falJavaScript error: resource://gre/modules/LoginManagerPlarenti.ng back tjsm, line 136: TypeError: gRecipeManager is null
o a synchronous message for:" "http://localhost:8081"
console.warn: LoginRecipes: "getRecipes: falling back to a synchronous message for:" "http://localhost:8081"
JavaScript error: resource://gre/modules/LoginManagerParent.jsm, line 136: TypeError: gRecipeManager is null
console.warn: LoginRecipes: "getRecipJavaScres: faipt error: rlling back to esourac synchronous message for:" "http://localhost:8081"
e://gre/modules/LoginManagerParent.jsm, line 136: TypeError: gRecipeManager is null
console.warn: LoginRecipes: "getRecipes: fallingJav back to a synchronous message foarS:c"r i"phtt tepr:ror: res/ource://gre//lmoodules/LoginManagerParent.jsm, linec 136: TypeError: gRecipeManager is null
alhost:8081"
console.warn: LoginRecipes: "getRecipes: falling back to a syncJavaScripthrono error: resouus message forrce://gre/modules/Lo:g" "http://localhost:8081"inManagerParen
t.jsm, line 136: TypeError: gRecipeManager is null
console.warn: LoginRecipes: "getRecipes: falling back to a synchronous message for:" "http://localhost:8081"
JavaScript error: resource://gre/modules/LoginManagerParent.jsm, line 136: TypeError: gRecipeManager is null
console.warn: LoginRecipes: "getRecipeJavaScript error: resource://gre/s: falling bamcoduleks/Login to a synchronousManag emrParent.jsme, line 136: TsypeError: gRseacgiep efMor:" "http://localhost:8081"
anager is null
console.warn: LoginRecipes: "getRecipes: falling back toJavaScript  ea synchrror: resource://gre/modules/rLonous message for:" "ohgttp://localhost:8081"
inManagerParent.jsm, line 136: TypeError: gRecipeManager is null
console.warn: LoginRecipes: "getRecipes: falling baJck to a syavaScript ernchrroorn:o urse message for:" "http://localhsouroce:st:8081"
//gre/modules/LoginManagerParent.jsm, line 136: TypeError: gRecipeManager is null
console.warn: LoginRecipes: "getRecipes: falling back to a synchronous message for:" "httpJavaScript://localhost:8081"
 error: resource://gre/modules/LoginManagerParent.jsm, line 136: TypeError: gRecipeManager is null
console.warn: LoginRecipes: "getRecipes: falling back toJavaScript error: resource://gre/ ma synchronous message for:" "odules/LoginManhttp://localhostagerParent.jsm, line 1:8081"
36: TypeError: gRecipeManager is null
console.warn: LoginRecipes: "getRecipes: falling back to a JsaynchronvoauSs message for:" "http://localhcoript error: resource://gre/modules/LoginManagerParent.jsm, line 136: TypeError: gRecipeManager is null
st:8081"
console.warn: LoginRecipes: "getRecipes: falling back to a synchronous messageJavaScript error: resource://gre/modules/L ofgoinManagerParent.jsm, line 136: TypeError: gRecipeManager is null
r:" "http://localhost:8081"
[Parent 11440, IPC I/O Parent] WARNING: file /builds/worker/checkouts/gecko/ipc/chromium/src/base/process_util_win.cc:167

###!!! [Parent][PGPUParent] Error: RunMessage(msgname=PGPU::Msg_ShutdownVR) Channel closing: too late to send/recv, messages will be lost

