1645827011587	geckodriver	INFO	Listening on 127.0.0.1:39886
console.warn: SearchSettings: "get: No settings file exists, new profile?" (new NotFoundError("Could not open the file at C:\\Users\\suare\\AppData\\Local\\Temp\\rust_mozprofileKo6E4o\\search.json.mozlz4", (void 0)))
console.warn: LoginRecipes: "getRecipes: falling back to a synchronous message for:" "http://localhost:8081"
console.warn: LoginRecipes: "getRecipes: JavaScrfipt error: resource://garel/lmiodules/LoginManagerPareng back ntot a synchronous message for:" "ht.tjps:m, line 136/: TypeError: gR/elcipeManager iocalhost:8081"s
 null
console.warn: LoginJRaevcaiSpces: "getRript error: resourcecipes: falling back to e://gre/modules/LoginManagerParenat .syjsm, line 136: TypeError: gRecipeMnacnharonous messgaegre for:" "http:/ /ilso cnaullhlos
t:8J081"
avcaonsole.warn: LoginRSecript error: resourccei:p/e/s: "ggerteR/emcoidpuelse:s /fLaolglinManagierParent.jsm, line 136: TypeError: gRecipeManager is nullng back to a 
synchronous message for:" "http://localhost:8081"
console.warn: LoginRecipes: "getRecipes: falling back to a synchronous message JavaScript error: resource://gre/modules/LoginManagfeorrP:a"r e"nt.jsm, line 136: TypeError: gRecipeManager is null
http://localhost:8081"
console.warn: LoginRecipes: "getRecipes: faJavaScript error: resource://gre/modules/LoginManagerParent.jsm, line 136: TypeError: gRecipeMalnlaing back to a synchronous message for:" "http://localhost:8081"
ger is null
console.warn: LoginRecipes: "getRecipes: JavaScfrailplt error: resource://gre/modules/LoginManaignegr Pbaarcekn tt.oj sam ,s ylnicnhe 136: TypeError: gRecipeManager is null
ronous message for:" "http://localhost:8081"
console.warn: LoginRecipes: "JavaScript error: resource://gre/modules/LogigneMtaRneacgieprePsa:r falling back to a synchronous message for:" "http://localhost:8081"
ent.jsm, line 136: TypeError: gRecipeManager is null
console.warn: LoginRecipes: "getRecipes: falling back to a synchronous message for:" "http://localhost:8081"
JavaScript error: resource://gre/modules/LoginManagerParent.jsm, line 136: TypeError: gRecipeManager is null
console.warn: LoginRecipes: "geJtRecipes: fallianvaScgr ibpatck to a  seyrnrcohr: resource:r/o/ngousre/module message for:" "hs/LoginManagerParent.jsmt,t line 136:p://localh Typeost:80E8r1r"or
: gRecipeManager is null
console.warn: LoginRecipes: "getRecipes: falling back to a syJavaSnchronous mecript error: resosusage rfor:" "http://localhost:8081"
ce://gre/modules/LoginManagerParent.jsm, line 136: TypeError: gRecipeManager is null
console.warn: LoginRecipes: "gJetRecaivpesaScript error: resource://gre/modules/Logi:n MfaanagerParentlling back to. a synchronous mejsm, line 1ssage for:"36: Ty "http://localhospeError: t:8081"
gRecipeManager is null
console.warn: LoginRecipes: "getRecipes: falling back to a synchronous message for:" "http://localhost:8081"
JavaScript error: resource://gre/modules/LoginManagerParent.jsm, line 136: TypeError: gRecipeManager is null
console.warn: LoginRecipes: "getRecipes: falling bacJavaScript error: resource://gre/modules/Lko gtion Maa nsagerParent.jsm,ynchronous message for:" "http://localhost:8081"
 line 136: TypeError: gRecipeManager is null
console.warn: LoginRecipes: "getRecipes: falling back tJavaScrio a synchronous pmt errore: resource:s/s/aggree /fmoord:u"l e"sh/tLtopg:i/n/MlaoncaaglehroPsatr:e8n0t8.1j"sm
, line 136: TypeError: gRecipeManager is null
console.warn: LoginRecipes: "getRecipes: fallJavaScript ering back to a synchronous message for:" "htrtopr::/ /rleoscoaulhorsct:8e0:81"//
gre/modules/LoginManagerParent.jsm, line 136: TypeError: gRecipeManager is null
console.warn: LoginRecipes: "getRecipes: falling back to a synchronous message for:" "http://localhost:8081"
JavaScript error: resource://gre/modules/LoginManagerParent.jsm, line 136: TypeError: gRecipeManager is null
console.warn: LoginRecipes: "getRecipeJavaScript error: resource://gre/modules/LoginManagerParent.jsm, line 136: TypeError: gRecips: fallinegM back to a synchronouanager is null
s message for:" "http://localhost:8081"
console.warn: LoginRecipes: "getRecipes: falling back to a synchronJous message for:"a vaScript e"rhrtotr: resourpc:e/://gre/modules//loLcoaglhinManagerPaost:8081"r
ent.jsm, line 136: TypeError: gRecipeManager is null
console.warn: LoginRecipes: "getRecipes: falling back to a synchronous message for:" "http://localhost:8081"
JavaScript error: resource://gre/modules/LoginManagerParent.jsm, line 136: TypeError: gRecipeManager is null
console.warn: LoginRecipes: "getRecipes: falling back to a synchronous message for:" "http://localhost:8081"
JavaScript error: resource://gre/modules/LoginManagerParent.jsm, line 136: TypeError: gRecipeManager is null
console.warn: LoginRecipes: "getRecipJaves: falling back to a synchronousa Smceript error: resource://sgsraeg/em ofdourl:e"s /"Lhotgtipn:M/a/nlaogcearlPhaorsetn:t8.0j8s1m", 
line 136: TypeError: gRecipeManager is null
console.warn: LoginRecipes: "getRecipes: falling back to a synchronous message for:" "http://localhost:8081"
JavaScript error: resource://gre/modules/LoginManagerParent.jsm, line 136: TypeError: gRecipeManager is null
console.warn: LoginJRaecipes: "getRecipes: falling back to a syncvaScript error: resource://gre/modules/LoginManharonogerParent.jsm, line 1us mes36:s aTgyep efEorrr:o"r :" hgtRtepc:i/p/elMoacnager is null
alhost:8081"
console.warn: LoginRecipes: "getRecipes: falling back to a synchronous message for:" "http://localhost:8081"
JavaScript error: resource://gre/modules/LoginManagerParent.jsm, line 136: TypeError: gRecipeManager is null
console.warn: LoginRecipes: "getRecipes: falling bacJavaScript error: resko tou rac es://gre/modules/LoginMaynchronous message for:" "http://localhost:8081"
nagerParent.jsm, line 136: TypeError: gRecipeManager is null
console.warn: LoginRecipes: "getRecipes: falling back to a synchronous message for:" "http://localhost:8081"
JavaScript error: resource://gre/modules/LoginManagerParent.jsm, line 136: TypeError: gRecipeManager is null
console.warn: LoginRecipes: "getRecipes: JavaScript error: resource://gre/modules/LoginManagerParent.jsm, line 136: TypeError: gRecipeManager is null
falling back to a synchronous message for:" "http://localhost:8081"
console.warn: LoginRecipes: "getRecipes: falling back to a synchronous message for:" "http:/JavaScript error: resource://gre/modules/LoginManagerParent.jsm, line 136: TypeError: gRecipeManager is null
/localhost:8081"
console.warn: LoginRecipes: "getRecipesJ:avaScript error: resource: /f/gre/modules/LoginManaalling back to a synchrogerParentnous messa.jsm, linege for:" "h 136: TypeErrttpor: gRec://localhost:8081"
ipeManager is null
console.warn: LoginRecipes: "getRecipes: falling back to a synchronous messagJavaScriep tf oerr:r"o r":h trteps:o/u/rlcoec:a/l/hgorset/:8081"
modules/LoginManagerParent.jsm, line 136: TypeError: gRecipeManager is null
console.warn: LoginRecipes: "getRecipes: falling back to a synchronous message for:" "http:/J/loacalhovaSst:8081"
cript error: resource://gre/modules/LoginManagerParent.jsm, line 136: TypeError: gRecipeManager is null
console.warn: LoginRecipes: "getRecipes: falling back to a synchronous message for:" "hJtatvpaScript error: resource://gre/m://locoadlules/LoginManagerParent.jsm, line 136: TypeError: gRecipeManager is hnost:8081"
ull
console.warn: LoginRecipes: "getRecipes: falling back to a synchronJoauvsa Smcersispage for:" "httt error: pr:e/s/oluocalhost:808rce://gr1"
e/modules/LoginManagerParent.jsm, line 136: TypeError: gRecipeManager is null
console.warn: LoginRecipes: "getRecipes: falling back to a synchronous message for:" "http://localhost:8081"
JavaScript error: resource://gre/modules/LoginManagerParent.jsm, line 136: TypeError: gRecipeManager is null
console.warn: LoginRecipes: "getRecipes: falling back to a sJavaSycript errnocrh:r ornous mesesource://gre/msoadguel efso/rL:o" "http://gliocalhost:8081"
nManagerParent.jsm, line 136: TypeError: gRecipeManager is null
console.warn: LoginRecipes: "getRecipes: falling back to a synchronous messaJavaScgrei for:" "htptt errop://lro:calhost:808 1resource://gre/modules/LoginManagerParent.jsm, line 136: TypeError: gRecipeManager is null
"
console.warn: LoginRecipes: "getRecipes: falling back to a synchronous message for:" "http://localhost:8081"JavaScri
pt error: resource://gre/modules/LoginManagerParent.jsm, line 136: TypeError: gRecipeManager is null
console.warn: LoginRecipes: "getRecipes: falling back to a synchronous JavaScmessage rfor:" "http://localhost:8081"
ipt error: resource://gre/modules/LoginManagerParent.jsm, line 136: TypeError: gRecipeManager is null
console.warn: LoginRecipes: "getRecipes: falling back to a syJavaScript error: resource://gre/modules/LoginManagerParent.jsm, line 136: TypeErrnchronous message for:" "http://localhoost:8081"
r: gRecipeManager is null
console.warn: LoginRecipes: "getRecipes: falling baJavaScript error: resource://gcrke /tmoodules/LoginManagerParent.jsm, line 136: TypeError a synchronous message for:" "http://localhost:8081"
: gRecipeManager is null
console.warn: LoginRecipes: "getRecipes: falling back to a synchronous message for:" JavaScript er"http:/r/olro: resource://gre/modules/LoginManagercalhosParent.jsm, line 136: TypeError: gRecipeManager is null
t:8081"
console.warn: LoginRecipes: "getRecipes: falling back to a synchronous message for:" "http://localhost:8081"
JavaScript error: resource://gre/modules/LoginManagerParent.jsm, line 136: TypeError: gRecipeManager is null
console.warn: LoginRecipes: "getReciJpavaScript erreor: resousrce://gr:e /fmaoldluleing s/LoginManagerbPaack to a synrcenth.jsm, lirne 136: oTypenError: goRecuipeManager is null
s message for:" "http://localhost:8081"
console.warn: LoginRecipes: "getRecipes: falling back to a synchronous message for:" "http://JlavaSoccript error: resource://gre/modules/LoginManagerParent.jsm, line 136: TypeError: gRecipeManager is null
alhost:8081"
console.warn: LoginRecipes: "getRecipes: falling back to JavaScript error: ra synchronous messesourage for:"c e"http://l://gre/modocaulles/Logihost:8081"nMana
gerParent.jsm, line 136: TypeError: gRecipeManager is null
console.warn: LoginRecipes: "getRecipes:JavaScript error: resource://gre/modules/Log ifnaMlalning back toa gerParent.jsm, line 136: TypeError: gRecipeManager is null
a synchronous message for:" "http://localhost:8081"
console.warn: LoginReciJavaSpcript eerror: resousrce://gr:e /modules"/gLoginManagerPaertent.jsm, line 136: TypeError: RecipgeRecipeManas: fallinger is ng bacull
k to a synchronous message for:" "http://localhost:8081"
