1645826584527	geckodriver	INFO	Listening on 127.0.0.1:2546
console.warn: SearchSettings: "get: No settings file exists, new profile?" (new NotFoundError("Could not open the file at C:\\Users\\suare\\AppData\\Local\\Temp\\rust_mozprofile21jAsv\\search.json.mozlz4", (void 0)))
console.warn: LoginRecipes: "getRecipes: falling back to a synchronous message for:" "http://localhost:8081"
console.warn: LoginRecipes: "getRecipesJavaScript error: resource://gre/modules/LoginManagerParent: falling back to a synchronous message for:" "http://localho.st:j8081"
sm, line 136: TypeError: gRecipeManager is null
consoJlaev.awaScrnr:i Logipt error: rnReesource://cgipes: "greet/Rmeocdiupleess:/ LoginfaMalnlaigneg back to a synchronousr Parenmesst.age fjsm, line 13o6: Tyr:" "http:peErro//lorc:a lghRoescti:p8eManager is nu0ll
81"JavaS
cripconst error: reole.warn: LoginRecipes: "gesourtRecice:/pes: fallin/gre/g bamodulck to a synes/LoginMchroanagerParenous ment.jsm, lssaine 1ge f36: oTypeErrorr: gReci:peManager is null
" "http://localhost:8081"
console.warn: LoginRecipes: "getRecipes: falling back to a synchronJavoauSsc rmiepsts aegrer ofro:r :r"e s"ohutrtcpe::////lgocalhost:8081"
re/modules/LoginManagerParent.jsm, line 136: TypeError: gRecipeManager is null
console.warn: LoginRecipes: "getJRecipes: falling back to a synchronous message for:" "httpa:v/a/Slcorciaplth osetr:r8o0r8:1 "re
source://gre/modules/LoginManagerParent.jsm, line 136: TypeError: gRecipeManager is null
console.warn: LoginRecipes: "getRecipes: falling back to a synchronous message for:" "http://localhost:8081"
JavaScript error: resource://gre/modules/LoginManagerParent.jsm, line 136: TypeError: gRecipeManager is null
console.warn: LoginRecipes: "getRecipes: falling back to a synchronous message for:" "http://localhoJavaScript erst:8081"
ror: resource://gre/modules/LoginManagerParent.jsm, line 136: TypeError: gRecipeManager is null
console.warn: LoginRecipes: "getRecipes: falling back to a synchronous message for:" "http://localhost:8081"
JavaScript error: resource://gre/modules/LoginManagerParent.jsm, line 136: TypeError: gRecipeManager is null
console.warn: LoginRecipes: "getRecipes: falling back to a synchronouJavaScript error: resource://gre/modules/LoginManagerParent.jsm, lines  1m3e6: TsyspaegEe for:" "htrror: gRetp://localhost:8081"
cipeManager is null
console.warn: LoginRecipes: "geJavaScriptRecipes: falling back tot  ae rsynchronous message for:" "http://localhost:8081"
ror: resource://gre/modules/LoginManagerParent.jsm, line 136: TypeError: gRecipeManager is null
console.warn: LoginRecipes: "getRecipes: falling back to JavaScript error: resource://gre/modules/LoginManagerParent.jsm, line 136: TypeError: gRecipeManager is null
a synchronous message for:" "http://localhost:8081"
console.warn: LoginRecipes: "getRecipes: falling back to a synchronous message for:" "http://localhost:8081"
JavaScript error: resource://gre/modules/LoginManagerParent.jsm, line 136: TypeError: gRecipeManager is null
console.warn: LoginRecipes: "getRecipes:JavaScript  ferror: resource://gralling back to a synchronous message for:" "http://localhost:e8081"
/modules/LoginManagerParent.jsm, line 136: TypeError: gRecipeManager is null
console.warn: LoginRecipes: "getRecipes: falling back to a synchronous message fJoarvaScript error: :r"e "http://localhost:8081"
source://gre/modules/LoginManagerParent.jsm, line 136: TypeError: gRecipeManager is null
console.warn: LoginRecipes: "getRecipes: fJavaScript error: resource://gre/modules/LoginManagerParent.jsm, linalling backe 136: TypeError: gRecipeMa nager is null
to a synchronous message for:" "http://localhost:8081"
console.warn: LoginRecipes: "getRecipes: falling back to a synchronous message for:" "JavaShctrtipp:t/ /elrorcoar: resource://gre/modules/Llohost:8081"
ginManagerParent.jsm, line 136: TypeError: gRecipeManager is null
console.warn: LoginRecipes: "getRecipes: falling bJavaScript erroack to a syncr: resource://gre/modulehs/Logronous message for:" "http://localhost:8081"
inManagerParent.jsm, line 136: TypeError: gRecipeManager is null
console.warn: LoginRecipes: "getRecipes: falling back to a synchronous message for:" "http://localhost:8081"
JavaScript error: resource://gre/modules/LoginManagerParent.jsm, line 136: TypeError: gRecipeManager is null
console.warn: LoginRecipes: "getRecJavaScript erirpoers: falling:  brack to a synchronous message for:" "http://localhost:8081"
esource://gre/modules/LoginManagerParent.jsm, line 136: TypeError: gRecipeManager is null
console.warn: LoginRecipes: "getRecipes: falling back to a synchronous messageJavaScript e rror:for:"  resource:/"http://loca/gre/modulelhost:8081"s/Log
inManagerParent.jsm, line 136: TypeError: gRecipeManager is null
console.warn: LoginRecipes: "getRecipes: falling baJcak to a synchronvaScript error: resourceo:u/s/ gmre/modules/Loessage for:" ginManagerPar"ehnttp://localhost:80t.jsm, line 136: TypeErro81"
r: gRecipeManager is null
console.warn: LoginRecipes: "getRecipes: falling back to a synchronous message for:" "http://localhost:8081"
JavaScript error: resource://gre/modules/LoginManagerParent.jsm, line 136: TypeError: gRecipeManager is null
console.warn: LoginRecipes: "getRecipes:JavaScr falling back to a synchronous messipt errorage f:o rr:" "http://localesource://gre/modules/LoginManagheorsPta:r8e0n8t.js1m, line 136: TypeError:" gRecipeMan
ager is null
console.warn: LoginRecipes: "getRecipes: falling back to a synchronous message for:" "http://localhost:8081"
JavaScript error: resource://gre/modules/LoginManagerParent.jsm, line 136: TypeError: gRecipeManager is null
console.warn: LoginRecipes: "getRecipes: fallJavaScript eing back trror:o a s ynchronous message resource://grfeor:/modules/Log" "http://localhoinManagerParent.jst:8081"
sm, line 136: TypeError: gRecipeManager is null
console.warn: LoginRecipes: "getRecipes: falling back to a synchronous mJeavaScript error: resource://gre/modules/LoginManagerParent.jsm, line 136: TypeError: gRecipeManager is null
ssage for:" "http://localhost:8081"
console.warn: LoginRecipes: "getRecipeJavaScript error:s: falling back to a synch resouronous message for:" "http://localhrocst:8081"
e://gre/modules/LoginManagerParent.jsm, line 136: TypeError: gRecipeManager is null
console.warn: LoginRecipes: "getRecipes: falling back to a synchronous message for:" "JavaScript error: resource://gre/modules/LoginManagerParent.jsm, line 136: TypeError: gRecipeManager is null
http://localhost:8081"
console.warn: LoginRecipes: J"agveaScript error: resource://gre/modules/LoginManagteRrePcairent.jsm, lpine 136: TypeError: gRecipeManager eis null
s: falling back to a synchronous message for:" "http://localhost:8081"
console.warn: LoginRecipes: "getRecipes: falling back to a synchronoJuavaScript error: resource://gre/modules/LoginManagerParent.jssm, l message for:" "http://localhost:8081"
ine 136: TypeError: gRecipeManager is null
console.warn: LoginRecipes: "getRecipes: fallinJg back tavaSco a syript error: resource://gre/modules/LoginManagerParennt.jsm, lichronous messne 136: TypeEage for:rror: gReci" "httppeManager is null
://localhost:8081"
console.warn: LoginRecipes: "getRecipes: falling back to a synchronous message forJavaScrip:t" e "hrrottpr: ://reslocouralhcost:8081"
e://gre/modules/LoginManagerParent.jsm, line 136: TypeError: gRecipeManager is null
console.warn: LoginRecipes: "getRecipes: falling back to a synchronous message for:" "http://localhost:8081"
JavaScript error: resource://gre/modules/LoginManagerParent.jsm, line 136: TypeError: gRecipeManager is null
console.warn: LoginRecipes: "getRecipes: falling back to a synchronouJavasS cript error: resource://gre/message for:" "http://localhost:8081"
modules/LoginManagerParent.jsm, line 136: TypeError: gRecipeManager is null
console.warn: LoginRecipes: "getRecipes: falling back to a synchronous message for:" "http://localhJoast:8081"
vaScript error: resource://gre/modules/LoginManagerParent.jsm, line 136: TypeError: gRecipeManager is null
console.warn: LoginRecipes: "getRecipes: falling back to a synchronous messaJavaScript error: resource://ge for:" "http://localhost:8081"
gre/modules/LoginManagerParent.jsm, line 136: TypeError: gRecipeManager is null
console.warn: LoginRecipes: "getRecipes: falling back to a synchronous message for:" "http://localhost:8081"
JavaScript error: resource://gre/modules/LoginManagerParent.jsm, line 136: TypeError: gRecipeManager is null
console.warn: LoginRecipes: "getRecipes: falling backJavaScrip t error: resource:/t/greo a synchronou/smodules/LoginManagerParent.jsm, line 136: TypeError: gRecipeManager is null
 message for:" "http://localhost:8081"
console.warn: LoginRecipes: "getRecipes: falling backJavaScript e rror: resource://gre/modules/Logito a synchronous nManagerParent.jsm, mlessage for:" "http://localhost:8081"
ine 136: TypeError: gRecipeManager is null
console.warn: LoginRecipes: "getRecipes: falling back to a synchronous message for:" "http://localhost:8081"JavaScript error: resource
://gre/modules/LoginManagerParent.jsm, line 136: TypeError: gRecipeManager is null
console.warn: LoginRecipes: "JavagetRSecipes: falling back to a synchronous message for:" "http://lcocalhostr:ipt err8or: resource://gre/module081"
s/LoginManagerParent.jsm, line 136: TypeError: gRecipeManager is null
console.warn: LoginRecipes: "getRecipes: falling back to a synchJavaScript error: resource://gre/modules/LoginManagerParent.jsm, line 136: TypeError: gRecipeManager is null
ronous message for:" "http://localhost:8081"
console.warn: LoginRecipes: "getRecipes: falling back to a synchronJoauvaScript ersr message for:" "http://localhost:8081"
or: resource://gre/modules/LoginManagerParent.jsm, line 136: TypeError: gRecipeManager is null
console.warn: LoginRecipes: "getRecipes: falling back to a synchronous JavaScript error: resource://gre/modules/LoginManagerParent.jsm, line 136: TypeError: gRecipeManager is null
message for:" "http://localhost:8081"
console.warn: LoginRecipes: "getRecipes: falling back toJ a synchronous mavaScript essage for:error: reso" "http://localhost:8081"
urce://gre/modules/LoginManagerParent.jsm, line 136: TypeError: gRecipeManager is null
console.warn: LoginRecipes: "getRecipes: fallJavaSicng back to a synchronous message for:" "http://localhost:8081"
ript error: resource://gre/modules/LoginManagerParent.jsm, line 136: TypeError: gRecipeManager is null
console.warn: LoginRecipes: "getRecipes: falling back to a synchronous message for:" "http:/J/avaScript lerror: resource:/o/cgre/modules/Loalhost:808ginManagerParent.jsm, line 136: TypeError: gRecipeManager is null
1"
