2022-03-14 20:50:57.183 INFO  [acme.Launcher@main] Starting Launcher using Java 1.8.0_281 on LAPTOP-5US8DIIJ with PID 408 (C:\Users\Papa\Desktop\Workspace-22.0\Workspace-22.0\Frameworks\Acme-Framework-22.1\target\classes started by Papa in C:\Users\Papa\Desktop\Workspace-22.0\Workspace-22.0\Projects\Acme-Toolkits) 
2022-03-14 20:50:57.187 DEBUG [acme.Launcher@main] Running with Spring Boot v2.4.2, Spring v5.3.3 
2022-03-14 20:50:57.190 INFO  [acme.Launcher@main] The following profiles are active: development,populator 
2022-03-14 20:51:10.100 DEBUG [org.apache.jasper.servlet.JasperInitializer@main] Initializing Jasper for context [application] 
2022-03-14 20:51:29.167 DEBUG [org.apache.jasper.servlet.JspServlet@main] Scratch dir for the JSP engine is: [C:\Users\Papa\AppData\Local\Temp\tomcat.8083.2187686569029608306\work\Tomcat\localhost\acme-toolkits-22.1] 
2022-03-14 20:51:29.175 DEBUG [org.apache.jasper.servlet.JspServlet@main] IMPORTANT: Do not modify the generated servlets 
2022-03-14 20:51:29.648 INFO  [acme.Launcher@main] Started Launcher in 35.233 seconds (JVM running for 37.275) 
2022-03-14 20:51:29.657 DEBUG [acme.Launcher@main] Found classpath entry '/C:/Users/Papa/Desktop/Workspace-22.0/Workspace-22.0/Projects/Acme-Toolkits/target/classes/' 
2022-03-14 20:51:29.657 DEBUG [acme.Launcher@main] Found classpath entry '/C:/Users/Papa/Desktop/Workspace-22.0/Workspace-22.0/Projects/Acme-Toolkits/target/test-classes/' 
2022-03-14 20:51:29.658 DEBUG [acme.Launcher@main] Found classpath entry '/C:/Users/Papa/.m2/repository/org/springframework/boot/spring-boot-starter-tomcat/2.4.2/spring-boot-starter-tomcat-2.4.2.jar' 
2022-03-14 20:51:29.659 DEBUG [acme.Launcher@main] Found classpath entry '/C:/Users/Papa/.m2/repository/jakarta/annotation/jakarta.annotation-api/1.3.5/jakarta.annotation-api-1.3.5.jar' 
2022-03-14 20:51:29.660 DEBUG [acme.Launcher@main] Found classpath entry '/C:/Users/Papa/.m2/repository/org/apache/tomcat/embed/tomcat-embed-core/9.0.41/tomcat-embed-core-9.0.41.jar' 
2022-03-14 20:51:29.664 DEBUG [acme.Launcher@main] Found classpath entry '/C:/Users/Papa/.m2/repository/org/glassfish/jakarta.el/3.0.3/jakarta.el-3.0.3.jar' 
2022-03-14 20:51:29.665 DEBUG [acme.Launcher@main] Found classpath entry '/C:/Users/Papa/.m2/repository/org/apache/tomcat/embed/tomcat-embed-websocket/9.0.41/tomcat-embed-websocket-9.0.41.jar' 
2022-03-14 20:51:29.665 DEBUG [acme.Launcher@main] Found classpath entry '/C:/Users/Papa/.m2/repository/org/apache/tomcat/embed/tomcat-embed-jasper/9.0.41/tomcat-embed-jasper-9.0.41.jar' 
2022-03-14 20:51:29.665 DEBUG [acme.Launcher@main] Found classpath entry '/C:/Users/Papa/.m2/repository/org/apache/tomcat/embed/tomcat-embed-el/9.0.41/tomcat-embed-el-9.0.41.jar' 
2022-03-14 20:51:29.666 DEBUG [acme.Launcher@main] Found classpath entry '/C:/Users/Papa/.m2/repository/org/eclipse/jdt/ecj/3.18.0/ecj-3.18.0.jar' 
2022-03-14 20:51:29.666 DEBUG [acme.Launcher@main] Found classpath entry '/C:/Users/Papa/.m2/repository/javax/servlet/jstl/1.2/jstl-1.2.jar' 
2022-03-14 20:51:29.666 DEBUG [acme.Launcher@main] Found classpath entry '/C:/Users/Papa/.m2/repository/org/springframework/boot/spring-boot-starter-test/2.4.2/spring-boot-starter-test-2.4.2.jar' 
2022-03-14 20:51:29.666 DEBUG [acme.Launcher@main] Found classpath entry '/C:/Users/Papa/.m2/repository/org/springframework/boot/spring-boot-starter/2.4.2/spring-boot-starter-2.4.2.jar' 
2022-03-14 20:51:29.667 DEBUG [acme.Launcher@main] Found classpath entry '/C:/Users/Papa/.m2/repository/org/springframework/boot/spring-boot/2.4.2/spring-boot-2.4.2.jar' 
2022-03-14 20:51:29.667 DEBUG [acme.Launcher@main] Found classpath entry '/C:/Users/Papa/.m2/repository/org/springframework/boot/spring-boot-autoconfigure/2.4.2/spring-boot-autoconfigure-2.4.2.jar' 
2022-03-14 20:51:29.667 DEBUG [acme.Launcher@main] Found classpath entry '/C:/Users/Papa/.m2/repository/org/springframework/boot/spring-boot-starter-logging/2.4.2/spring-boot-starter-logging-2.4.2.jar' 
2022-03-14 20:51:29.668 DEBUG [acme.Launcher@main] Found classpath entry '/C:/Users/Papa/.m2/repository/ch/qos/logback/logback-classic/1.2.3/logback-classic-1.2.3.jar' 
2022-03-14 20:51:29.668 DEBUG [acme.Launcher@main] Found classpath entry '/C:/Users/Papa/.m2/repository/ch/qos/logback/logback-core/1.2.3/logback-core-1.2.3.jar' 
2022-03-14 20:51:29.669 DEBUG [acme.Launcher@main] Found classpath entry '/C:/Users/Papa/.m2/repository/org/apache/logging/log4j/log4j-to-slf4j/2.13.3/log4j-to-slf4j-2.13.3.jar' 
2022-03-14 20:51:29.669 DEBUG [acme.Launcher@main] Found classpath entry '/C:/Users/Papa/.m2/repository/org/apache/logging/log4j/log4j-api/2.13.3/log4j-api-2.13.3.jar' 
2022-03-14 20:51:29.670 DEBUG [acme.Launcher@main] Found classpath entry '/C:/Users/Papa/.m2/repository/org/slf4j/jul-to-slf4j/1.7.30/jul-to-slf4j-1.7.30.jar' 
2022-03-14 20:51:29.670 DEBUG [acme.Launcher@main] Found classpath entry '/C:/Users/Papa/.m2/repository/org/yaml/snakeyaml/1.27/snakeyaml-1.27.jar' 
2022-03-14 20:51:29.670 DEBUG [acme.Launcher@main] Found classpath entry '/C:/Users/Papa/.m2/repository/org/springframework/boot/spring-boot-test/2.4.2/spring-boot-test-2.4.2.jar' 
2022-03-14 20:51:29.675 DEBUG [acme.Launcher@main] Found classpath entry '/C:/Users/Papa/.m2/repository/org/springframework/boot/spring-boot-test-autoconfigure/2.4.2/spring-boot-test-autoconfigure-2.4.2.jar' 
2022-03-14 20:51:29.675 DEBUG [acme.Launcher@main] Found classpath entry '/C:/Users/Papa/.m2/repository/com/jayway/jsonpath/json-path/2.4.0/json-path-2.4.0.jar' 
2022-03-14 20:51:29.677 DEBUG [acme.Launcher@main] Found classpath entry '/C:/Users/Papa/.m2/repository/net/minidev/json-smart/2.3/json-smart-2.3.jar' 
2022-03-14 20:51:29.677 DEBUG [acme.Launcher@main] Found classpath entry '/C:/Users/Papa/.m2/repository/net/minidev/accessors-smart/1.2/accessors-smart-1.2.jar' 
2022-03-14 20:51:29.679 DEBUG [acme.Launcher@main] Found classpath entry '/C:/Users/Papa/.m2/repository/org/ow2/asm/asm/5.0.4/asm-5.0.4.jar' 
2022-03-14 20:51:29.679 DEBUG [acme.Launcher@main] Found classpath entry '/C:/Users/Papa/.m2/repository/jakarta/xml/bind/jakarta.xml.bind-api/2.3.3/jakarta.xml.bind-api-2.3.3.jar' 
2022-03-14 20:51:29.679 DEBUG [acme.Launcher@main] Found classpath entry '/C:/Users/Papa/.m2/repository/jakarta/activation/jakarta.activation-api/1.2.2/jakarta.activation-api-1.2.2.jar' 
2022-03-14 20:51:29.679 DEBUG [acme.Launcher@main] Found classpath entry '/C:/Users/Papa/.m2/repository/org/assertj/assertj-core/3.18.1/assertj-core-3.18.1.jar' 
2022-03-14 20:51:29.680 DEBUG [acme.Launcher@main] Found classpath entry '/C:/Users/Papa/.m2/repository/org/hamcrest/hamcrest/2.2/hamcrest-2.2.jar' 
2022-03-14 20:51:29.680 DEBUG [acme.Launcher@main] Found classpath entry '/C:/Users/Papa/.m2/repository/org/junit/jupiter/junit-jupiter/5.7.0/junit-jupiter-5.7.0.jar' 
2022-03-14 20:51:29.680 DEBUG [acme.Launcher@main] Found classpath entry '/C:/Users/Papa/.m2/repository/org/mockito/mockito-core/3.6.28/mockito-core-3.6.28.jar' 
2022-03-14 20:51:29.681 DEBUG [acme.Launcher@main] Found classpath entry '/C:/Users/Papa/.m2/repository/net/bytebuddy/byte-buddy-agent/1.10.19/byte-buddy-agent-1.10.19.jar' 
2022-03-14 20:51:29.681 DEBUG [acme.Launcher@main] Found classpath entry '/C:/Users/Papa/.m2/repository/org/objenesis/objenesis/3.1/objenesis-3.1.jar' 
2022-03-14 20:51:29.681 DEBUG [acme.Launcher@main] Found classpath entry '/C:/Users/Papa/.m2/repository/org/mockito/mockito-junit-jupiter/3.6.28/mockito-junit-jupiter-3.6.28.jar' 
2022-03-14 20:51:29.682 DEBUG [acme.Launcher@main] Found classpath entry '/C:/Users/Papa/.m2/repository/org/skyscreamer/jsonassert/1.5.0/jsonassert-1.5.0.jar' 
2022-03-14 20:51:29.682 DEBUG [acme.Launcher@main] Found classpath entry '/C:/Users/Papa/.m2/repository/com/vaadin/external/google/android-json/0.0.20131108.vaadin1/android-json-0.0.20131108.vaadin1.jar' 
2022-03-14 20:51:29.682 DEBUG [acme.Launcher@main] Found classpath entry '/C:/Users/Papa/.m2/repository/org/springframework/spring-core/5.3.3/spring-core-5.3.3.jar' 
2022-03-14 20:51:29.682 DEBUG [acme.Launcher@main] Found classpath entry '/C:/Users/Papa/.m2/repository/org/springframework/spring-jcl/5.3.3/spring-jcl-5.3.3.jar' 
2022-03-14 20:51:29.684 DEBUG [acme.Launcher@main] Found classpath entry '/C:/Users/Papa/.m2/repository/org/springframework/spring-test/5.3.3/spring-test-5.3.3.jar' 
2022-03-14 20:51:29.684 DEBUG [acme.Launcher@main] Found classpath entry '/C:/Users/Papa/.m2/repository/org/xmlunit/xmlunit-core/2.7.0/xmlunit-core-2.7.0.jar' 
2022-03-14 20:51:29.684 DEBUG [acme.Launcher@main] Found classpath entry '/C:/Users/Papa/.m2/repository/org/springframework/boot/spring-boot-starter-security/2.4.2/spring-boot-starter-security-2.4.2.jar' 
2022-03-14 20:51:29.684 DEBUG [acme.Launcher@main] Found classpath entry '/C:/Users/Papa/.m2/repository/org/springframework/spring-aop/5.3.3/spring-aop-5.3.3.jar' 
2022-03-14 20:51:29.711 DEBUG [acme.Launcher@main] Found classpath entry '/C:/Users/Papa/.m2/repository/org/springframework/security/spring-security-web/5.4.2/spring-security-web-5.4.2.jar' 
2022-03-14 20:51:29.711 DEBUG [acme.Launcher@main] Found classpath entry '/C:/Users/Papa/.m2/repository/org/springframework/security/spring-security-core/5.4.2/spring-security-core-5.4.2.jar' 
2022-03-14 20:51:29.712 DEBUG [acme.Launcher@main] Found classpath entry '/C:/Users/Papa/.m2/repository/org/springframework/spring-beans/5.3.3/spring-beans-5.3.3.jar' 
2022-03-14 20:51:29.715 DEBUG [acme.Launcher@main] Found classpath entry '/C:/Users/Papa/.m2/repository/org/springframework/spring-context/5.3.3/spring-context-5.3.3.jar' 
2022-03-14 20:51:29.716 DEBUG [acme.Launcher@main] Found classpath entry '/C:/Users/Papa/.m2/repository/org/springframework/spring-expression/5.3.3/spring-expression-5.3.3.jar' 
2022-03-14 20:51:29.717 DEBUG [acme.Launcher@main] Found classpath entry '/C:/Users/Papa/.m2/repository/org/springframework/spring-web/5.3.3/spring-web-5.3.3.jar' 
2022-03-14 20:51:29.717 DEBUG [acme.Launcher@main] Found classpath entry '/C:/Users/Papa/.m2/repository/org/springframework/security/spring-security-config/5.4.2/spring-security-config-5.4.2.jar' 
2022-03-14 20:51:29.717 DEBUG [acme.Launcher@main] Found classpath entry '/C:/Users/Papa/.m2/repository/org/springframework/security/spring-security-taglibs/5.4.2/spring-security-taglibs-5.4.2.jar' 
2022-03-14 20:51:29.718 DEBUG [acme.Launcher@main] Found classpath entry '/C:/Users/Papa/.m2/repository/org/springframework/security/spring-security-acl/5.4.2/spring-security-acl-5.4.2.jar' 
2022-03-14 20:51:29.719 DEBUG [acme.Launcher@main] Found classpath entry '/C:/Users/Papa/.m2/repository/org/springframework/spring-jdbc/5.3.3/spring-jdbc-5.3.3.jar' 
2022-03-14 20:51:29.719 DEBUG [acme.Launcher@main] Found classpath entry '/C:/Users/Papa/.m2/repository/org/springframework/spring-tx/5.3.3/spring-tx-5.3.3.jar' 
2022-03-14 20:51:29.719 DEBUG [acme.Launcher@main] Found classpath entry '/C:/Users/Papa/.m2/repository/org/springframework/boot/spring-boot-starter-web/2.4.2/spring-boot-starter-web-2.4.2.jar' 
2022-03-14 20:51:29.720 DEBUG [acme.Launcher@main] Found classpath entry '/C:/Users/Papa/.m2/repository/org/springframework/boot/spring-boot-starter-json/2.4.2/spring-boot-starter-json-2.4.2.jar' 
2022-03-14 20:51:29.720 DEBUG [acme.Launcher@main] Found classpath entry '/C:/Users/Papa/.m2/repository/com/fasterxml/jackson/core/jackson-databind/2.11.4/jackson-databind-2.11.4.jar' 
2022-03-14 20:51:29.720 DEBUG [acme.Launcher@main] Found classpath entry '/C:/Users/Papa/.m2/repository/com/fasterxml/jackson/core/jackson-annotations/2.11.4/jackson-annotations-2.11.4.jar' 
2022-03-14 20:51:29.720 DEBUG [acme.Launcher@main] Found classpath entry '/C:/Users/Papa/.m2/repository/com/fasterxml/jackson/core/jackson-core/2.11.4/jackson-core-2.11.4.jar' 
2022-03-14 20:51:29.721 DEBUG [acme.Launcher@main] Found classpath entry '/C:/Users/Papa/.m2/repository/com/fasterxml/jackson/datatype/jackson-datatype-jdk8/2.11.4/jackson-datatype-jdk8-2.11.4.jar' 
2022-03-14 20:51:29.721 DEBUG [acme.Launcher@main] Found classpath entry '/C:/Users/Papa/.m2/repository/com/fasterxml/jackson/datatype/jackson-datatype-jsr310/2.11.4/jackson-datatype-jsr310-2.11.4.jar' 
2022-03-14 20:51:29.721 DEBUG [acme.Launcher@main] Found classpath entry '/C:/Users/Papa/.m2/repository/com/fasterxml/jackson/module/jackson-module-parameter-names/2.11.4/jackson-module-parameter-names-2.11.4.jar' 
2022-03-14 20:51:29.721 DEBUG [acme.Launcher@main] Found classpath entry '/C:/Users/Papa/.m2/repository/org/springframework/spring-webmvc/5.3.3/spring-webmvc-5.3.3.jar' 
2022-03-14 20:51:29.722 DEBUG [acme.Launcher@main] Found classpath entry '/C:/Users/Papa/.m2/repository/org/apache/tiles/tiles-jsp/3.0.8/tiles-jsp-3.0.8.jar' 
2022-03-14 20:51:29.722 DEBUG [acme.Launcher@main] Found classpath entry '/C:/Users/Papa/.m2/repository/org/apache/tiles/tiles-servlet/3.0.8/tiles-servlet-3.0.8.jar' 
2022-03-14 20:51:29.723 DEBUG [acme.Launcher@main] Found classpath entry '/C:/Users/Papa/.m2/repository/org/apache/tiles/tiles-core/3.0.8/tiles-core-3.0.8.jar' 
2022-03-14 20:51:29.723 DEBUG [acme.Launcher@main] Found classpath entry '/C:/Users/Papa/.m2/repository/commons-digester/commons-digester/2.0/commons-digester-2.0.jar' 
2022-03-14 20:51:29.723 DEBUG [acme.Launcher@main] Found classpath entry '/C:/Users/Papa/.m2/repository/org/slf4j/jcl-over-slf4j/1.7.30/jcl-over-slf4j-1.7.30.jar' 
2022-03-14 20:51:29.725 DEBUG [acme.Launcher@main] Found classpath entry '/C:/Users/Papa/.m2/repository/org/apache/tiles/tiles-request-servlet/1.0.7/tiles-request-servlet-1.0.7.jar' 
2022-03-14 20:51:29.728 DEBUG [acme.Launcher@main] Found classpath entry '/C:/Users/Papa/.m2/repository/org/apache/tiles/tiles-template/3.0.8/tiles-template-3.0.8.jar' 
2022-03-14 20:51:29.728 DEBUG [acme.Launcher@main] Found classpath entry '/C:/Users/Papa/.m2/repository/org/apache/tiles/tiles-api/3.0.8/tiles-api-3.0.8.jar' 
2022-03-14 20:51:29.728 DEBUG [acme.Launcher@main] Found classpath entry '/C:/Users/Papa/.m2/repository/org/apache/tiles/tiles-autotag-core-runtime/1.2/tiles-autotag-core-runtime-1.2.jar' 
2022-03-14 20:51:29.729 DEBUG [acme.Launcher@main] Found classpath entry '/C:/Users/Papa/.m2/repository/org/slf4j/slf4j-api/1.7.30/slf4j-api-1.7.30.jar' 
2022-03-14 20:51:29.734 DEBUG [acme.Launcher@main] Found classpath entry '/C:/Users/Papa/.m2/repository/org/apache/tiles/tiles-request-jsp/1.0.7/tiles-request-jsp-1.0.7.jar' 
2022-03-14 20:51:29.734 DEBUG [acme.Launcher@main] Found classpath entry '/C:/Users/Papa/.m2/repository/org/apache/tiles/tiles-request-api/1.0.7/tiles-request-api-1.0.7.jar' 
2022-03-14 20:51:29.734 DEBUG [acme.Launcher@main] Found classpath entry '/C:/Users/Papa/.m2/repository/org/springframework/boot/spring-boot-starter-data-jpa/2.4.2/spring-boot-starter-data-jpa-2.4.2.jar' 
2022-03-14 20:51:29.734 DEBUG [acme.Launcher@main] Found classpath entry '/C:/Users/Papa/.m2/repository/org/springframework/boot/spring-boot-starter-aop/2.4.2/spring-boot-starter-aop-2.4.2.jar' 
2022-03-14 20:51:29.735 DEBUG [acme.Launcher@main] Found classpath entry '/C:/Users/Papa/.m2/repository/org/aspectj/aspectjweaver/1.9.6/aspectjweaver-1.9.6.jar' 
2022-03-14 20:51:29.735 DEBUG [acme.Launcher@main] Found classpath entry '/C:/Users/Papa/.m2/repository/org/springframework/boot/spring-boot-starter-jdbc/2.4.2/spring-boot-starter-jdbc-2.4.2.jar' 
2022-03-14 20:51:29.735 DEBUG [acme.Launcher@main] Found classpath entry '/C:/Users/Papa/.m2/repository/jakarta/transaction/jakarta.transaction-api/1.3.3/jakarta.transaction-api-1.3.3.jar' 
2022-03-14 20:51:29.735 DEBUG [acme.Launcher@main] Found classpath entry '/C:/Users/Papa/.m2/repository/jakarta/persistence/jakarta.persistence-api/2.2.3/jakarta.persistence-api-2.2.3.jar' 
2022-03-14 20:51:29.736 DEBUG [acme.Launcher@main] Found classpath entry '/C:/Users/Papa/.m2/repository/org/hibernate/hibernate-core/5.4.27.Final/hibernate-core-5.4.27.Final.jar' 
2022-03-14 20:51:29.736 DEBUG [acme.Launcher@main] Found classpath entry '/C:/Users/Papa/.m2/repository/org/jboss/logging/jboss-logging/3.4.1.Final/jboss-logging-3.4.1.Final.jar' 
2022-03-14 20:51:29.736 DEBUG [acme.Launcher@main] Found classpath entry '/C:/Users/Papa/.m2/repository/org/javassist/javassist/3.27.0-GA/javassist-3.27.0-GA.jar' 
2022-03-14 20:51:29.737 DEBUG [acme.Launcher@main] Found classpath entry '/C:/Users/Papa/.m2/repository/antlr/antlr/2.7.7/antlr-2.7.7.jar' 
2022-03-14 20:51:29.738 DEBUG [acme.Launcher@main] Found classpath entry '/C:/Users/Papa/.m2/repository/org/jboss/jandex/2.1.3.Final/jandex-2.1.3.Final.jar' 
2022-03-14 20:51:29.740 DEBUG [acme.Launcher@main] Found classpath entry '/C:/Users/Papa/.m2/repository/com/fasterxml/classmate/1.5.1/classmate-1.5.1.jar' 
2022-03-14 20:51:29.740 DEBUG [acme.Launcher@main] Found classpath entry '/C:/Users/Papa/.m2/repository/org/dom4j/dom4j/2.1.3/dom4j-2.1.3.jar' 
2022-03-14 20:51:29.740 DEBUG [acme.Launcher@main] Found classpath entry '/C:/Users/Papa/.m2/repository/org/hibernate/common/hibernate-commons-annotations/5.1.2.Final/hibernate-commons-annotations-5.1.2.Final.jar' 
2022-03-14 20:51:29.741 DEBUG [acme.Launcher@main] Found classpath entry '/C:/Users/Papa/.m2/repository/org/glassfish/jaxb/jaxb-runtime/2.3.3/jaxb-runtime-2.3.3.jar' 
2022-03-14 20:51:29.741 DEBUG [acme.Launcher@main] Found classpath entry '/C:/Users/Papa/.m2/repository/org/glassfish/jaxb/txw2/2.3.3/txw2-2.3.3.jar' 
2022-03-14 20:51:29.741 DEBUG [acme.Launcher@main] Found classpath entry '/C:/Users/Papa/.m2/repository/com/sun/istack/istack-commons-runtime/3.0.11/istack-commons-runtime-3.0.11.jar' 
2022-03-14 20:51:29.741 DEBUG [acme.Launcher@main] Found classpath entry '/C:/Users/Papa/.m2/repository/com/sun/activation/jakarta.activation/1.2.2/jakarta.activation-1.2.2.jar' 
2022-03-14 20:51:29.742 DEBUG [acme.Launcher@main] Found classpath entry '/C:/Users/Papa/.m2/repository/org/springframework/data/spring-data-jpa/2.4.3/spring-data-jpa-2.4.3.jar' 
2022-03-14 20:51:29.743 DEBUG [acme.Launcher@main] Found classpath entry '/C:/Users/Papa/.m2/repository/org/springframework/data/spring-data-commons/2.4.3/spring-data-commons-2.4.3.jar' 
2022-03-14 20:51:29.744 DEBUG [acme.Launcher@main] Found classpath entry '/C:/Users/Papa/.m2/repository/org/springframework/spring-orm/5.3.3/spring-orm-5.3.3.jar' 
2022-03-14 20:51:29.745 DEBUG [acme.Launcher@main] Found classpath entry '/C:/Users/Papa/.m2/repository/org/springframework/spring-aspects/5.3.3/spring-aspects-5.3.3.jar' 
2022-03-14 20:51:29.746 DEBUG [acme.Launcher@main] Found classpath entry '/C:/Users/Papa/.m2/repository/org/springframework/boot/spring-boot-starter-validation/2.4.2/spring-boot-starter-validation-2.4.2.jar' 
2022-03-14 20:51:29.746 DEBUG [acme.Launcher@main] Found classpath entry '/C:/Users/Papa/.m2/repository/org/hibernate/validator/hibernate-validator/6.1.7.Final/hibernate-validator-6.1.7.Final.jar' 
2022-03-14 20:51:29.746 DEBUG [acme.Launcher@main] Found classpath entry '/C:/Users/Papa/.m2/repository/jakarta/validation/jakarta.validation-api/2.0.2/jakarta.validation-api-2.0.2.jar' 
2022-03-14 20:51:29.746 DEBUG [acme.Launcher@main] Found classpath entry '/C:/Users/Papa/.m2/repository/mysql/mysql-connector-java/8.0.22/mysql-connector-java-8.0.22.jar' 
2022-03-14 20:51:29.747 DEBUG [acme.Launcher@main] Found classpath entry '/C:/Users/Papa/.m2/repository/com/zaxxer/HikariCP/3.4.5/HikariCP-3.4.5.jar' 
2022-03-14 20:51:29.747 DEBUG [acme.Launcher@main] Found classpath entry '/C:/Users/Papa/.m2/repository/org/junit/jupiter/junit-jupiter-engine/5.7.0/junit-jupiter-engine-5.7.0.jar' 
2022-03-14 20:51:29.747 DEBUG [acme.Launcher@main] Found classpath entry '/C:/Users/Papa/.m2/repository/org/apiguardian/apiguardian-api/1.1.0/apiguardian-api-1.1.0.jar' 
2022-03-14 20:51:29.750 DEBUG [acme.Launcher@main] Found classpath entry '/C:/Users/Papa/.m2/repository/org/junit/platform/junit-platform-engine/1.7.0/junit-platform-engine-1.7.0.jar' 
2022-03-14 20:51:29.750 DEBUG [acme.Launcher@main] Found classpath entry '/C:/Users/Papa/.m2/repository/org/junit/jupiter/junit-jupiter-api/5.7.0/junit-jupiter-api-5.7.0.jar' 
2022-03-14 20:51:29.751 DEBUG [acme.Launcher@main] Found classpath entry '/C:/Users/Papa/.m2/repository/org/opentest4j/opentest4j/1.2.0/opentest4j-1.2.0.jar' 
2022-03-14 20:51:29.753 DEBUG [acme.Launcher@main] Found classpath entry '/C:/Users/Papa/.m2/repository/org/junit/platform/junit-platform-commons/1.7.0/junit-platform-commons-1.7.0.jar' 
2022-03-14 20:51:29.754 DEBUG [acme.Launcher@main] Found classpath entry '/C:/Users/Papa/.m2/repository/org/junit/jupiter/junit-jupiter-params/5.7.0/junit-jupiter-params-5.7.0.jar' 
2022-03-14 20:51:29.755 DEBUG [acme.Launcher@main] Found classpath entry '/C:/Users/Papa/.m2/repository/org/junit/platform/junit-platform-launcher/1.7.0/junit-platform-launcher-1.7.0.jar' 
2022-03-14 20:51:29.755 DEBUG [acme.Launcher@main] Found classpath entry '/C:/Users/Papa/.m2/repository/org/seleniumhq/selenium/selenium-java/3.141.59/selenium-java-3.141.59.jar' 
2022-03-14 20:51:29.755 DEBUG [acme.Launcher@main] Found classpath entry '/C:/Users/Papa/.m2/repository/org/seleniumhq/selenium/selenium-api/3.141.59/selenium-api-3.141.59.jar' 
2022-03-14 20:51:29.755 DEBUG [acme.Launcher@main] Found classpath entry '/C:/Users/Papa/.m2/repository/org/seleniumhq/selenium/selenium-chrome-driver/3.141.59/selenium-chrome-driver-3.141.59.jar' 
2022-03-14 20:51:29.755 DEBUG [acme.Launcher@main] Found classpath entry '/C:/Users/Papa/.m2/repository/org/seleniumhq/selenium/selenium-edge-driver/3.141.59/selenium-edge-driver-3.141.59.jar' 
2022-03-14 20:51:29.756 DEBUG [acme.Launcher@main] Found classpath entry '/C:/Users/Papa/.m2/repository/org/seleniumhq/selenium/selenium-firefox-driver/3.141.59/selenium-firefox-driver-3.141.59.jar' 
2022-03-14 20:51:29.756 DEBUG [acme.Launcher@main] Found classpath entry '/C:/Users/Papa/.m2/repository/org/seleniumhq/selenium/selenium-ie-driver/3.141.59/selenium-ie-driver-3.141.59.jar' 
2022-03-14 20:51:29.756 DEBUG [acme.Launcher@main] Found classpath entry '/C:/Users/Papa/.m2/repository/org/seleniumhq/selenium/selenium-opera-driver/3.141.59/selenium-opera-driver-3.141.59.jar' 
2022-03-14 20:51:29.756 DEBUG [acme.Launcher@main] Found classpath entry '/C:/Users/Papa/.m2/repository/org/seleniumhq/selenium/selenium-remote-driver/3.141.59/selenium-remote-driver-3.141.59.jar' 
2022-03-14 20:51:29.757 DEBUG [acme.Launcher@main] Found classpath entry '/C:/Users/Papa/.m2/repository/org/seleniumhq/selenium/selenium-safari-driver/3.141.59/selenium-safari-driver-3.141.59.jar' 
2022-03-14 20:51:29.757 DEBUG [acme.Launcher@main] Found classpath entry '/C:/Users/Papa/.m2/repository/org/seleniumhq/selenium/selenium-support/3.141.59/selenium-support-3.141.59.jar' 
2022-03-14 20:51:29.757 DEBUG [acme.Launcher@main] Found classpath entry '/C:/Users/Papa/.m2/repository/net/bytebuddy/byte-buddy/1.10.19/byte-buddy-1.10.19.jar' 
2022-03-14 20:51:29.757 DEBUG [acme.Launcher@main] Found classpath entry '/C:/Users/Papa/.m2/repository/org/apache/commons/commons-exec/1.3/commons-exec-1.3.jar' 
2022-03-14 20:51:29.757 DEBUG [acme.Launcher@main] Found classpath entry '/C:/Users/Papa/.m2/repository/com/google/guava/guava/25.0-jre/guava-25.0-jre.jar' 
2022-03-14 20:51:29.760 DEBUG [acme.Launcher@main] Found classpath entry '/C:/Users/Papa/.m2/repository/com/google/code/findbugs/jsr305/1.3.9/jsr305-1.3.9.jar' 
2022-03-14 20:51:29.760 DEBUG [acme.Launcher@main] Found classpath entry '/C:/Users/Papa/.m2/repository/org/checkerframework/checker-compat-qual/2.0.0/checker-compat-qual-2.0.0.jar' 
2022-03-14 20:51:29.761 DEBUG [acme.Launcher@main] Found classpath entry '/C:/Users/Papa/.m2/repository/com/google/errorprone/error_prone_annotations/2.1.3/error_prone_annotations-2.1.3.jar' 
2022-03-14 20:51:29.761 DEBUG [acme.Launcher@main] Found classpath entry '/C:/Users/Papa/.m2/repository/com/google/j2objc/j2objc-annotations/1.1/j2objc-annotations-1.1.jar' 
2022-03-14 20:51:29.761 DEBUG [acme.Launcher@main] Found classpath entry '/C:/Users/Papa/.m2/repository/org/codehaus/mojo/animal-sniffer-annotations/1.14/animal-sniffer-annotations-1.14.jar' 
2022-03-14 20:51:29.766 DEBUG [acme.Launcher@main] Found classpath entry '/C:/Users/Papa/.m2/repository/com/squareup/okhttp3/okhttp/3.14.9/okhttp-3.14.9.jar' 
2022-03-14 20:51:29.767 DEBUG [acme.Launcher@main] Found classpath entry '/C:/Users/Papa/.m2/repository/com/squareup/okio/okio/1.14.0/okio-1.14.0.jar' 
2022-03-14 20:51:29.767 DEBUG [acme.Launcher@main] Found classpath entry '/C:/Users/Papa/.m2/repository/org/apache/commons/commons-lang3/3.11/commons-lang3-3.11.jar' 
2022-03-14 20:51:29.767 DEBUG [acme.Launcher@main] Found classpath entry '/C:/Users/Papa/.m2/repository/org/apache/commons/commons-text/1.8/commons-text-1.8.jar' 
2022-03-14 20:51:29.767 DEBUG [acme.Launcher@main] Found classpath entry '/C:/Users/Papa/.m2/repository/commons-io/commons-io/2.6/commons-io-2.6.jar' 
2022-03-14 20:51:29.768 DEBUG [acme.Launcher@main] Found classpath entry '/C:/Users/Papa/.m2/repository/commons-cli/commons-cli/1.4/commons-cli-1.4.jar' 
2022-03-14 20:51:29.768 DEBUG [acme.Launcher@main] Found classpath entry '/C:/Users/Papa/.m2/repository/org/projectlombok/lombok/1.18.16/lombok-1.18.16.jar' 
2022-03-14 20:51:29.769 DEBUG [acme.Launcher@main] Found classpath entry '/C:/Users/Papa/.m2/repository/com/opencsv/opencsv/5.4/opencsv-5.4.jar' 
2022-03-14 20:51:29.769 DEBUG [acme.Launcher@main] Found classpath entry '/C:/Users/Papa/.m2/repository/commons-beanutils/commons-beanutils/1.9.4/commons-beanutils-1.9.4.jar' 
2022-03-14 20:51:29.769 DEBUG [acme.Launcher@main] Found classpath entry '/C:/Users/Papa/.m2/repository/commons-logging/commons-logging/1.2/commons-logging-1.2.jar' 
2022-03-14 20:51:29.771 DEBUG [acme.Launcher@main] Found classpath entry '/C:/Users/Papa/.m2/repository/commons-collections/commons-collections/3.2.2/commons-collections-3.2.2.jar' 
2022-03-14 20:51:29.771 DEBUG [acme.Launcher@main] Found classpath entry '/C:/Users/Papa/.m2/repository/org/apache/commons/commons-collections4/4.4/commons-collections4-4.4.jar' 
2022-03-14 20:51:29.771 DEBUG [acme.Launcher@main] Found classpath entry '/C:/Users/Papa/Desktop/Workspace-22.0/Workspace-22.0/Frameworks/Acme-Framework-22.1/target/classes/' 
2022-03-14 20:51:29.771 DEBUG [acme.Launcher@main] Found classpath entry '/C:/Users/Papa/Desktop/Workspace-22.0/Workspace-22.0/Frameworks/Acme-Framework-22.1/target/test-classes/' 
2022-03-14 20:51:29.772 DEBUG [acme.Launcher@main] Found classpath entry '/C:/Users/Papa/Desktop/Workspace-22.0/Workspace-22.0/Tools/IDEs/eclipse-jee-2021-12-R/configuration/org.eclipse.osgi/418/0/.cp/lib/javaagent-shaded.jar' 
2022-03-14 20:51:30.682 DEBUG [acme.Launcher@main] Found entity class 'acme.entities.announcements.Annoucement 
2022-03-14 20:51:30.682 DEBUG [acme.Launcher@main] Found entity class 'acme.entities.chirp.Chirp 
2022-03-14 20:51:30.683 DEBUG [acme.Launcher@main] Found entity class 'acme.entities.patronage.Patronage 
2022-03-14 20:51:30.683 DEBUG [acme.Launcher@main] Found entity class 'acme.entities.patronagereport.PatronageReport 
2022-03-14 20:51:30.683 DEBUG [acme.Launcher@main] Found entity class 'acme.entities.tool_component.ToolComponent 
2022-03-14 20:51:30.684 DEBUG [acme.Launcher@main] Found entity class 'acme.entities.toolkit.Toolkit 
2022-03-14 20:51:30.684 DEBUG [acme.Launcher@main] Found entity class 'acme.roles.Consumer 
2022-03-14 20:51:30.685 DEBUG [acme.Launcher@main] Found entity class 'acme.roles.Inventor 
2022-03-14 20:51:30.685 DEBUG [acme.Launcher@main] Found entity class 'acme.roles.Patron 
2022-03-14 20:51:30.685 DEBUG [acme.Launcher@main] Found entity class 'acme.roles.Provider 
2022-03-14 20:51:30.686 DEBUG [acme.Launcher@main] Found entity class 'acme.framework.entities.UserAccount 
2022-03-14 20:51:30.686 DEBUG [acme.Launcher@main] Found entity class 'acme.framework.roles.Administrator 
2022-03-14 20:51:30.686 DEBUG [acme.Launcher@main] Found entity class 'acme.framework.roles.Anonymous 
2022-03-14 20:51:30.686 DEBUG [acme.Launcher@main] Found entity class 'acme.framework.roles.Authenticated 
2022-03-14 20:51:30.696 INFO  [acme.Launcher@main] Populating (initial data) 
2022-03-14 20:51:30.731 INFO  [acme.framework.components.database.DatabasePopulator@main] Building database schema 
2022-03-14 20:51:31.001 DEBUG [acme.framework.components.database.DatabaseUtil@main] Executing script. 
2022-03-14 20:51:31.002 DEBUG [acme.framework.components.database.DatabaseUtil@main] Starting new transaction. 
2022-03-14 20:51:31.024 DEBUG [acme.framework.components.database.DatabaseUtil@main] Executing command 'set transaction isolation level read uncommitted;'. 
2022-03-14 20:51:31.060 DEBUG [acme.framework.components.database.DatabaseUtil@main] Starting transaction '447105432'. 
2022-03-14 20:51:31.061 DEBUG [acme.framework.components.database.DatabaseUtil@main] Executing script command 'set foreign_key_checks=0'. 
2022-03-14 20:51:31.062 DEBUG [acme.framework.components.database.DatabaseUtil@main] Executing script command 'drop table if exists administrator'. 
2022-03-14 20:51:31.657 DEBUG [acme.framework.components.database.DatabaseUtil@main] Executing script command 'drop table if exists annoucement'. 
2022-03-14 20:51:32.255 DEBUG [acme.framework.components.database.DatabaseUtil@main] Executing script command 'drop table if exists anonymous'. 
2022-03-14 20:51:33.033 DEBUG [acme.framework.components.database.DatabaseUtil@main] Executing script command 'drop table if exists authenticated'. 
2022-03-14 20:51:33.586 DEBUG [acme.framework.components.database.DatabaseUtil@main] Executing script command 'drop table if exists chirp'. 
2022-03-14 20:51:34.385 DEBUG [acme.framework.components.database.DatabaseUtil@main] Executing script command 'drop table if exists consumer'. 
2022-03-14 20:51:34.993 DEBUG [acme.framework.components.database.DatabaseUtil@main] Executing script command 'drop table if exists hibernate_sequence'. 
2022-03-14 20:51:35.530 DEBUG [acme.framework.components.database.DatabaseUtil@main] Executing script command 'drop table if exists inventor'. 
2022-03-14 20:51:36.106 DEBUG [acme.framework.components.database.DatabaseUtil@main] Executing script command 'drop table if exists patron'. 
2022-03-14 20:51:36.725 DEBUG [acme.framework.components.database.DatabaseUtil@main] Executing script command 'drop table if exists patronage'. 
2022-03-14 20:51:37.290 DEBUG [acme.framework.components.database.DatabaseUtil@main] Executing script command 'drop table if exists patronage_report'. 
2022-03-14 20:51:37.813 DEBUG [acme.framework.components.database.DatabaseUtil@main] Executing script command 'drop table if exists provider'. 
2022-03-14 20:51:38.322 DEBUG [acme.framework.components.database.DatabaseUtil@main] Executing script command 'drop table if exists tool_component'. 
2022-03-14 20:51:39.005 DEBUG [acme.framework.components.database.DatabaseUtil@main] Executing script command 'drop table if exists toolkit'. 
2022-03-14 20:51:39.505 DEBUG [acme.framework.components.database.DatabaseUtil@main] Executing script command 'drop table if exists user_account'. 
2022-03-14 20:51:39.987 DEBUG [acme.framework.components.database.DatabaseUtil@main] Executing script command 'set foreign_key_checks=1'. 
2022-03-14 20:51:39.988 DEBUG [acme.framework.components.database.DatabaseUtil@main] Committing transaction '447105432'. 
2022-03-14 20:51:40.011 DEBUG [acme.framework.components.database.DatabaseUtil@main] Executing script. 
2022-03-14 20:51:40.011 DEBUG [acme.framework.components.database.DatabaseUtil@main] Starting new transaction. 
2022-03-14 20:51:40.012 DEBUG [acme.framework.components.database.DatabaseUtil@main] Executing command 'set transaction isolation level read uncommitted;'. 
2022-03-14 20:51:40.018 DEBUG [acme.framework.components.database.DatabaseUtil@main] Starting transaction '697106057'. 
2022-03-14 20:51:40.019 DEBUG [acme.framework.components.database.DatabaseUtil@main] Executing script command 'set foreign_key_checks=0'. 
2022-03-14 20:51:40.019 DEBUG [acme.framework.components.database.DatabaseUtil@main] Executing script command 'create table administrator (id integer not null, version integer not null, user_account_id integer, primary key (id)) engine=InnoDB'. 
2022-03-14 20:51:40.678 DEBUG [acme.framework.components.database.DatabaseUtil@main] Executing script command 'create table annoucement (id integer not null, version integer not null, body varchar(255), creation_moment datetime, critical_flag bit, link varchar(255), title varchar(255), primary key (id)) engine=InnoDB'. 
2022-03-14 20:51:41.208 DEBUG [acme.framework.components.database.DatabaseUtil@main] Executing script command 'create table anonymous (id integer not null, version integer not null, user_account_id integer, primary key (id)) engine=InnoDB'. 
2022-03-14 20:51:41.707 DEBUG [acme.framework.components.database.DatabaseUtil@main] Executing script command 'create table authenticated (id integer not null, version integer not null, user_account_id integer, primary key (id)) engine=InnoDB'. 
2022-03-14 20:51:42.168 DEBUG [acme.framework.components.database.DatabaseUtil@main] Executing script command 'create table chirp (id integer not null, version integer not null, author varchar(255), body varchar(255), creation_moment datetime, email varchar(255), title varchar(255), primary key (id)) engine=InnoDB'. 
2022-03-14 20:51:42.748 DEBUG [acme.framework.components.database.DatabaseUtil@main] Executing script command 'create table consumer (id integer not null, version integer not null, user_account_id integer, company varchar(255), sector varchar(255), primary key (id)) engine=InnoDB'. 
2022-03-14 20:51:43.374 DEBUG [acme.framework.components.database.DatabaseUtil@main] Executing script command 'create table hibernate_sequence (next_val bigint) engine=InnoDB'. 
2022-03-14 20:51:44.031 DEBUG [acme.framework.components.database.DatabaseUtil@main] Executing script command 'insert into hibernate_sequence values ( 1 )'. 
2022-03-14 20:51:44.036 DEBUG [acme.framework.components.database.DatabaseUtil@main] Executing script command 'create table inventor (id integer not null, version integer not null, user_account_id integer, company varchar(255), link varchar(255), statement varchar(255), primary key (id)) engine=InnoDB'. 
2022-03-14 20:51:44.861 DEBUG [acme.framework.components.database.DatabaseUtil@main] Executing script command 'create table patron (id integer not null, version integer not null, user_account_id integer, company varchar(255), link varchar(255), statement varchar(255), primary key (id)) engine=InnoDB'. 
2022-03-14 20:51:45.449 DEBUG [acme.framework.components.database.DatabaseUtil@main] Executing script command 'create table patronage (id integer not null, version integer not null, budget double precision, code varchar(255), end datetime, initial datetime, legal_stuff varchar(255), link varchar(255), status integer, primary key (id)) engine=InnoDB'. 
2022-03-14 20:51:46.013 DEBUG [acme.framework.components.database.DatabaseUtil@main] Executing script command 'create table patronage_report (id integer not null, version integer not null, automatic_sequence_number varchar(255), creation datetime, link varchar(255), memorandum varchar(255), patronage_id integer, primary key (id)) engine=InnoDB'. 
2022-03-14 20:51:46.578 DEBUG [acme.framework.components.database.DatabaseUtil@main] Executing script command 'create table provider (id integer not null, version integer not null, user_account_id integer, company varchar(255), sector varchar(255), primary key (id)) engine=InnoDB'. 
2022-03-14 20:51:47.097 DEBUG [acme.framework.components.database.DatabaseUtil@main] Executing script command 'create table tool_component (id integer not null, version integer not null, code varchar(255), description varchar(255), link varchar(255), name varchar(255), retail_price_amount double precision, retail_price_currency varchar(255), technology varchar(255), type_entity integer, primary key (id)) engine=InnoDB'. 
2022-03-14 20:51:47.983 DEBUG [acme.framework.components.database.DatabaseUtil@main] Executing script command 'create table toolkit (id integer not null, version integer not null, assemble_notes varchar(255), description varchar(255), link varchar(255), pattern varchar(255), tittle varchar(255), tool_component_id integer, primary key (id)) engine=InnoDB'. 
2022-03-14 20:51:48.614 DEBUG [acme.framework.components.database.DatabaseUtil@main] Executing script command 'create table user_account (id integer not null, version integer not null, enabled bit not null, identity blob, password varchar(255), username varchar(255), primary key (id)) engine=InnoDB'. 
2022-03-14 20:51:49.446 DEBUG [acme.framework.components.database.DatabaseUtil@main] Executing script command 'alter table patronage add constraint UK_7s289l63ihnn85qwyna5cqbfh unique (code)'. 
2022-03-14 20:51:50.408 DEBUG [acme.framework.components.database.DatabaseUtil@main] Executing script command 'alter table tool_component add constraint UK_1cqs8sd94tkx51k5eici7l5fv unique (code)'. 
2022-03-14 20:51:51.316 DEBUG [acme.framework.components.database.DatabaseUtil@main] Executing script command 'alter table toolkit add constraint UK_barudej1th3468ba3qll8crso unique (pattern)'. 
2022-03-14 20:51:52.264 DEBUG [acme.framework.components.database.DatabaseUtil@main] Executing script command 'alter table user_account add constraint UK_castjbvpeeus0r8lbpehiu0e4 unique (username)'. 
2022-03-14 20:51:53.386 DEBUG [acme.framework.components.database.DatabaseUtil@main] Executing script command 'alter table administrator add constraint FK_2a5vcjo3stlfcwadosjfq49l1 foreign key (user_account_id) references user_account (id)'. 
2022-03-14 20:51:54.267 DEBUG [acme.framework.components.database.DatabaseUtil@main] Executing script command 'alter table anonymous add constraint FK_6lnbc6fo3om54vugoh8icg78m foreign key (user_account_id) references user_account (id)'. 
2022-03-14 20:51:55.103 DEBUG [acme.framework.components.database.DatabaseUtil@main] Executing script command 'alter table authenticated add constraint FK_h52w0f3wjoi68b63wv9vwon57 foreign key (user_account_id) references user_account (id)'. 
2022-03-14 20:51:55.972 DEBUG [acme.framework.components.database.DatabaseUtil@main] Executing script command 'alter table consumer add constraint FK_6cyha9f1wpj0dpbxrrjddrqed foreign key (user_account_id) references user_account (id)'. 
2022-03-14 20:51:56.832 DEBUG [acme.framework.components.database.DatabaseUtil@main] Executing script command 'alter table inventor add constraint FK_2upmsx50p5pou2l4uy8trxor6 foreign key (user_account_id) references user_account (id)'. 
2022-03-14 20:51:57.655 DEBUG [acme.framework.components.database.DatabaseUtil@main] Executing script command 'alter table patron add constraint FK_8xx5nujhuio3advxc2freyu65 foreign key (user_account_id) references user_account (id)'. 
2022-03-14 20:51:58.898 DEBUG [acme.framework.components.database.DatabaseUtil@main] Executing script command 'alter table patronage_report add constraint FKli7rh2qb2q6bjix6b8o2dpt41 foreign key (patronage_id) references patronage (id)'. 
2022-03-14 20:51:59.662 DEBUG [acme.framework.components.database.DatabaseUtil@main] Executing script command 'alter table provider add constraint FK_b1gwnjqm6ggy9yuiqm0o4rlmd foreign key (user_account_id) references user_account (id)'. 
2022-03-14 20:52:00.404 DEBUG [acme.framework.components.database.DatabaseUtil@main] Executing script command 'alter table toolkit add constraint FKqh3mpe4lfa7874j4ev7rwh9mr foreign key (tool_component_id) references tool_component (id)'. 
2022-03-14 20:52:01.179 DEBUG [acme.framework.components.database.DatabaseUtil@main] Executing script command 'set foreign_key_checks=1'. 
2022-03-14 20:52:01.180 DEBUG [acme.framework.components.database.DatabaseUtil@main] Committing transaction '697106057'. 
2022-03-14 20:52:01.186 INFO  [acme.framework.components.database.DatabasePopulator@main] Reading entities from 'classpath:/WEB-INF/resources/initial-data' 
2022-03-14 20:52:01.198 DEBUG [acme.framework.components.database.Dataset@main] Reading dataset from 'C:\Users\Papa\Desktop\Workspace-22.0\Workspace-22.0\Projects\Acme-Toolkits\target\classes\WEB-INF\resources\initial-data\administrator.csv' 
2022-03-14 20:52:01.382 DEBUG [acme.framework.components.database.Dataset@main] Reading mapping '{key:user-account=user-account-administrator-01, key=administrator-01}' from 'C:\Users\Papa\Desktop\Workspace-22.0\Workspace-22.0\Projects\Acme-Toolkits\target\classes\WEB-INF\resources\initial-data\administrator.csv' 
2022-03-14 20:52:01.386 DEBUG [acme.framework.components.database.Dataset@main] Reading dataset from 'C:\Users\Papa\Desktop\Workspace-22.0\Workspace-22.0\Projects\Acme-Toolkits\target\classes\WEB-INF\resources\initial-data\anonymous.csv' 
2022-03-14 20:52:01.387 DEBUG [acme.framework.components.database.Dataset@main] Reading mapping '{key:user-account=user-account-anonymous-01, key=anonymous-01}' from 'C:\Users\Papa\Desktop\Workspace-22.0\Workspace-22.0\Projects\Acme-Toolkits\target\classes\WEB-INF\resources\initial-data\anonymous.csv' 
2022-03-14 20:52:01.388 DEBUG [acme.framework.components.database.Dataset@main] Reading dataset from 'C:\Users\Papa\Desktop\Workspace-22.0\Workspace-22.0\Projects\Acme-Toolkits\target\classes\WEB-INF\resources\initial-data\authenticated.csv' 
2022-03-14 20:52:01.389 DEBUG [acme.framework.components.database.Dataset@main] Reading mapping '{key:user-account=user-account-administrator-01, key=authenticated-administrator-01}' from 'C:\Users\Papa\Desktop\Workspace-22.0\Workspace-22.0\Projects\Acme-Toolkits\target\classes\WEB-INF\resources\initial-data\authenticated.csv' 
2022-03-14 20:52:01.389 DEBUG [acme.framework.components.database.Dataset@main] Reading dataset from 'C:\Users\Papa\Desktop\Workspace-22.0\Workspace-22.0\Projects\Acme-Toolkits\target\classes\WEB-INF\resources\initial-data\data.csv' 
2022-03-14 20:52:01.394 ERROR [acme.Launcher@main] acme.framework.components.database.Dataset.readDataset(Dataset.java:178): C:\Users\Papa\Desktop\Workspace-22.0\Workspace-22.0\Projects\Acme-Toolkits\target\classes\WEB-INF\resources\initial-data\data.csv: C:\Users\Papa\Desktop\Workspace-22.0\Workspace-22.0\Projects\Acme-Toolkits\target\classes\WEB-INF\resources\initial-data\data.csv: couldn't find a class to map the entities in this resource 
2022-03-14 20:52:01.395 INFO  [acme.Launcher@main] The application log provides additional debugging messages! 
2022-03-14 20:52:02.691 INFO  [acme.framework.configuration.ShutdownConfiguration@main] The system is shutting down... 
2022-03-14 20:52:02.745 DEBUG [acme.Launcher@main] Exit code = 0 
