2022-03-14 21:08:00.397 INFO  [acme.Launcher@main] Starting Launcher using Java 1.8.0_281 on LAPTOP-5US8DIIJ with PID 2976 (C:\Users\Papa\Desktop\Workspace-22.0\Workspace-22.0\Frameworks\Acme-Framework-22.1\target\classes started by Papa in C:\Users\Papa\Desktop\Workspace-22.0\Workspace-22.0\Projects\Acme-Toolkits) 
2022-03-14 21:08:00.399 DEBUG [acme.Launcher@main] Running with Spring Boot v2.4.2, Spring v5.3.3 
2022-03-14 21:08:00.400 INFO  [acme.Launcher@main] The following profiles are active: development,populator 
2022-03-14 21:08:07.704 DEBUG [org.apache.jasper.servlet.JasperInitializer@main] Initializing Jasper for context [application] 
2022-03-14 21:08:20.186 DEBUG [org.apache.jasper.servlet.JspServlet@main] Scratch dir for the JSP engine is: [C:\Users\Papa\AppData\Local\Temp\tomcat.8083.1453512975510088320\work\Tomcat\localhost\acme-toolkits-22.1] 
2022-03-14 21:08:20.189 DEBUG [org.apache.jasper.servlet.JspServlet@main] IMPORTANT: Do not modify the generated servlets 
2022-03-14 21:08:20.225 INFO  [acme.Launcher@main] Started Launcher in 22.123 seconds (JVM running for 23.964) 
2022-03-14 21:08:20.241 DEBUG [acme.Launcher@main] Found classpath entry '/C:/Users/Papa/Desktop/Workspace-22.0/Workspace-22.0/Projects/Acme-Toolkits/target/classes/' 
2022-03-14 21:08:20.242 DEBUG [acme.Launcher@main] Found classpath entry '/C:/Users/Papa/Desktop/Workspace-22.0/Workspace-22.0/Projects/Acme-Toolkits/target/test-classes/' 
2022-03-14 21:08:20.243 DEBUG [acme.Launcher@main] Found classpath entry '/C:/Users/Papa/.m2/repository/org/springframework/boot/spring-boot-starter-tomcat/2.4.2/spring-boot-starter-tomcat-2.4.2.jar' 
2022-03-14 21:08:20.243 DEBUG [acme.Launcher@main] Found classpath entry '/C:/Users/Papa/.m2/repository/jakarta/annotation/jakarta.annotation-api/1.3.5/jakarta.annotation-api-1.3.5.jar' 
2022-03-14 21:08:20.244 DEBUG [acme.Launcher@main] Found classpath entry '/C:/Users/Papa/.m2/repository/org/apache/tomcat/embed/tomcat-embed-core/9.0.41/tomcat-embed-core-9.0.41.jar' 
2022-03-14 21:08:20.245 DEBUG [acme.Launcher@main] Found classpath entry '/C:/Users/Papa/.m2/repository/org/glassfish/jakarta.el/3.0.3/jakarta.el-3.0.3.jar' 
2022-03-14 21:08:20.245 DEBUG [acme.Launcher@main] Found classpath entry '/C:/Users/Papa/.m2/repository/org/apache/tomcat/embed/tomcat-embed-websocket/9.0.41/tomcat-embed-websocket-9.0.41.jar' 
2022-03-14 21:08:20.246 DEBUG [acme.Launcher@main] Found classpath entry '/C:/Users/Papa/.m2/repository/org/apache/tomcat/embed/tomcat-embed-jasper/9.0.41/tomcat-embed-jasper-9.0.41.jar' 
2022-03-14 21:08:20.246 DEBUG [acme.Launcher@main] Found classpath entry '/C:/Users/Papa/.m2/repository/org/apache/tomcat/embed/tomcat-embed-el/9.0.41/tomcat-embed-el-9.0.41.jar' 
2022-03-14 21:08:20.246 DEBUG [acme.Launcher@main] Found classpath entry '/C:/Users/Papa/.m2/repository/org/eclipse/jdt/ecj/3.18.0/ecj-3.18.0.jar' 
2022-03-14 21:08:20.247 DEBUG [acme.Launcher@main] Found classpath entry '/C:/Users/Papa/.m2/repository/javax/servlet/jstl/1.2/jstl-1.2.jar' 
2022-03-14 21:08:20.247 DEBUG [acme.Launcher@main] Found classpath entry '/C:/Users/Papa/.m2/repository/org/springframework/boot/spring-boot-starter-test/2.4.2/spring-boot-starter-test-2.4.2.jar' 
2022-03-14 21:08:20.249 DEBUG [acme.Launcher@main] Found classpath entry '/C:/Users/Papa/.m2/repository/org/springframework/boot/spring-boot-starter/2.4.2/spring-boot-starter-2.4.2.jar' 
2022-03-14 21:08:20.249 DEBUG [acme.Launcher@main] Found classpath entry '/C:/Users/Papa/.m2/repository/org/springframework/boot/spring-boot/2.4.2/spring-boot-2.4.2.jar' 
2022-03-14 21:08:20.250 DEBUG [acme.Launcher@main] Found classpath entry '/C:/Users/Papa/.m2/repository/org/springframework/boot/spring-boot-autoconfigure/2.4.2/spring-boot-autoconfigure-2.4.2.jar' 
2022-03-14 21:08:20.250 DEBUG [acme.Launcher@main] Found classpath entry '/C:/Users/Papa/.m2/repository/org/springframework/boot/spring-boot-starter-logging/2.4.2/spring-boot-starter-logging-2.4.2.jar' 
2022-03-14 21:08:20.250 DEBUG [acme.Launcher@main] Found classpath entry '/C:/Users/Papa/.m2/repository/ch/qos/logback/logback-classic/1.2.3/logback-classic-1.2.3.jar' 
2022-03-14 21:08:20.251 DEBUG [acme.Launcher@main] Found classpath entry '/C:/Users/Papa/.m2/repository/ch/qos/logback/logback-core/1.2.3/logback-core-1.2.3.jar' 
2022-03-14 21:08:20.251 DEBUG [acme.Launcher@main] Found classpath entry '/C:/Users/Papa/.m2/repository/org/apache/logging/log4j/log4j-to-slf4j/2.13.3/log4j-to-slf4j-2.13.3.jar' 
2022-03-14 21:08:20.252 DEBUG [acme.Launcher@main] Found classpath entry '/C:/Users/Papa/.m2/repository/org/apache/logging/log4j/log4j-api/2.13.3/log4j-api-2.13.3.jar' 
2022-03-14 21:08:20.252 DEBUG [acme.Launcher@main] Found classpath entry '/C:/Users/Papa/.m2/repository/org/slf4j/jul-to-slf4j/1.7.30/jul-to-slf4j-1.7.30.jar' 
2022-03-14 21:08:20.252 DEBUG [acme.Launcher@main] Found classpath entry '/C:/Users/Papa/.m2/repository/org/yaml/snakeyaml/1.27/snakeyaml-1.27.jar' 
2022-03-14 21:08:20.253 DEBUG [acme.Launcher@main] Found classpath entry '/C:/Users/Papa/.m2/repository/org/springframework/boot/spring-boot-test/2.4.2/spring-boot-test-2.4.2.jar' 
2022-03-14 21:08:20.253 DEBUG [acme.Launcher@main] Found classpath entry '/C:/Users/Papa/.m2/repository/org/springframework/boot/spring-boot-test-autoconfigure/2.4.2/spring-boot-test-autoconfigure-2.4.2.jar' 
2022-03-14 21:08:20.253 DEBUG [acme.Launcher@main] Found classpath entry '/C:/Users/Papa/.m2/repository/com/jayway/jsonpath/json-path/2.4.0/json-path-2.4.0.jar' 
2022-03-14 21:08:20.254 DEBUG [acme.Launcher@main] Found classpath entry '/C:/Users/Papa/.m2/repository/net/minidev/json-smart/2.3/json-smart-2.3.jar' 
2022-03-14 21:08:20.254 DEBUG [acme.Launcher@main] Found classpath entry '/C:/Users/Papa/.m2/repository/net/minidev/accessors-smart/1.2/accessors-smart-1.2.jar' 
2022-03-14 21:08:20.254 DEBUG [acme.Launcher@main] Found classpath entry '/C:/Users/Papa/.m2/repository/org/ow2/asm/asm/5.0.4/asm-5.0.4.jar' 
2022-03-14 21:08:20.255 DEBUG [acme.Launcher@main] Found classpath entry '/C:/Users/Papa/.m2/repository/jakarta/xml/bind/jakarta.xml.bind-api/2.3.3/jakarta.xml.bind-api-2.3.3.jar' 
2022-03-14 21:08:20.255 DEBUG [acme.Launcher@main] Found classpath entry '/C:/Users/Papa/.m2/repository/jakarta/activation/jakarta.activation-api/1.2.2/jakarta.activation-api-1.2.2.jar' 
2022-03-14 21:08:20.255 DEBUG [acme.Launcher@main] Found classpath entry '/C:/Users/Papa/.m2/repository/org/assertj/assertj-core/3.18.1/assertj-core-3.18.1.jar' 
2022-03-14 21:08:20.255 DEBUG [acme.Launcher@main] Found classpath entry '/C:/Users/Papa/.m2/repository/org/hamcrest/hamcrest/2.2/hamcrest-2.2.jar' 
2022-03-14 21:08:20.264 DEBUG [acme.Launcher@main] Found classpath entry '/C:/Users/Papa/.m2/repository/org/junit/jupiter/junit-jupiter/5.7.0/junit-jupiter-5.7.0.jar' 
2022-03-14 21:08:20.265 DEBUG [acme.Launcher@main] Found classpath entry '/C:/Users/Papa/.m2/repository/org/mockito/mockito-core/3.6.28/mockito-core-3.6.28.jar' 
2022-03-14 21:08:20.268 DEBUG [acme.Launcher@main] Found classpath entry '/C:/Users/Papa/.m2/repository/net/bytebuddy/byte-buddy-agent/1.10.19/byte-buddy-agent-1.10.19.jar' 
2022-03-14 21:08:20.269 DEBUG [acme.Launcher@main] Found classpath entry '/C:/Users/Papa/.m2/repository/org/objenesis/objenesis/3.1/objenesis-3.1.jar' 
2022-03-14 21:08:20.270 DEBUG [acme.Launcher@main] Found classpath entry '/C:/Users/Papa/.m2/repository/org/mockito/mockito-junit-jupiter/3.6.28/mockito-junit-jupiter-3.6.28.jar' 
2022-03-14 21:08:20.270 DEBUG [acme.Launcher@main] Found classpath entry '/C:/Users/Papa/.m2/repository/org/skyscreamer/jsonassert/1.5.0/jsonassert-1.5.0.jar' 
2022-03-14 21:08:20.270 DEBUG [acme.Launcher@main] Found classpath entry '/C:/Users/Papa/.m2/repository/com/vaadin/external/google/android-json/0.0.20131108.vaadin1/android-json-0.0.20131108.vaadin1.jar' 
2022-03-14 21:08:20.271 DEBUG [acme.Launcher@main] Found classpath entry '/C:/Users/Papa/.m2/repository/org/springframework/spring-core/5.3.3/spring-core-5.3.3.jar' 
2022-03-14 21:08:20.271 DEBUG [acme.Launcher@main] Found classpath entry '/C:/Users/Papa/.m2/repository/org/springframework/spring-jcl/5.3.3/spring-jcl-5.3.3.jar' 
2022-03-14 21:08:20.272 DEBUG [acme.Launcher@main] Found classpath entry '/C:/Users/Papa/.m2/repository/org/springframework/spring-test/5.3.3/spring-test-5.3.3.jar' 
2022-03-14 21:08:20.272 DEBUG [acme.Launcher@main] Found classpath entry '/C:/Users/Papa/.m2/repository/org/xmlunit/xmlunit-core/2.7.0/xmlunit-core-2.7.0.jar' 
2022-03-14 21:08:20.273 DEBUG [acme.Launcher@main] Found classpath entry '/C:/Users/Papa/.m2/repository/org/springframework/boot/spring-boot-starter-security/2.4.2/spring-boot-starter-security-2.4.2.jar' 
2022-03-14 21:08:20.273 DEBUG [acme.Launcher@main] Found classpath entry '/C:/Users/Papa/.m2/repository/org/springframework/spring-aop/5.3.3/spring-aop-5.3.3.jar' 
2022-03-14 21:08:20.273 DEBUG [acme.Launcher@main] Found classpath entry '/C:/Users/Papa/.m2/repository/org/springframework/security/spring-security-web/5.4.2/spring-security-web-5.4.2.jar' 
2022-03-14 21:08:20.273 DEBUG [acme.Launcher@main] Found classpath entry '/C:/Users/Papa/.m2/repository/org/springframework/security/spring-security-core/5.4.2/spring-security-core-5.4.2.jar' 
2022-03-14 21:08:20.274 DEBUG [acme.Launcher@main] Found classpath entry '/C:/Users/Papa/.m2/repository/org/springframework/spring-beans/5.3.3/spring-beans-5.3.3.jar' 
2022-03-14 21:08:20.274 DEBUG [acme.Launcher@main] Found classpath entry '/C:/Users/Papa/.m2/repository/org/springframework/spring-context/5.3.3/spring-context-5.3.3.jar' 
2022-03-14 21:08:20.274 DEBUG [acme.Launcher@main] Found classpath entry '/C:/Users/Papa/.m2/repository/org/springframework/spring-expression/5.3.3/spring-expression-5.3.3.jar' 
2022-03-14 21:08:20.275 DEBUG [acme.Launcher@main] Found classpath entry '/C:/Users/Papa/.m2/repository/org/springframework/spring-web/5.3.3/spring-web-5.3.3.jar' 
2022-03-14 21:08:20.275 DEBUG [acme.Launcher@main] Found classpath entry '/C:/Users/Papa/.m2/repository/org/springframework/security/spring-security-config/5.4.2/spring-security-config-5.4.2.jar' 
2022-03-14 21:08:20.275 DEBUG [acme.Launcher@main] Found classpath entry '/C:/Users/Papa/.m2/repository/org/springframework/security/spring-security-taglibs/5.4.2/spring-security-taglibs-5.4.2.jar' 
2022-03-14 21:08:20.275 DEBUG [acme.Launcher@main] Found classpath entry '/C:/Users/Papa/.m2/repository/org/springframework/security/spring-security-acl/5.4.2/spring-security-acl-5.4.2.jar' 
2022-03-14 21:08:20.281 DEBUG [acme.Launcher@main] Found classpath entry '/C:/Users/Papa/.m2/repository/org/springframework/spring-jdbc/5.3.3/spring-jdbc-5.3.3.jar' 
2022-03-14 21:08:20.283 DEBUG [acme.Launcher@main] Found classpath entry '/C:/Users/Papa/.m2/repository/org/springframework/spring-tx/5.3.3/spring-tx-5.3.3.jar' 
2022-03-14 21:08:20.286 DEBUG [acme.Launcher@main] Found classpath entry '/C:/Users/Papa/.m2/repository/org/springframework/boot/spring-boot-starter-web/2.4.2/spring-boot-starter-web-2.4.2.jar' 
2022-03-14 21:08:20.287 DEBUG [acme.Launcher@main] Found classpath entry '/C:/Users/Papa/.m2/repository/org/springframework/boot/spring-boot-starter-json/2.4.2/spring-boot-starter-json-2.4.2.jar' 
2022-03-14 21:08:20.288 DEBUG [acme.Launcher@main] Found classpath entry '/C:/Users/Papa/.m2/repository/com/fasterxml/jackson/core/jackson-databind/2.11.4/jackson-databind-2.11.4.jar' 
2022-03-14 21:08:20.289 DEBUG [acme.Launcher@main] Found classpath entry '/C:/Users/Papa/.m2/repository/com/fasterxml/jackson/core/jackson-annotations/2.11.4/jackson-annotations-2.11.4.jar' 
2022-03-14 21:08:20.289 DEBUG [acme.Launcher@main] Found classpath entry '/C:/Users/Papa/.m2/repository/com/fasterxml/jackson/core/jackson-core/2.11.4/jackson-core-2.11.4.jar' 
2022-03-14 21:08:20.289 DEBUG [acme.Launcher@main] Found classpath entry '/C:/Users/Papa/.m2/repository/com/fasterxml/jackson/datatype/jackson-datatype-jdk8/2.11.4/jackson-datatype-jdk8-2.11.4.jar' 
2022-03-14 21:08:20.289 DEBUG [acme.Launcher@main] Found classpath entry '/C:/Users/Papa/.m2/repository/com/fasterxml/jackson/datatype/jackson-datatype-jsr310/2.11.4/jackson-datatype-jsr310-2.11.4.jar' 
2022-03-14 21:08:20.290 DEBUG [acme.Launcher@main] Found classpath entry '/C:/Users/Papa/.m2/repository/com/fasterxml/jackson/module/jackson-module-parameter-names/2.11.4/jackson-module-parameter-names-2.11.4.jar' 
2022-03-14 21:08:20.290 DEBUG [acme.Launcher@main] Found classpath entry '/C:/Users/Papa/.m2/repository/org/springframework/spring-webmvc/5.3.3/spring-webmvc-5.3.3.jar' 
2022-03-14 21:08:20.290 DEBUG [acme.Launcher@main] Found classpath entry '/C:/Users/Papa/.m2/repository/org/apache/tiles/tiles-jsp/3.0.8/tiles-jsp-3.0.8.jar' 
2022-03-14 21:08:20.292 DEBUG [acme.Launcher@main] Found classpath entry '/C:/Users/Papa/.m2/repository/org/apache/tiles/tiles-servlet/3.0.8/tiles-servlet-3.0.8.jar' 
2022-03-14 21:08:20.292 DEBUG [acme.Launcher@main] Found classpath entry '/C:/Users/Papa/.m2/repository/org/apache/tiles/tiles-core/3.0.8/tiles-core-3.0.8.jar' 
2022-03-14 21:08:20.293 DEBUG [acme.Launcher@main] Found classpath entry '/C:/Users/Papa/.m2/repository/commons-digester/commons-digester/2.0/commons-digester-2.0.jar' 
2022-03-14 21:08:20.293 DEBUG [acme.Launcher@main] Found classpath entry '/C:/Users/Papa/.m2/repository/org/slf4j/jcl-over-slf4j/1.7.30/jcl-over-slf4j-1.7.30.jar' 
2022-03-14 21:08:20.293 DEBUG [acme.Launcher@main] Found classpath entry '/C:/Users/Papa/.m2/repository/org/apache/tiles/tiles-request-servlet/1.0.7/tiles-request-servlet-1.0.7.jar' 
2022-03-14 21:08:20.294 DEBUG [acme.Launcher@main] Found classpath entry '/C:/Users/Papa/.m2/repository/org/apache/tiles/tiles-template/3.0.8/tiles-template-3.0.8.jar' 
2022-03-14 21:08:20.294 DEBUG [acme.Launcher@main] Found classpath entry '/C:/Users/Papa/.m2/repository/org/apache/tiles/tiles-api/3.0.8/tiles-api-3.0.8.jar' 
2022-03-14 21:08:20.295 DEBUG [acme.Launcher@main] Found classpath entry '/C:/Users/Papa/.m2/repository/org/apache/tiles/tiles-autotag-core-runtime/1.2/tiles-autotag-core-runtime-1.2.jar' 
2022-03-14 21:08:20.295 DEBUG [acme.Launcher@main] Found classpath entry '/C:/Users/Papa/.m2/repository/org/slf4j/slf4j-api/1.7.30/slf4j-api-1.7.30.jar' 
2022-03-14 21:08:20.296 DEBUG [acme.Launcher@main] Found classpath entry '/C:/Users/Papa/.m2/repository/org/apache/tiles/tiles-request-jsp/1.0.7/tiles-request-jsp-1.0.7.jar' 
2022-03-14 21:08:20.298 DEBUG [acme.Launcher@main] Found classpath entry '/C:/Users/Papa/.m2/repository/org/apache/tiles/tiles-request-api/1.0.7/tiles-request-api-1.0.7.jar' 
2022-03-14 21:08:20.298 DEBUG [acme.Launcher@main] Found classpath entry '/C:/Users/Papa/.m2/repository/org/springframework/boot/spring-boot-starter-data-jpa/2.4.2/spring-boot-starter-data-jpa-2.4.2.jar' 
2022-03-14 21:08:20.299 DEBUG [acme.Launcher@main] Found classpath entry '/C:/Users/Papa/.m2/repository/org/springframework/boot/spring-boot-starter-aop/2.4.2/spring-boot-starter-aop-2.4.2.jar' 
2022-03-14 21:08:20.299 DEBUG [acme.Launcher@main] Found classpath entry '/C:/Users/Papa/.m2/repository/org/aspectj/aspectjweaver/1.9.6/aspectjweaver-1.9.6.jar' 
2022-03-14 21:08:20.299 DEBUG [acme.Launcher@main] Found classpath entry '/C:/Users/Papa/.m2/repository/org/springframework/boot/spring-boot-starter-jdbc/2.4.2/spring-boot-starter-jdbc-2.4.2.jar' 
2022-03-14 21:08:20.299 DEBUG [acme.Launcher@main] Found classpath entry '/C:/Users/Papa/.m2/repository/jakarta/transaction/jakarta.transaction-api/1.3.3/jakarta.transaction-api-1.3.3.jar' 
2022-03-14 21:08:20.300 DEBUG [acme.Launcher@main] Found classpath entry '/C:/Users/Papa/.m2/repository/jakarta/persistence/jakarta.persistence-api/2.2.3/jakarta.persistence-api-2.2.3.jar' 
2022-03-14 21:08:20.300 DEBUG [acme.Launcher@main] Found classpath entry '/C:/Users/Papa/.m2/repository/org/hibernate/hibernate-core/5.4.27.Final/hibernate-core-5.4.27.Final.jar' 
2022-03-14 21:08:20.300 DEBUG [acme.Launcher@main] Found classpath entry '/C:/Users/Papa/.m2/repository/org/jboss/logging/jboss-logging/3.4.1.Final/jboss-logging-3.4.1.Final.jar' 
2022-03-14 21:08:20.300 DEBUG [acme.Launcher@main] Found classpath entry '/C:/Users/Papa/.m2/repository/org/javassist/javassist/3.27.0-GA/javassist-3.27.0-GA.jar' 
2022-03-14 21:08:20.300 DEBUG [acme.Launcher@main] Found classpath entry '/C:/Users/Papa/.m2/repository/antlr/antlr/2.7.7/antlr-2.7.7.jar' 
2022-03-14 21:08:20.301 DEBUG [acme.Launcher@main] Found classpath entry '/C:/Users/Papa/.m2/repository/org/jboss/jandex/2.1.3.Final/jandex-2.1.3.Final.jar' 
2022-03-14 21:08:20.301 DEBUG [acme.Launcher@main] Found classpath entry '/C:/Users/Papa/.m2/repository/com/fasterxml/classmate/1.5.1/classmate-1.5.1.jar' 
2022-03-14 21:08:20.301 DEBUG [acme.Launcher@main] Found classpath entry '/C:/Users/Papa/.m2/repository/org/dom4j/dom4j/2.1.3/dom4j-2.1.3.jar' 
2022-03-14 21:08:20.301 DEBUG [acme.Launcher@main] Found classpath entry '/C:/Users/Papa/.m2/repository/org/hibernate/common/hibernate-commons-annotations/5.1.2.Final/hibernate-commons-annotations-5.1.2.Final.jar' 
2022-03-14 21:08:20.301 DEBUG [acme.Launcher@main] Found classpath entry '/C:/Users/Papa/.m2/repository/org/glassfish/jaxb/jaxb-runtime/2.3.3/jaxb-runtime-2.3.3.jar' 
2022-03-14 21:08:20.301 DEBUG [acme.Launcher@main] Found classpath entry '/C:/Users/Papa/.m2/repository/org/glassfish/jaxb/txw2/2.3.3/txw2-2.3.3.jar' 
2022-03-14 21:08:20.302 DEBUG [acme.Launcher@main] Found classpath entry '/C:/Users/Papa/.m2/repository/com/sun/istack/istack-commons-runtime/3.0.11/istack-commons-runtime-3.0.11.jar' 
2022-03-14 21:08:20.303 DEBUG [acme.Launcher@main] Found classpath entry '/C:/Users/Papa/.m2/repository/com/sun/activation/jakarta.activation/1.2.2/jakarta.activation-1.2.2.jar' 
2022-03-14 21:08:20.303 DEBUG [acme.Launcher@main] Found classpath entry '/C:/Users/Papa/.m2/repository/org/springframework/data/spring-data-jpa/2.4.3/spring-data-jpa-2.4.3.jar' 
2022-03-14 21:08:20.303 DEBUG [acme.Launcher@main] Found classpath entry '/C:/Users/Papa/.m2/repository/org/springframework/data/spring-data-commons/2.4.3/spring-data-commons-2.4.3.jar' 
2022-03-14 21:08:20.303 DEBUG [acme.Launcher@main] Found classpath entry '/C:/Users/Papa/.m2/repository/org/springframework/spring-orm/5.3.3/spring-orm-5.3.3.jar' 
2022-03-14 21:08:20.303 DEBUG [acme.Launcher@main] Found classpath entry '/C:/Users/Papa/.m2/repository/org/springframework/spring-aspects/5.3.3/spring-aspects-5.3.3.jar' 
2022-03-14 21:08:20.304 DEBUG [acme.Launcher@main] Found classpath entry '/C:/Users/Papa/.m2/repository/org/springframework/boot/spring-boot-starter-validation/2.4.2/spring-boot-starter-validation-2.4.2.jar' 
2022-03-14 21:08:20.304 DEBUG [acme.Launcher@main] Found classpath entry '/C:/Users/Papa/.m2/repository/org/hibernate/validator/hibernate-validator/6.1.7.Final/hibernate-validator-6.1.7.Final.jar' 
2022-03-14 21:08:20.304 DEBUG [acme.Launcher@main] Found classpath entry '/C:/Users/Papa/.m2/repository/jakarta/validation/jakarta.validation-api/2.0.2/jakarta.validation-api-2.0.2.jar' 
2022-03-14 21:08:20.304 DEBUG [acme.Launcher@main] Found classpath entry '/C:/Users/Papa/.m2/repository/mysql/mysql-connector-java/8.0.22/mysql-connector-java-8.0.22.jar' 
2022-03-14 21:08:20.304 DEBUG [acme.Launcher@main] Found classpath entry '/C:/Users/Papa/.m2/repository/com/zaxxer/HikariCP/3.4.5/HikariCP-3.4.5.jar' 
2022-03-14 21:08:20.305 DEBUG [acme.Launcher@main] Found classpath entry '/C:/Users/Papa/.m2/repository/org/junit/jupiter/junit-jupiter-engine/5.7.0/junit-jupiter-engine-5.7.0.jar' 
2022-03-14 21:08:20.305 DEBUG [acme.Launcher@main] Found classpath entry '/C:/Users/Papa/.m2/repository/org/apiguardian/apiguardian-api/1.1.0/apiguardian-api-1.1.0.jar' 
2022-03-14 21:08:20.305 DEBUG [acme.Launcher@main] Found classpath entry '/C:/Users/Papa/.m2/repository/org/junit/platform/junit-platform-engine/1.7.0/junit-platform-engine-1.7.0.jar' 
2022-03-14 21:08:20.305 DEBUG [acme.Launcher@main] Found classpath entry '/C:/Users/Papa/.m2/repository/org/junit/jupiter/junit-jupiter-api/5.7.0/junit-jupiter-api-5.7.0.jar' 
2022-03-14 21:08:20.305 DEBUG [acme.Launcher@main] Found classpath entry '/C:/Users/Papa/.m2/repository/org/opentest4j/opentest4j/1.2.0/opentest4j-1.2.0.jar' 
2022-03-14 21:08:20.305 DEBUG [acme.Launcher@main] Found classpath entry '/C:/Users/Papa/.m2/repository/org/junit/platform/junit-platform-commons/1.7.0/junit-platform-commons-1.7.0.jar' 
2022-03-14 21:08:20.306 DEBUG [acme.Launcher@main] Found classpath entry '/C:/Users/Papa/.m2/repository/org/junit/jupiter/junit-jupiter-params/5.7.0/junit-jupiter-params-5.7.0.jar' 
2022-03-14 21:08:20.306 DEBUG [acme.Launcher@main] Found classpath entry '/C:/Users/Papa/.m2/repository/org/junit/platform/junit-platform-launcher/1.7.0/junit-platform-launcher-1.7.0.jar' 
2022-03-14 21:08:20.306 DEBUG [acme.Launcher@main] Found classpath entry '/C:/Users/Papa/.m2/repository/org/seleniumhq/selenium/selenium-java/3.141.59/selenium-java-3.141.59.jar' 
2022-03-14 21:08:20.306 DEBUG [acme.Launcher@main] Found classpath entry '/C:/Users/Papa/.m2/repository/org/seleniumhq/selenium/selenium-api/3.141.59/selenium-api-3.141.59.jar' 
2022-03-14 21:08:20.307 DEBUG [acme.Launcher@main] Found classpath entry '/C:/Users/Papa/.m2/repository/org/seleniumhq/selenium/selenium-chrome-driver/3.141.59/selenium-chrome-driver-3.141.59.jar' 
2022-03-14 21:08:20.307 DEBUG [acme.Launcher@main] Found classpath entry '/C:/Users/Papa/.m2/repository/org/seleniumhq/selenium/selenium-edge-driver/3.141.59/selenium-edge-driver-3.141.59.jar' 
2022-03-14 21:08:20.307 DEBUG [acme.Launcher@main] Found classpath entry '/C:/Users/Papa/.m2/repository/org/seleniumhq/selenium/selenium-firefox-driver/3.141.59/selenium-firefox-driver-3.141.59.jar' 
2022-03-14 21:08:20.308 DEBUG [acme.Launcher@main] Found classpath entry '/C:/Users/Papa/.m2/repository/org/seleniumhq/selenium/selenium-ie-driver/3.141.59/selenium-ie-driver-3.141.59.jar' 
2022-03-14 21:08:20.308 DEBUG [acme.Launcher@main] Found classpath entry '/C:/Users/Papa/.m2/repository/org/seleniumhq/selenium/selenium-opera-driver/3.141.59/selenium-opera-driver-3.141.59.jar' 
2022-03-14 21:08:20.308 DEBUG [acme.Launcher@main] Found classpath entry '/C:/Users/Papa/.m2/repository/org/seleniumhq/selenium/selenium-remote-driver/3.141.59/selenium-remote-driver-3.141.59.jar' 
2022-03-14 21:08:20.309 DEBUG [acme.Launcher@main] Found classpath entry '/C:/Users/Papa/.m2/repository/org/seleniumhq/selenium/selenium-safari-driver/3.141.59/selenium-safari-driver-3.141.59.jar' 
2022-03-14 21:08:20.309 DEBUG [acme.Launcher@main] Found classpath entry '/C:/Users/Papa/.m2/repository/org/seleniumhq/selenium/selenium-support/3.141.59/selenium-support-3.141.59.jar' 
2022-03-14 21:08:20.309 DEBUG [acme.Launcher@main] Found classpath entry '/C:/Users/Papa/.m2/repository/net/bytebuddy/byte-buddy/1.10.19/byte-buddy-1.10.19.jar' 
2022-03-14 21:08:20.309 DEBUG [acme.Launcher@main] Found classpath entry '/C:/Users/Papa/.m2/repository/org/apache/commons/commons-exec/1.3/commons-exec-1.3.jar' 
2022-03-14 21:08:20.309 DEBUG [acme.Launcher@main] Found classpath entry '/C:/Users/Papa/.m2/repository/com/google/guava/guava/25.0-jre/guava-25.0-jre.jar' 
2022-03-14 21:08:20.309 DEBUG [acme.Launcher@main] Found classpath entry '/C:/Users/Papa/.m2/repository/com/google/code/findbugs/jsr305/1.3.9/jsr305-1.3.9.jar' 
2022-03-14 21:08:20.310 DEBUG [acme.Launcher@main] Found classpath entry '/C:/Users/Papa/.m2/repository/org/checkerframework/checker-compat-qual/2.0.0/checker-compat-qual-2.0.0.jar' 
2022-03-14 21:08:20.310 DEBUG [acme.Launcher@main] Found classpath entry '/C:/Users/Papa/.m2/repository/com/google/errorprone/error_prone_annotations/2.1.3/error_prone_annotations-2.1.3.jar' 
2022-03-14 21:08:20.310 DEBUG [acme.Launcher@main] Found classpath entry '/C:/Users/Papa/.m2/repository/com/google/j2objc/j2objc-annotations/1.1/j2objc-annotations-1.1.jar' 
2022-03-14 21:08:20.310 DEBUG [acme.Launcher@main] Found classpath entry '/C:/Users/Papa/.m2/repository/org/codehaus/mojo/animal-sniffer-annotations/1.14/animal-sniffer-annotations-1.14.jar' 
2022-03-14 21:08:20.310 DEBUG [acme.Launcher@main] Found classpath entry '/C:/Users/Papa/.m2/repository/com/squareup/okhttp3/okhttp/3.14.9/okhttp-3.14.9.jar' 
2022-03-14 21:08:20.310 DEBUG [acme.Launcher@main] Found classpath entry '/C:/Users/Papa/.m2/repository/com/squareup/okio/okio/1.14.0/okio-1.14.0.jar' 
2022-03-14 21:08:20.311 DEBUG [acme.Launcher@main] Found classpath entry '/C:/Users/Papa/.m2/repository/org/apache/commons/commons-lang3/3.11/commons-lang3-3.11.jar' 
2022-03-14 21:08:20.311 DEBUG [acme.Launcher@main] Found classpath entry '/C:/Users/Papa/.m2/repository/org/apache/commons/commons-text/1.8/commons-text-1.8.jar' 
2022-03-14 21:08:20.313 DEBUG [acme.Launcher@main] Found classpath entry '/C:/Users/Papa/.m2/repository/commons-io/commons-io/2.6/commons-io-2.6.jar' 
2022-03-14 21:08:20.313 DEBUG [acme.Launcher@main] Found classpath entry '/C:/Users/Papa/.m2/repository/commons-cli/commons-cli/1.4/commons-cli-1.4.jar' 
2022-03-14 21:08:20.314 DEBUG [acme.Launcher@main] Found classpath entry '/C:/Users/Papa/.m2/repository/org/projectlombok/lombok/1.18.16/lombok-1.18.16.jar' 
2022-03-14 21:08:20.314 DEBUG [acme.Launcher@main] Found classpath entry '/C:/Users/Papa/.m2/repository/com/opencsv/opencsv/5.4/opencsv-5.4.jar' 
2022-03-14 21:08:20.314 DEBUG [acme.Launcher@main] Found classpath entry '/C:/Users/Papa/.m2/repository/commons-beanutils/commons-beanutils/1.9.4/commons-beanutils-1.9.4.jar' 
2022-03-14 21:08:20.314 DEBUG [acme.Launcher@main] Found classpath entry '/C:/Users/Papa/.m2/repository/commons-logging/commons-logging/1.2/commons-logging-1.2.jar' 
2022-03-14 21:08:20.314 DEBUG [acme.Launcher@main] Found classpath entry '/C:/Users/Papa/.m2/repository/commons-collections/commons-collections/3.2.2/commons-collections-3.2.2.jar' 
2022-03-14 21:08:20.314 DEBUG [acme.Launcher@main] Found classpath entry '/C:/Users/Papa/.m2/repository/org/apache/commons/commons-collections4/4.4/commons-collections4-4.4.jar' 
2022-03-14 21:08:20.314 DEBUG [acme.Launcher@main] Found classpath entry '/C:/Users/Papa/Desktop/Workspace-22.0/Workspace-22.0/Frameworks/Acme-Framework-22.1/target/classes/' 
2022-03-14 21:08:20.315 DEBUG [acme.Launcher@main] Found classpath entry '/C:/Users/Papa/Desktop/Workspace-22.0/Workspace-22.0/Frameworks/Acme-Framework-22.1/target/test-classes/' 
2022-03-14 21:08:20.315 DEBUG [acme.Launcher@main] Found classpath entry '/C:/Users/Papa/Desktop/Workspace-22.0/Workspace-22.0/Tools/IDEs/eclipse-jee-2021-12-R/configuration/org.eclipse.osgi/418/0/.cp/lib/javaagent-shaded.jar' 
2022-03-14 21:08:20.487 DEBUG [acme.Launcher@main] Found entity class 'acme.entities.announcements.Annoucement 
2022-03-14 21:08:20.487 DEBUG [acme.Launcher@main] Found entity class 'acme.entities.chirp.Chirp 
2022-03-14 21:08:20.489 DEBUG [acme.Launcher@main] Found entity class 'acme.entities.components.Data 
2022-03-14 21:08:20.489 DEBUG [acme.Launcher@main] Found entity class 'acme.entities.patronage.Patronage 
2022-03-14 21:08:20.489 DEBUG [acme.Launcher@main] Found entity class 'acme.entities.patronagereport.PatronageReport 
2022-03-14 21:08:20.489 DEBUG [acme.Launcher@main] Found entity class 'acme.entities.tool_component.ToolComponent 
2022-03-14 21:08:20.489 DEBUG [acme.Launcher@main] Found entity class 'acme.entities.toolkit.Toolkit 
2022-03-14 21:08:20.490 DEBUG [acme.Launcher@main] Found entity class 'acme.roles.Consumer 
2022-03-14 21:08:20.490 DEBUG [acme.Launcher@main] Found entity class 'acme.roles.Inventor 
2022-03-14 21:08:20.490 DEBUG [acme.Launcher@main] Found entity class 'acme.roles.Patron 
2022-03-14 21:08:20.491 DEBUG [acme.Launcher@main] Found entity class 'acme.roles.Provider 
2022-03-14 21:08:20.491 DEBUG [acme.Launcher@main] Found entity class 'acme.framework.entities.UserAccount 
2022-03-14 21:08:20.491 DEBUG [acme.Launcher@main] Found entity class 'acme.framework.roles.Administrator 
2022-03-14 21:08:20.491 DEBUG [acme.Launcher@main] Found entity class 'acme.framework.roles.Anonymous 
2022-03-14 21:08:20.491 DEBUG [acme.Launcher@main] Found entity class 'acme.framework.roles.Authenticated 
2022-03-14 21:08:20.503 INFO  [acme.Launcher@main] Populating (initial data) 
2022-03-14 21:08:20.505 INFO  [acme.framework.components.database.DatabasePopulator@main] Building database schema 
2022-03-14 21:08:20.619 DEBUG [acme.framework.components.database.DatabaseUtil@main] Executing script. 
2022-03-14 21:08:20.620 DEBUG [acme.framework.components.database.DatabaseUtil@main] Starting new transaction. 
2022-03-14 21:08:20.644 DEBUG [acme.framework.components.database.DatabaseUtil@main] Executing command 'set transaction isolation level read uncommitted;'. 
2022-03-14 21:08:20.680 DEBUG [acme.framework.components.database.DatabaseUtil@main] Starting transaction '1690412910'. 
2022-03-14 21:08:20.681 DEBUG [acme.framework.components.database.DatabaseUtil@main] Executing script command 'set foreign_key_checks=0'. 
2022-03-14 21:08:20.682 DEBUG [acme.framework.components.database.DatabaseUtil@main] Executing script command 'drop table if exists administrator'. 
2022-03-14 21:08:20.939 DEBUG [acme.framework.components.database.DatabaseUtil@main] Executing script command 'drop table if exists annoucement'. 
2022-03-14 21:08:21.307 DEBUG [acme.framework.components.database.DatabaseUtil@main] Executing script command 'drop table if exists anonymous'. 
2022-03-14 21:08:21.571 DEBUG [acme.framework.components.database.DatabaseUtil@main] Executing script command 'drop table if exists authenticated'. 
2022-03-14 21:08:22.081 DEBUG [acme.framework.components.database.DatabaseUtil@main] Executing script command 'drop table if exists chirp'. 
2022-03-14 21:08:22.555 DEBUG [acme.framework.components.database.DatabaseUtil@main] Executing script command 'drop table if exists consumer'. 
2022-03-14 21:08:22.933 DEBUG [acme.framework.components.database.DatabaseUtil@main] Executing script command 'drop table if exists data'. 
2022-03-14 21:08:23.253 DEBUG [acme.framework.components.database.DatabaseUtil@main] Executing script command 'drop table if exists hibernate_sequence'. 
2022-03-14 21:08:23.620 DEBUG [acme.framework.components.database.DatabaseUtil@main] Executing script command 'drop table if exists inventor'. 
2022-03-14 21:08:24.457 DEBUG [acme.framework.components.database.DatabaseUtil@main] Executing script command 'drop table if exists patron'. 
2022-03-14 21:08:25.134 DEBUG [acme.framework.components.database.DatabaseUtil@main] Executing script command 'drop table if exists patronage'. 
2022-03-14 21:08:25.711 DEBUG [acme.framework.components.database.DatabaseUtil@main] Executing script command 'drop table if exists patronage_report'. 
2022-03-14 21:08:26.232 DEBUG [acme.framework.components.database.DatabaseUtil@main] Executing script command 'drop table if exists provider'. 
2022-03-14 21:08:26.764 DEBUG [acme.framework.components.database.DatabaseUtil@main] Executing script command 'drop table if exists tool_component'. 
2022-03-14 21:08:27.251 DEBUG [acme.framework.components.database.DatabaseUtil@main] Executing script command 'drop table if exists toolkit'. 
2022-03-14 21:08:28.048 DEBUG [acme.framework.components.database.DatabaseUtil@main] Executing script command 'drop table if exists user_account'. 
2022-03-14 21:08:28.751 DEBUG [acme.framework.components.database.DatabaseUtil@main] Executing script command 'set foreign_key_checks=1'. 
2022-03-14 21:08:28.759 DEBUG [acme.framework.components.database.DatabaseUtil@main] Committing transaction '1690412910'. 
2022-03-14 21:08:28.792 DEBUG [acme.framework.components.database.DatabaseUtil@main] Executing script. 
2022-03-14 21:08:28.792 DEBUG [acme.framework.components.database.DatabaseUtil@main] Starting new transaction. 
2022-03-14 21:08:28.793 DEBUG [acme.framework.components.database.DatabaseUtil@main] Executing command 'set transaction isolation level read uncommitted;'. 
2022-03-14 21:08:28.793 DEBUG [acme.framework.components.database.DatabaseUtil@main] Starting transaction '1381209636'. 
2022-03-14 21:08:28.794 DEBUG [acme.framework.components.database.DatabaseUtil@main] Executing script command 'set foreign_key_checks=0'. 
2022-03-14 21:08:28.795 DEBUG [acme.framework.components.database.DatabaseUtil@main] Executing script command 'create table administrator (id integer not null, version integer not null, user_account_id integer, primary key (id)) engine=InnoDB'. 
2022-03-14 21:08:29.648 DEBUG [acme.framework.components.database.DatabaseUtil@main] Executing script command 'create table annoucement (id integer not null, version integer not null, body varchar(255), creation_moment datetime, critical_flag bit, link varchar(255), title varchar(255), primary key (id)) engine=InnoDB'. 
2022-03-14 21:08:30.419 DEBUG [acme.framework.components.database.DatabaseUtil@main] Executing script command 'create table anonymous (id integer not null, version integer not null, user_account_id integer, primary key (id)) engine=InnoDB'. 
2022-03-14 21:08:31.145 DEBUG [acme.framework.components.database.DatabaseUtil@main] Executing script command 'create table authenticated (id integer not null, version integer not null, user_account_id integer, primary key (id)) engine=InnoDB'. 
2022-03-14 21:08:31.712 DEBUG [acme.framework.components.database.DatabaseUtil@main] Executing script command 'create table chirp (id integer not null, version integer not null, author varchar(255), body varchar(255), creation_moment datetime, email varchar(255), title varchar(255), primary key (id)) engine=InnoDB'. 
2022-03-14 21:08:32.143 DEBUG [acme.framework.components.database.DatabaseUtil@main] Executing script command 'create table consumer (id integer not null, version integer not null, user_account_id integer, company varchar(255), sector varchar(255), primary key (id)) engine=InnoDB'. 
2022-03-14 21:08:32.642 DEBUG [acme.framework.components.database.DatabaseUtil@main] Executing script command 'create table data (id integer not null, version integer not null, currency varchar(255), strong_spam_terms varchar(255), strong_spam_threshold double precision, weak_spam_term varchar(255), weak_spam_threshold double precision, primary key (id)) engine=InnoDB'. 
2022-03-14 21:08:32.995 DEBUG [acme.framework.components.database.DatabaseUtil@main] Executing script command 'create table hibernate_sequence (next_val bigint) engine=InnoDB'. 
2022-03-14 21:08:33.406 DEBUG [acme.framework.components.database.DatabaseUtil@main] Executing script command 'insert into hibernate_sequence values ( 1 )'. 
2022-03-14 21:08:33.409 DEBUG [acme.framework.components.database.DatabaseUtil@main] Executing script command 'create table inventor (id integer not null, version integer not null, user_account_id integer, company varchar(255), link varchar(255), statement varchar(255), primary key (id)) engine=InnoDB'. 
2022-03-14 21:08:33.902 DEBUG [acme.framework.components.database.DatabaseUtil@main] Executing script command 'create table patron (id integer not null, version integer not null, user_account_id integer, company varchar(255), link varchar(255), statement varchar(255), primary key (id)) engine=InnoDB'. 
2022-03-14 21:08:34.291 DEBUG [acme.framework.components.database.DatabaseUtil@main] Executing script command 'create table patronage (id integer not null, version integer not null, budget double precision, code varchar(255), end datetime, initial datetime, legal_stuff varchar(255), link varchar(255), status integer, primary key (id)) engine=InnoDB'. 
2022-03-14 21:08:34.667 DEBUG [acme.framework.components.database.DatabaseUtil@main] Executing script command 'create table patronage_report (id integer not null, version integer not null, automatic_sequence_number varchar(255), creation datetime, link varchar(255), memorandum varchar(255), patronage_id integer, primary key (id)) engine=InnoDB'. 
2022-03-14 21:08:35.087 DEBUG [acme.framework.components.database.DatabaseUtil@main] Executing script command 'create table provider (id integer not null, version integer not null, user_account_id integer, company varchar(255), sector varchar(255), primary key (id)) engine=InnoDB'. 
2022-03-14 21:08:35.541 DEBUG [acme.framework.components.database.DatabaseUtil@main] Executing script command 'create table tool_component (id integer not null, version integer not null, code varchar(255), description varchar(255), link varchar(255), name varchar(255), retail_price_amount double precision, retail_price_currency varchar(255), technology varchar(255), type_entity integer, primary key (id)) engine=InnoDB'. 
2022-03-14 21:08:35.951 DEBUG [acme.framework.components.database.DatabaseUtil@main] Executing script command 'create table toolkit (id integer not null, version integer not null, assemble_notes varchar(255), description varchar(255), link varchar(255), pattern varchar(255), tittle varchar(255), tool_component_id integer, primary key (id)) engine=InnoDB'. 
2022-03-14 21:08:36.371 DEBUG [acme.framework.components.database.DatabaseUtil@main] Executing script command 'create table user_account (id integer not null, version integer not null, enabled bit not null, identity blob, password varchar(255), username varchar(255), primary key (id)) engine=InnoDB'. 
2022-03-14 21:08:36.871 DEBUG [acme.framework.components.database.DatabaseUtil@main] Executing script command 'alter table patronage add constraint UK_7s289l63ihnn85qwyna5cqbfh unique (code)'. 
2022-03-14 21:08:37.411 DEBUG [acme.framework.components.database.DatabaseUtil@main] Executing script command 'alter table tool_component add constraint UK_1cqs8sd94tkx51k5eici7l5fv unique (code)'. 
2022-03-14 21:08:37.955 DEBUG [acme.framework.components.database.DatabaseUtil@main] Executing script command 'alter table toolkit add constraint UK_barudej1th3468ba3qll8crso unique (pattern)'. 
2022-03-14 21:08:38.618 DEBUG [acme.framework.components.database.DatabaseUtil@main] Executing script command 'alter table user_account add constraint UK_castjbvpeeus0r8lbpehiu0e4 unique (username)'. 
2022-03-14 21:08:39.118 DEBUG [acme.framework.components.database.DatabaseUtil@main] Executing script command 'alter table administrator add constraint FK_2a5vcjo3stlfcwadosjfq49l1 foreign key (user_account_id) references user_account (id)'. 
2022-03-14 21:08:39.770 DEBUG [acme.framework.components.database.DatabaseUtil@main] Executing script command 'alter table anonymous add constraint FK_6lnbc6fo3om54vugoh8icg78m foreign key (user_account_id) references user_account (id)'. 
2022-03-14 21:08:40.358 DEBUG [acme.framework.components.database.DatabaseUtil@main] Executing script command 'alter table authenticated add constraint FK_h52w0f3wjoi68b63wv9vwon57 foreign key (user_account_id) references user_account (id)'. 
2022-03-14 21:08:40.987 DEBUG [acme.framework.components.database.DatabaseUtil@main] Executing script command 'alter table consumer add constraint FK_6cyha9f1wpj0dpbxrrjddrqed foreign key (user_account_id) references user_account (id)'. 
2022-03-14 21:08:41.509 DEBUG [acme.framework.components.database.DatabaseUtil@main] Executing script command 'alter table inventor add constraint FK_2upmsx50p5pou2l4uy8trxor6 foreign key (user_account_id) references user_account (id)'. 
2022-03-14 21:08:42.083 DEBUG [acme.framework.components.database.DatabaseUtil@main] Executing script command 'alter table patron add constraint FK_8xx5nujhuio3advxc2freyu65 foreign key (user_account_id) references user_account (id)'. 
2022-03-14 21:08:42.616 DEBUG [acme.framework.components.database.DatabaseUtil@main] Executing script command 'alter table patronage_report add constraint FKli7rh2qb2q6bjix6b8o2dpt41 foreign key (patronage_id) references patronage (id)'. 
2022-03-14 21:08:43.235 DEBUG [acme.framework.components.database.DatabaseUtil@main] Executing script command 'alter table provider add constraint FK_b1gwnjqm6ggy9yuiqm0o4rlmd foreign key (user_account_id) references user_account (id)'. 
2022-03-14 21:08:43.789 DEBUG [acme.framework.components.database.DatabaseUtil@main] Executing script command 'alter table toolkit add constraint FKqh3mpe4lfa7874j4ev7rwh9mr foreign key (tool_component_id) references tool_component (id)'. 
2022-03-14 21:08:44.408 DEBUG [acme.framework.components.database.DatabaseUtil@main] Executing script command 'set foreign_key_checks=1'. 
2022-03-14 21:08:44.408 DEBUG [acme.framework.components.database.DatabaseUtil@main] Committing transaction '1381209636'. 
2022-03-14 21:08:44.412 INFO  [acme.framework.components.database.DatabasePopulator@main] Reading entities from 'classpath:/WEB-INF/resources/initial-data' 
2022-03-14 21:08:44.420 DEBUG [acme.framework.components.database.Dataset@main] Reading dataset from 'C:\Users\Papa\Desktop\Workspace-22.0\Workspace-22.0\Projects\Acme-Toolkits\target\classes\WEB-INF\resources\initial-data\administrator.csv' 
2022-03-14 21:08:44.659 DEBUG [acme.framework.components.database.Dataset@main] Reading mapping '{key:user-account=user-account-administrator-01, key=administrator-01}' from 'C:\Users\Papa\Desktop\Workspace-22.0\Workspace-22.0\Projects\Acme-Toolkits\target\classes\WEB-INF\resources\initial-data\administrator.csv' 
2022-03-14 21:08:44.662 DEBUG [acme.framework.components.database.Dataset@main] Reading dataset from 'C:\Users\Papa\Desktop\Workspace-22.0\Workspace-22.0\Projects\Acme-Toolkits\target\classes\WEB-INF\resources\initial-data\anonymous.csv' 
2022-03-14 21:08:44.663 DEBUG [acme.framework.components.database.Dataset@main] Reading mapping '{key:user-account=user-account-anonymous-01, key=anonymous-01}' from 'C:\Users\Papa\Desktop\Workspace-22.0\Workspace-22.0\Projects\Acme-Toolkits\target\classes\WEB-INF\resources\initial-data\anonymous.csv' 
2022-03-14 21:08:44.664 DEBUG [acme.framework.components.database.Dataset@main] Reading dataset from 'C:\Users\Papa\Desktop\Workspace-22.0\Workspace-22.0\Projects\Acme-Toolkits\target\classes\WEB-INF\resources\initial-data\authenticated.csv' 
2022-03-14 21:08:44.665 DEBUG [acme.framework.components.database.Dataset@main] Reading mapping '{key:user-account=user-account-administrator-01, key=authenticated-administrator-01}' from 'C:\Users\Papa\Desktop\Workspace-22.0\Workspace-22.0\Projects\Acme-Toolkits\target\classes\WEB-INF\resources\initial-data\authenticated.csv' 
2022-03-14 21:08:44.666 DEBUG [acme.framework.components.database.Dataset@main] Reading dataset from 'C:\Users\Papa\Desktop\Workspace-22.0\Workspace-22.0\Projects\Acme-Toolkits\target\classes\WEB-INF\resources\initial-data\data.csv' 
2022-03-14 21:08:44.667 DEBUG [acme.framework.components.database.Dataset@main] Reading mapping '{weak-spam-term=sexy, strong-spam-threshold=0.1, currency=EUR, weak-spam-threshold=0.25, strong-spam-terms=sex, key=data-01}' from 'C:\Users\Papa\Desktop\Workspace-22.0\Workspace-22.0\Projects\Acme-Toolkits\target\classes\WEB-INF\resources\initial-data\data.csv' 
2022-03-14 21:08:44.667 DEBUG [acme.framework.components.database.Dataset@main] Reading mapping '{weak-spam-term=nigeria, strong-spam-threshold=0.1, currency=USD, weak-spam-threshold=0.25, strong-spam-terms=hard core, key=data-02}' from 'C:\Users\Papa\Desktop\Workspace-22.0\Workspace-22.0\Projects\Acme-Toolkits\target\classes\WEB-INF\resources\initial-data\data.csv' 
2022-03-14 21:08:44.667 DEBUG [acme.framework.components.database.Dataset@main] Reading mapping '{weak-spam-term=you’ve won, strong-spam-threshold=0.1, currency=GBP, weak-spam-threshold=0.25, strong-spam-terms=viagra, key=data-03}' from 'C:\Users\Papa\Desktop\Workspace-22.0\Workspace-22.0\Projects\Acme-Toolkits\target\classes\WEB-INF\resources\initial-data\data.csv' 
2022-03-14 21:08:44.668 DEBUG [acme.framework.components.database.Dataset@main] Reading mapping '{weak-spam-term=one million, strong-spam-threshold=0.1, currency=EUR, weak-spam-threshold=0.25, strong-spam-terms=cialis, key=data-04}' from 'C:\Users\Papa\Desktop\Workspace-22.0\Workspace-22.0\Projects\Acme-Toolkits\target\classes\WEB-INF\resources\initial-data\data.csv' 
2022-03-14 21:08:44.669 DEBUG [acme.framework.components.database.Dataset@main] Reading mapping '{weak-spam-term=sexy, strong-spam-threshold=0.1, currency=EUR, weak-spam-threshold=0.25, strong-spam-terms=sexo, key=data-05}' from 'C:\Users\Papa\Desktop\Workspace-22.0\Workspace-22.0\Projects\Acme-Toolkits\target\classes\WEB-INF\resources\initial-data\data.csv' 
2022-03-14 21:08:44.669 DEBUG [acme.framework.components.database.Dataset@main] Reading mapping '{weak-spam-term=nigeria, strong-spam-threshold=0.1, currency=USD, weak-spam-threshold=0.25, strong-spam-terms=hard core, key=data-06}' from 'C:\Users\Papa\Desktop\Workspace-22.0\Workspace-22.0\Projects\Acme-Toolkits\target\classes\WEB-INF\resources\initial-data\data.csv' 
2022-03-14 21:08:44.669 DEBUG [acme.framework.components.database.Dataset@main] Reading mapping '{weak-spam-term=has ganado, strong-spam-threshold=0.1, currency=GBP, weak-spam-threshold=0.25, strong-spam-terms=viagra, key=data-07}' from 'C:\Users\Papa\Desktop\Workspace-22.0\Workspace-22.0\Projects\Acme-Toolkits\target\classes\WEB-INF\resources\initial-data\data.csv' 
2022-03-14 21:08:44.670 DEBUG [acme.framework.components.database.Dataset@main] Reading mapping '{weak-spam-term=un millón, strong-spam-threshold=0.1, currency=EUR, weak-spam-threshold=0.25, strong-spam-terms=cialis, key=data-08}' from 'C:\Users\Papa\Desktop\Workspace-22.0\Workspace-22.0\Projects\Acme-Toolkits\target\classes\WEB-INF\resources\initial-data\data.csv' 
2022-03-14 21:08:44.670 DEBUG [acme.framework.components.database.Dataset@main] Reading dataset from 'C:\Users\Papa\Desktop\Workspace-22.0\Workspace-22.0\Projects\Acme-Toolkits\target\classes\WEB-INF\resources\initial-data\user-account.csv' 
2022-03-14 21:08:44.671 DEBUG [acme.framework.components.database.Dataset@main] Reading mapping '{password=HIDDEN-PASSWORD, identity=UserIdentity{name: 'John', surname: 'Doe', email: 'john.doe@acme.com'}, key=user-account-anonymous-01, enabled=false, username=anonymous}' from 'C:\Users\Papa\Desktop\Workspace-22.0\Workspace-22.0\Projects\Acme-Toolkits\target\classes\WEB-INF\resources\initial-data\user-account.csv' 
2022-03-14 21:08:44.672 DEBUG [acme.framework.components.database.Dataset@main] Reading mapping '{password=administrator, identity=UserIdentity{name: 'Administrator', surname: 'Acme', email: 'administrator@acme.com'}, key=user-account-administrator-01, enabled=true, username=administrator}' from 'C:\Users\Papa\Desktop\Workspace-22.0\Workspace-22.0\Projects\Acme-Toolkits\target\classes\WEB-INF\resources\initial-data\user-account.csv' 
2022-03-14 21:08:44.672 DEBUG [acme.framework.components.database.EntityWeb@main] Setting attributes of entities of class acme.framework.roles.Authenticated 
2022-03-14 21:08:44.673 DEBUG [acme.framework.components.database.EntityWeb@main] Setting attributes of entities of class acme.framework.entities.UserAccount 
2022-03-14 21:08:45.055 DEBUG [acme.framework.components.database.EntityWeb@main] Setting attributes of entities of class acme.framework.roles.Administrator 
2022-03-14 21:08:45.056 DEBUG [acme.framework.components.database.EntityWeb@main] Setting attributes of entities of class acme.framework.roles.Anonymous 
2022-03-14 21:08:45.056 DEBUG [acme.framework.components.database.EntityWeb@main] Setting attributes of entities of class acme.entities.components.Data 
2022-03-14 21:08:45.073 DEBUG [acme.framework.components.database.EntityWeb@main] Linking entities of class acme.framework.roles.Authenticated 
2022-03-14 21:08:45.085 DEBUG [acme.framework.components.database.EntityWeb@main] Linking entities of class acme.framework.entities.UserAccount 
2022-03-14 21:08:45.088 DEBUG [acme.framework.components.database.EntityWeb@main] Linking entities of class acme.framework.roles.Administrator 
2022-03-14 21:08:45.154 DEBUG [acme.framework.components.database.EntityWeb@main] Linking entities of class acme.framework.roles.Anonymous 
2022-03-14 21:08:45.162 DEBUG [acme.framework.components.database.EntityWeb@main] Linking entities of class acme.entities.components.Data 
2022-03-14 21:08:45.163 INFO  [acme.framework.components.database.DatabasePopulator@main] Validating your entities 
2022-03-14 21:08:45.195 DEBUG [acme.framework.components.database.DatabasePopulator@main] Validating 'acme.entities.components.Data@data-01' ... PASS 
2022-03-14 21:08:45.406 DEBUG [acme.framework.components.database.DatabasePopulator@main] Validating 'acme.framework.entities.UserAccount@user-account-anonymous-01' ... PASS 
2022-03-14 21:08:45.410 DEBUG [acme.framework.components.database.DatabasePopulator@main] Validating 'acme.entities.components.Data@data-02' ... PASS 
2022-03-14 21:08:45.411 DEBUG [acme.framework.components.database.DatabasePopulator@main] Validating 'acme.entities.components.Data@data-03' ... PASS 
2022-03-14 21:08:45.411 DEBUG [acme.framework.components.database.DatabasePopulator@main] Validating 'acme.entities.components.Data@data-04' ... PASS 
2022-03-14 21:08:45.424 DEBUG [acme.framework.components.database.DatabasePopulator@main] Validating 'acme.framework.entities.UserAccount@user-account-administrator-01' ... PASS 
2022-03-14 21:08:45.425 DEBUG [acme.framework.components.database.DatabasePopulator@main] Validating 'acme.entities.components.Data@data-05' ... PASS 
2022-03-14 21:08:45.426 DEBUG [acme.framework.components.database.DatabasePopulator@main] Validating 'acme.entities.components.Data@data-06' ... PASS 
2022-03-14 21:08:45.426 DEBUG [acme.framework.components.database.DatabasePopulator@main] Validating 'acme.entities.components.Data@data-07' ... PASS 
2022-03-14 21:08:45.438 DEBUG [acme.framework.components.database.DatabasePopulator@main] Validating 'acme.framework.roles.Administrator@administrator-01' ... PASS 
2022-03-14 21:08:45.438 DEBUG [acme.framework.components.database.DatabasePopulator@main] Validating 'acme.entities.components.Data@data-08' ... PASS 
2022-03-14 21:08:45.443 DEBUG [acme.framework.components.database.DatabasePopulator@main] Validating 'acme.framework.roles.Anonymous@anonymous-01' ... PASS 
2022-03-14 21:08:45.454 DEBUG [acme.framework.components.database.DatabasePopulator@main] Validating 'acme.framework.roles.Authenticated@authenticated-administrator-01' ... PASS 
2022-03-14 21:08:45.455 INFO  [acme.framework.components.database.DatabasePopulator@main] Sorting your entity classes 
2022-03-14 21:08:45.455 DEBUG [acme.framework.components.database.DatabasePopulator@main] Best topological order for your entity clazzes: 
2022-03-14 21:08:45.456 DEBUG [acme.framework.components.database.DatabasePopulator@main] - acme.framework.entities.UserAccount 
2022-03-14 21:08:45.456 DEBUG [acme.framework.components.database.DatabasePopulator@main] - acme.framework.roles.Authenticated 
2022-03-14 21:08:45.456 DEBUG [acme.framework.components.database.DatabasePopulator@main] - acme.framework.roles.Administrator 
2022-03-14 21:08:45.456 DEBUG [acme.framework.components.database.DatabasePopulator@main] - acme.framework.roles.Anonymous 
2022-03-14 21:08:45.456 DEBUG [acme.framework.components.database.DatabasePopulator@main] - acme.entities.components.Data 
2022-03-14 21:08:45.457 INFO  [acme.framework.components.database.DatabasePopulator@main] Persisting your entities 
2022-03-14 21:08:45.458 DEBUG [acme.framework.components.database.DatabaseUtil@main] Starting new transaction. 
2022-03-14 21:08:45.459 DEBUG [acme.framework.components.database.DatabaseUtil@main] Executing command 'set transaction isolation level read uncommitted;'. 
2022-03-14 21:08:45.459 DEBUG [acme.framework.components.database.DatabaseUtil@main] Starting transaction '837145608'. 
2022-03-14 21:08:45.460 DEBUG [acme.framework.components.database.DatabasePopulator@main] Persising entities of clazz 'acme.framework.entities.UserAccount' 
2022-03-14 21:08:45.488 DEBUG [org.hibernate.SQL@main] select next_val as id_val from hibernate_sequence for update 
2022-03-14 21:08:45.557 DEBUG [org.hibernate.SQL@main] update hibernate_sequence set next_val= ? where next_val=? 
2022-03-14 21:08:45.880 DEBUG [acme.framework.components.database.DatabaseUtil@main] Persisting entity UserAccount(username=anonymous) 
2022-03-14 21:08:45.886 DEBUG [org.hibernate.SQL@main] select next_val as id_val from hibernate_sequence for update 
2022-03-14 21:08:45.890 DEBUG [org.hibernate.SQL@main] update hibernate_sequence set next_val= ? where next_val=? 
2022-03-14 21:08:46.024 DEBUG [acme.framework.components.database.DatabaseUtil@main] Persisting entity UserAccount(username=administrator) 
2022-03-14 21:08:46.024 DEBUG [acme.framework.components.database.DatabasePopulator@main] Persising entities of clazz 'acme.framework.roles.Authenticated' 
2022-03-14 21:08:46.025 DEBUG [org.hibernate.SQL@main] select next_val as id_val from hibernate_sequence for update 
2022-03-14 21:08:46.026 DEBUG [org.hibernate.SQL@main] update hibernate_sequence set next_val= ? where next_val=? 
2022-03-14 21:08:46.077 DEBUG [acme.framework.components.database.DatabaseUtil@main] Persisting entity UserRole(userAccount=UserAccount(username=administrator)) 
2022-03-14 21:08:46.077 DEBUG [acme.framework.components.database.DatabasePopulator@main] Persising entities of clazz 'acme.framework.roles.Administrator' 
2022-03-14 21:08:46.085 DEBUG [org.hibernate.SQL@main] select next_val as id_val from hibernate_sequence for update 
2022-03-14 21:08:46.087 DEBUG [org.hibernate.SQL@main] update hibernate_sequence set next_val= ? where next_val=? 
2022-03-14 21:08:46.144 DEBUG [acme.framework.components.database.DatabaseUtil@main] Persisting entity UserRole(userAccount=UserAccount(username=administrator)) 
2022-03-14 21:08:46.144 DEBUG [acme.framework.components.database.DatabasePopulator@main] Persising entities of clazz 'acme.framework.roles.Anonymous' 
2022-03-14 21:08:46.145 DEBUG [org.hibernate.SQL@main] select next_val as id_val from hibernate_sequence for update 
2022-03-14 21:08:46.150 DEBUG [org.hibernate.SQL@main] update hibernate_sequence set next_val= ? where next_val=? 
2022-03-14 21:08:46.202 DEBUG [acme.framework.components.database.DatabaseUtil@main] Persisting entity UserRole(userAccount=UserAccount(username=anonymous)) 
2022-03-14 21:08:46.203 DEBUG [acme.framework.components.database.DatabasePopulator@main] Persising entities of clazz 'acme.entities.components.Data' 
2022-03-14 21:08:46.203 DEBUG [org.hibernate.SQL@main] select next_val as id_val from hibernate_sequence for update 
2022-03-14 21:08:46.204 DEBUG [org.hibernate.SQL@main] update hibernate_sequence set next_val= ? where next_val=? 
2022-03-14 21:08:46.254 DEBUG [acme.framework.components.database.DatabaseUtil@main] Persisting entity acme.entities.components.Data{id=6, version=0} 
2022-03-14 21:08:46.255 DEBUG [org.hibernate.SQL@main] select next_val as id_val from hibernate_sequence for update 
2022-03-14 21:08:46.256 DEBUG [org.hibernate.SQL@main] update hibernate_sequence set next_val= ? where next_val=? 
2022-03-14 21:08:46.308 DEBUG [acme.framework.components.database.DatabaseUtil@main] Persisting entity acme.entities.components.Data{id=7, version=0} 
2022-03-14 21:08:46.308 DEBUG [org.hibernate.SQL@main] select next_val as id_val from hibernate_sequence for update 
2022-03-14 21:08:46.310 DEBUG [org.hibernate.SQL@main] update hibernate_sequence set next_val= ? where next_val=? 
2022-03-14 21:08:46.363 DEBUG [acme.framework.components.database.DatabaseUtil@main] Persisting entity acme.entities.components.Data{id=8, version=0} 
2022-03-14 21:08:46.364 DEBUG [org.hibernate.SQL@main] select next_val as id_val from hibernate_sequence for update 
2022-03-14 21:08:46.365 DEBUG [org.hibernate.SQL@main] update hibernate_sequence set next_val= ? where next_val=? 
2022-03-14 21:08:46.423 DEBUG [acme.framework.components.database.DatabaseUtil@main] Persisting entity acme.entities.components.Data{id=9, version=0} 
2022-03-14 21:08:46.424 DEBUG [org.hibernate.SQL@main] select next_val as id_val from hibernate_sequence for update 
2022-03-14 21:08:46.425 DEBUG [org.hibernate.SQL@main] update hibernate_sequence set next_val= ? where next_val=? 
2022-03-14 21:08:46.474 DEBUG [acme.framework.components.database.DatabaseUtil@main] Persisting entity acme.entities.components.Data{id=10, version=0} 
2022-03-14 21:08:46.475 DEBUG [org.hibernate.SQL@main] select next_val as id_val from hibernate_sequence for update 
2022-03-14 21:08:46.476 DEBUG [org.hibernate.SQL@main] update hibernate_sequence set next_val= ? where next_val=? 
2022-03-14 21:08:46.577 DEBUG [acme.framework.components.database.DatabaseUtil@main] Persisting entity acme.entities.components.Data{id=11, version=0} 
2022-03-14 21:08:46.578 DEBUG [org.hibernate.SQL@main] select next_val as id_val from hibernate_sequence for update 
2022-03-14 21:08:46.579 DEBUG [org.hibernate.SQL@main] update hibernate_sequence set next_val= ? where next_val=? 
2022-03-14 21:08:46.654 DEBUG [acme.framework.components.database.DatabaseUtil@main] Persisting entity acme.entities.components.Data{id=12, version=0} 
2022-03-14 21:08:46.655 DEBUG [org.hibernate.SQL@main] select next_val as id_val from hibernate_sequence for update 
2022-03-14 21:08:46.657 DEBUG [org.hibernate.SQL@main] update hibernate_sequence set next_val= ? where next_val=? 
2022-03-14 21:08:46.757 DEBUG [acme.framework.components.database.DatabaseUtil@main] Persisting entity acme.entities.components.Data{id=13, version=0} 
2022-03-14 21:08:46.757 DEBUG [acme.framework.components.database.DatabaseUtil@main] Committing transaction '837145608'. 
2022-03-14 21:08:46.819 DEBUG [org.hibernate.SQL@main] insert into user_account (version, enabled, identity, password, username, id) values (?, ?, ?, ?, ?, ?) 
2022-03-14 21:08:46.822 TRACE [org.hibernate.type.descriptor.sql.BasicBinder@main] binding parameter [1] as [INTEGER] - [0] 
2022-03-14 21:08:46.823 TRACE [org.hibernate.type.descriptor.sql.BasicBinder@main] binding parameter [2] as [BOOLEAN] - [false] 
2022-03-14 21:08:46.824 TRACE [org.hibernate.type.descriptor.sql.BasicBinder@main] binding parameter [3] as [BLOB] - [DefaultUserIdentity(name=John, surname=Doe, email=john.doe@acme.com)] 
2022-03-14 21:08:46.828 TRACE [org.hibernate.type.descriptor.sql.BasicBinder@main] binding parameter [4] as [VARCHAR] - [$2a$05$41dVVD53mO/NaI4.pcVzEerVfoMz.5pSqp9EoH5ATjpzUk4aujVMm] 
2022-03-14 21:08:46.828 TRACE [org.hibernate.type.descriptor.sql.BasicBinder@main] binding parameter [5] as [VARCHAR] - [anonymous] 
2022-03-14 21:08:46.828 TRACE [org.hibernate.type.descriptor.sql.BasicBinder@main] binding parameter [6] as [INTEGER] - [1] 
2022-03-14 21:08:46.893 DEBUG [org.hibernate.SQL@main] insert into user_account (version, enabled, identity, password, username, id) values (?, ?, ?, ?, ?, ?) 
2022-03-14 21:08:46.895 TRACE [org.hibernate.type.descriptor.sql.BasicBinder@main] binding parameter [1] as [INTEGER] - [0] 
2022-03-14 21:08:46.895 TRACE [org.hibernate.type.descriptor.sql.BasicBinder@main] binding parameter [2] as [BOOLEAN] - [true] 
2022-03-14 21:08:46.895 TRACE [org.hibernate.type.descriptor.sql.BasicBinder@main] binding parameter [3] as [BLOB] - [DefaultUserIdentity(name=Administrator, surname=Acme, email=administrator@acme.com)] 
2022-03-14 21:08:46.896 TRACE [org.hibernate.type.descriptor.sql.BasicBinder@main] binding parameter [4] as [VARCHAR] - [$2a$05$9FODgKuh0JEox1Bl.RsP4.2wyCkDoYWK7uLcxbzKHan2SxZY8RRZ6] 
2022-03-14 21:08:46.896 TRACE [org.hibernate.type.descriptor.sql.BasicBinder@main] binding parameter [5] as [VARCHAR] - [administrator] 
2022-03-14 21:08:46.896 TRACE [org.hibernate.type.descriptor.sql.BasicBinder@main] binding parameter [6] as [INTEGER] - [2] 
2022-03-14 21:08:46.899 DEBUG [org.hibernate.SQL@main] insert into authenticated (version, user_account_id, id) values (?, ?, ?) 
2022-03-14 21:08:46.899 TRACE [org.hibernate.type.descriptor.sql.BasicBinder@main] binding parameter [1] as [INTEGER] - [0] 
2022-03-14 21:08:46.900 TRACE [org.hibernate.type.descriptor.sql.BasicBinder@main] binding parameter [2] as [INTEGER] - [2] 
2022-03-14 21:08:46.900 TRACE [org.hibernate.type.descriptor.sql.BasicBinder@main] binding parameter [3] as [INTEGER] - [3] 
2022-03-14 21:08:46.905 DEBUG [org.hibernate.SQL@main] insert into administrator (version, user_account_id, id) values (?, ?, ?) 
2022-03-14 21:08:46.906 TRACE [org.hibernate.type.descriptor.sql.BasicBinder@main] binding parameter [1] as [INTEGER] - [0] 
2022-03-14 21:08:46.906 TRACE [org.hibernate.type.descriptor.sql.BasicBinder@main] binding parameter [2] as [INTEGER] - [2] 
2022-03-14 21:08:46.906 TRACE [org.hibernate.type.descriptor.sql.BasicBinder@main] binding parameter [3] as [INTEGER] - [4] 
2022-03-14 21:08:46.946 DEBUG [org.hibernate.SQL@main] insert into anonymous (version, user_account_id, id) values (?, ?, ?) 
2022-03-14 21:08:46.947 TRACE [org.hibernate.type.descriptor.sql.BasicBinder@main] binding parameter [1] as [INTEGER] - [0] 
2022-03-14 21:08:46.948 TRACE [org.hibernate.type.descriptor.sql.BasicBinder@main] binding parameter [2] as [INTEGER] - [1] 
2022-03-14 21:08:46.948 TRACE [org.hibernate.type.descriptor.sql.BasicBinder@main] binding parameter [3] as [INTEGER] - [5] 
2022-03-14 21:08:46.953 DEBUG [org.hibernate.SQL@main] insert into data (version, currency, strong_spam_terms, strong_spam_threshold, weak_spam_term, weak_spam_threshold, id) values (?, ?, ?, ?, ?, ?, ?) 
2022-03-14 21:08:46.953 TRACE [org.hibernate.type.descriptor.sql.BasicBinder@main] binding parameter [1] as [INTEGER] - [0] 
2022-03-14 21:08:46.954 TRACE [org.hibernate.type.descriptor.sql.BasicBinder@main] binding parameter [2] as [VARCHAR] - [EUR] 
2022-03-14 21:08:46.954 TRACE [org.hibernate.type.descriptor.sql.BasicBinder@main] binding parameter [3] as [VARCHAR] - [sex] 
2022-03-14 21:08:46.955 TRACE [org.hibernate.type.descriptor.sql.BasicBinder@main] binding parameter [4] as [DOUBLE] - [0.1] 
2022-03-14 21:08:46.956 TRACE [org.hibernate.type.descriptor.sql.BasicBinder@main] binding parameter [5] as [VARCHAR] - [sexy] 
2022-03-14 21:08:46.956 TRACE [org.hibernate.type.descriptor.sql.BasicBinder@main] binding parameter [6] as [DOUBLE] - [0.25] 
2022-03-14 21:08:46.956 TRACE [org.hibernate.type.descriptor.sql.BasicBinder@main] binding parameter [7] as [INTEGER] - [6] 
2022-03-14 21:08:47.091 DEBUG [org.hibernate.SQL@main] insert into data (version, currency, strong_spam_terms, strong_spam_threshold, weak_spam_term, weak_spam_threshold, id) values (?, ?, ?, ?, ?, ?, ?) 
2022-03-14 21:08:47.092 TRACE [org.hibernate.type.descriptor.sql.BasicBinder@main] binding parameter [1] as [INTEGER] - [0] 
2022-03-14 21:08:47.092 TRACE [org.hibernate.type.descriptor.sql.BasicBinder@main] binding parameter [2] as [VARCHAR] - [USD] 
2022-03-14 21:08:47.092 TRACE [org.hibernate.type.descriptor.sql.BasicBinder@main] binding parameter [3] as [VARCHAR] - [hard core] 
2022-03-14 21:08:47.093 TRACE [org.hibernate.type.descriptor.sql.BasicBinder@main] binding parameter [4] as [DOUBLE] - [0.1] 
2022-03-14 21:08:47.093 TRACE [org.hibernate.type.descriptor.sql.BasicBinder@main] binding parameter [5] as [VARCHAR] - [nigeria] 
2022-03-14 21:08:47.094 TRACE [org.hibernate.type.descriptor.sql.BasicBinder@main] binding parameter [6] as [DOUBLE] - [0.25] 
2022-03-14 21:08:47.094 TRACE [org.hibernate.type.descriptor.sql.BasicBinder@main] binding parameter [7] as [INTEGER] - [7] 
2022-03-14 21:08:47.096 DEBUG [org.hibernate.SQL@main] insert into data (version, currency, strong_spam_terms, strong_spam_threshold, weak_spam_term, weak_spam_threshold, id) values (?, ?, ?, ?, ?, ?, ?) 
2022-03-14 21:08:47.096 TRACE [org.hibernate.type.descriptor.sql.BasicBinder@main] binding parameter [1] as [INTEGER] - [0] 
2022-03-14 21:08:47.097 TRACE [org.hibernate.type.descriptor.sql.BasicBinder@main] binding parameter [2] as [VARCHAR] - [GBP] 
2022-03-14 21:08:47.097 TRACE [org.hibernate.type.descriptor.sql.BasicBinder@main] binding parameter [3] as [VARCHAR] - [viagra] 
2022-03-14 21:08:47.097 TRACE [org.hibernate.type.descriptor.sql.BasicBinder@main] binding parameter [4] as [DOUBLE] - [0.1] 
2022-03-14 21:08:47.097 TRACE [org.hibernate.type.descriptor.sql.BasicBinder@main] binding parameter [5] as [VARCHAR] - [you’ve won] 
2022-03-14 21:08:47.098 TRACE [org.hibernate.type.descriptor.sql.BasicBinder@main] binding parameter [6] as [DOUBLE] - [0.25] 
2022-03-14 21:08:47.099 TRACE [org.hibernate.type.descriptor.sql.BasicBinder@main] binding parameter [7] as [INTEGER] - [8] 
2022-03-14 21:08:47.101 DEBUG [org.hibernate.SQL@main] insert into data (version, currency, strong_spam_terms, strong_spam_threshold, weak_spam_term, weak_spam_threshold, id) values (?, ?, ?, ?, ?, ?, ?) 
2022-03-14 21:08:47.103 TRACE [org.hibernate.type.descriptor.sql.BasicBinder@main] binding parameter [1] as [INTEGER] - [0] 
2022-03-14 21:08:47.103 TRACE [org.hibernate.type.descriptor.sql.BasicBinder@main] binding parameter [2] as [VARCHAR] - [EUR] 
2022-03-14 21:08:47.104 TRACE [org.hibernate.type.descriptor.sql.BasicBinder@main] binding parameter [3] as [VARCHAR] - [cialis] 
2022-03-14 21:08:47.104 TRACE [org.hibernate.type.descriptor.sql.BasicBinder@main] binding parameter [4] as [DOUBLE] - [0.1] 
2022-03-14 21:08:47.104 TRACE [org.hibernate.type.descriptor.sql.BasicBinder@main] binding parameter [5] as [VARCHAR] - [one million] 
2022-03-14 21:08:47.104 TRACE [org.hibernate.type.descriptor.sql.BasicBinder@main] binding parameter [6] as [DOUBLE] - [0.25] 
2022-03-14 21:08:47.104 TRACE [org.hibernate.type.descriptor.sql.BasicBinder@main] binding parameter [7] as [INTEGER] - [9] 
2022-03-14 21:08:47.110 DEBUG [org.hibernate.SQL@main] insert into data (version, currency, strong_spam_terms, strong_spam_threshold, weak_spam_term, weak_spam_threshold, id) values (?, ?, ?, ?, ?, ?, ?) 
2022-03-14 21:08:47.111 TRACE [org.hibernate.type.descriptor.sql.BasicBinder@main] binding parameter [1] as [INTEGER] - [0] 
2022-03-14 21:08:47.111 TRACE [org.hibernate.type.descriptor.sql.BasicBinder@main] binding parameter [2] as [VARCHAR] - [EUR] 
2022-03-14 21:08:47.111 TRACE [org.hibernate.type.descriptor.sql.BasicBinder@main] binding parameter [3] as [VARCHAR] - [sexo] 
2022-03-14 21:08:47.112 TRACE [org.hibernate.type.descriptor.sql.BasicBinder@main] binding parameter [4] as [DOUBLE] - [0.1] 
2022-03-14 21:08:47.112 TRACE [org.hibernate.type.descriptor.sql.BasicBinder@main] binding parameter [5] as [VARCHAR] - [sexy] 
2022-03-14 21:08:47.112 TRACE [org.hibernate.type.descriptor.sql.BasicBinder@main] binding parameter [6] as [DOUBLE] - [0.25] 
2022-03-14 21:08:47.112 TRACE [org.hibernate.type.descriptor.sql.BasicBinder@main] binding parameter [7] as [INTEGER] - [10] 
2022-03-14 21:08:47.113 DEBUG [org.hibernate.SQL@main] insert into data (version, currency, strong_spam_terms, strong_spam_threshold, weak_spam_term, weak_spam_threshold, id) values (?, ?, ?, ?, ?, ?, ?) 
2022-03-14 21:08:47.114 TRACE [org.hibernate.type.descriptor.sql.BasicBinder@main] binding parameter [1] as [INTEGER] - [0] 
2022-03-14 21:08:47.114 TRACE [org.hibernate.type.descriptor.sql.BasicBinder@main] binding parameter [2] as [VARCHAR] - [USD] 
2022-03-14 21:08:47.114 TRACE [org.hibernate.type.descriptor.sql.BasicBinder@main] binding parameter [3] as [VARCHAR] - [hard core] 
2022-03-14 21:08:47.114 TRACE [org.hibernate.type.descriptor.sql.BasicBinder@main] binding parameter [4] as [DOUBLE] - [0.1] 
2022-03-14 21:08:47.115 TRACE [org.hibernate.type.descriptor.sql.BasicBinder@main] binding parameter [5] as [VARCHAR] - [nigeria] 
2022-03-14 21:08:47.115 TRACE [org.hibernate.type.descriptor.sql.BasicBinder@main] binding parameter [6] as [DOUBLE] - [0.25] 
2022-03-14 21:08:47.115 TRACE [org.hibernate.type.descriptor.sql.BasicBinder@main] binding parameter [7] as [INTEGER] - [11] 
2022-03-14 21:08:47.116 DEBUG [org.hibernate.SQL@main] insert into data (version, currency, strong_spam_terms, strong_spam_threshold, weak_spam_term, weak_spam_threshold, id) values (?, ?, ?, ?, ?, ?, ?) 
2022-03-14 21:08:47.116 TRACE [org.hibernate.type.descriptor.sql.BasicBinder@main] binding parameter [1] as [INTEGER] - [0] 
2022-03-14 21:08:47.117 TRACE [org.hibernate.type.descriptor.sql.BasicBinder@main] binding parameter [2] as [VARCHAR] - [GBP] 
2022-03-14 21:08:47.117 TRACE [org.hibernate.type.descriptor.sql.BasicBinder@main] binding parameter [3] as [VARCHAR] - [viagra] 
2022-03-14 21:08:47.117 TRACE [org.hibernate.type.descriptor.sql.BasicBinder@main] binding parameter [4] as [DOUBLE] - [0.1] 
2022-03-14 21:08:47.117 TRACE [org.hibernate.type.descriptor.sql.BasicBinder@main] binding parameter [5] as [VARCHAR] - [has ganado] 
2022-03-14 21:08:47.117 TRACE [org.hibernate.type.descriptor.sql.BasicBinder@main] binding parameter [6] as [DOUBLE] - [0.25] 
2022-03-14 21:08:47.118 TRACE [org.hibernate.type.descriptor.sql.BasicBinder@main] binding parameter [7] as [INTEGER] - [12] 
2022-03-14 21:08:47.120 DEBUG [org.hibernate.SQL@main] insert into data (version, currency, strong_spam_terms, strong_spam_threshold, weak_spam_term, weak_spam_threshold, id) values (?, ?, ?, ?, ?, ?, ?) 
2022-03-14 21:08:47.120 TRACE [org.hibernate.type.descriptor.sql.BasicBinder@main] binding parameter [1] as [INTEGER] - [0] 
2022-03-14 21:08:47.121 TRACE [org.hibernate.type.descriptor.sql.BasicBinder@main] binding parameter [2] as [VARCHAR] - [EUR] 
2022-03-14 21:08:47.121 TRACE [org.hibernate.type.descriptor.sql.BasicBinder@main] binding parameter [3] as [VARCHAR] - [cialis] 
2022-03-14 21:08:47.121 TRACE [org.hibernate.type.descriptor.sql.BasicBinder@main] binding parameter [4] as [DOUBLE] - [0.1] 
2022-03-14 21:08:47.121 TRACE [org.hibernate.type.descriptor.sql.BasicBinder@main] binding parameter [5] as [VARCHAR] - [un millón] 
2022-03-14 21:08:47.121 TRACE [org.hibernate.type.descriptor.sql.BasicBinder@main] binding parameter [6] as [DOUBLE] - [0.25] 
2022-03-14 21:08:47.122 TRACE [org.hibernate.type.descriptor.sql.BasicBinder@main] binding parameter [7] as [INTEGER] - [13] 
2022-03-14 21:08:48.481 INFO  [acme.framework.configuration.ShutdownConfiguration@main] The system is shutting down... 
2022-03-14 21:08:48.523 DEBUG [acme.Launcher@main] Exit code = 0 
