2022-03-14 21:05:45.300 INFO  [acme.Launcher@main] Starting Launcher using Java 1.8.0_281 on LAPTOP-5US8DIIJ with PID 17872 (C:\Users\Papa\Desktop\Workspace-22.0\Workspace-22.0\Frameworks\Acme-Framework-22.1\target\classes started by Papa in C:\Users\Papa\Desktop\Workspace-22.0\Workspace-22.0\Projects\Acme-Toolkits) 
2022-03-14 21:05:45.301 DEBUG [acme.Launcher@main] Running with Spring Boot v2.4.2, Spring v5.3.3 
2022-03-14 21:05:45.304 INFO  [acme.Launcher@main] The following profiles are active: development,populator 
2022-03-14 21:05:52.891 DEBUG [org.apache.jasper.servlet.JasperInitializer@main] Initializing Jasper for context [application] 
2022-03-14 21:06:03.850 DEBUG [org.apache.jasper.servlet.JspServlet@main] Scratch dir for the JSP engine is: [C:\Users\Papa\AppData\Local\Temp\tomcat.8083.5439749156230443719\work\Tomcat\localhost\acme-toolkits-22.1] 
2022-03-14 21:06:03.855 DEBUG [org.apache.jasper.servlet.JspServlet@main] IMPORTANT: Do not modify the generated servlets 
2022-03-14 21:06:03.937 INFO  [acme.Launcher@main] Started Launcher in 20.6 seconds (JVM running for 22.641) 
2022-03-14 21:06:03.959 DEBUG [acme.Launcher@main] Found classpath entry '/C:/Users/Papa/Desktop/Workspace-22.0/Workspace-22.0/Projects/Acme-Toolkits/target/classes/' 
2022-03-14 21:06:03.960 DEBUG [acme.Launcher@main] Found classpath entry '/C:/Users/Papa/Desktop/Workspace-22.0/Workspace-22.0/Projects/Acme-Toolkits/target/test-classes/' 
2022-03-14 21:06:03.960 DEBUG [acme.Launcher@main] Found classpath entry '/C:/Users/Papa/.m2/repository/org/springframework/boot/spring-boot-starter-tomcat/2.4.2/spring-boot-starter-tomcat-2.4.2.jar' 
2022-03-14 21:06:03.960 DEBUG [acme.Launcher@main] Found classpath entry '/C:/Users/Papa/.m2/repository/jakarta/annotation/jakarta.annotation-api/1.3.5/jakarta.annotation-api-1.3.5.jar' 
2022-03-14 21:06:03.961 DEBUG [acme.Launcher@main] Found classpath entry '/C:/Users/Papa/.m2/repository/org/apache/tomcat/embed/tomcat-embed-core/9.0.41/tomcat-embed-core-9.0.41.jar' 
2022-03-14 21:06:03.962 DEBUG [acme.Launcher@main] Found classpath entry '/C:/Users/Papa/.m2/repository/org/glassfish/jakarta.el/3.0.3/jakarta.el-3.0.3.jar' 
2022-03-14 21:06:03.962 DEBUG [acme.Launcher@main] Found classpath entry '/C:/Users/Papa/.m2/repository/org/apache/tomcat/embed/tomcat-embed-websocket/9.0.41/tomcat-embed-websocket-9.0.41.jar' 
2022-03-14 21:06:03.962 DEBUG [acme.Launcher@main] Found classpath entry '/C:/Users/Papa/.m2/repository/org/apache/tomcat/embed/tomcat-embed-jasper/9.0.41/tomcat-embed-jasper-9.0.41.jar' 
2022-03-14 21:06:03.963 DEBUG [acme.Launcher@main] Found classpath entry '/C:/Users/Papa/.m2/repository/org/apache/tomcat/embed/tomcat-embed-el/9.0.41/tomcat-embed-el-9.0.41.jar' 
2022-03-14 21:06:03.963 DEBUG [acme.Launcher@main] Found classpath entry '/C:/Users/Papa/.m2/repository/org/eclipse/jdt/ecj/3.18.0/ecj-3.18.0.jar' 
2022-03-14 21:06:03.963 DEBUG [acme.Launcher@main] Found classpath entry '/C:/Users/Papa/.m2/repository/javax/servlet/jstl/1.2/jstl-1.2.jar' 
2022-03-14 21:06:03.964 DEBUG [acme.Launcher@main] Found classpath entry '/C:/Users/Papa/.m2/repository/org/springframework/boot/spring-boot-starter-test/2.4.2/spring-boot-starter-test-2.4.2.jar' 
2022-03-14 21:06:03.964 DEBUG [acme.Launcher@main] Found classpath entry '/C:/Users/Papa/.m2/repository/org/springframework/boot/spring-boot-starter/2.4.2/spring-boot-starter-2.4.2.jar' 
2022-03-14 21:06:03.964 DEBUG [acme.Launcher@main] Found classpath entry '/C:/Users/Papa/.m2/repository/org/springframework/boot/spring-boot/2.4.2/spring-boot-2.4.2.jar' 
2022-03-14 21:06:03.965 DEBUG [acme.Launcher@main] Found classpath entry '/C:/Users/Papa/.m2/repository/org/springframework/boot/spring-boot-autoconfigure/2.4.2/spring-boot-autoconfigure-2.4.2.jar' 
2022-03-14 21:06:03.965 DEBUG [acme.Launcher@main] Found classpath entry '/C:/Users/Papa/.m2/repository/org/springframework/boot/spring-boot-starter-logging/2.4.2/spring-boot-starter-logging-2.4.2.jar' 
2022-03-14 21:06:03.965 DEBUG [acme.Launcher@main] Found classpath entry '/C:/Users/Papa/.m2/repository/ch/qos/logback/logback-classic/1.2.3/logback-classic-1.2.3.jar' 
2022-03-14 21:06:03.965 DEBUG [acme.Launcher@main] Found classpath entry '/C:/Users/Papa/.m2/repository/ch/qos/logback/logback-core/1.2.3/logback-core-1.2.3.jar' 
2022-03-14 21:06:03.966 DEBUG [acme.Launcher@main] Found classpath entry '/C:/Users/Papa/.m2/repository/org/apache/logging/log4j/log4j-to-slf4j/2.13.3/log4j-to-slf4j-2.13.3.jar' 
2022-03-14 21:06:03.966 DEBUG [acme.Launcher@main] Found classpath entry '/C:/Users/Papa/.m2/repository/org/apache/logging/log4j/log4j-api/2.13.3/log4j-api-2.13.3.jar' 
2022-03-14 21:06:03.966 DEBUG [acme.Launcher@main] Found classpath entry '/C:/Users/Papa/.m2/repository/org/slf4j/jul-to-slf4j/1.7.30/jul-to-slf4j-1.7.30.jar' 
2022-03-14 21:06:03.966 DEBUG [acme.Launcher@main] Found classpath entry '/C:/Users/Papa/.m2/repository/org/yaml/snakeyaml/1.27/snakeyaml-1.27.jar' 
2022-03-14 21:06:03.968 DEBUG [acme.Launcher@main] Found classpath entry '/C:/Users/Papa/.m2/repository/org/springframework/boot/spring-boot-test/2.4.2/spring-boot-test-2.4.2.jar' 
2022-03-14 21:06:03.969 DEBUG [acme.Launcher@main] Found classpath entry '/C:/Users/Papa/.m2/repository/org/springframework/boot/spring-boot-test-autoconfigure/2.4.2/spring-boot-test-autoconfigure-2.4.2.jar' 
2022-03-14 21:06:03.969 DEBUG [acme.Launcher@main] Found classpath entry '/C:/Users/Papa/.m2/repository/com/jayway/jsonpath/json-path/2.4.0/json-path-2.4.0.jar' 
2022-03-14 21:06:03.969 DEBUG [acme.Launcher@main] Found classpath entry '/C:/Users/Papa/.m2/repository/net/minidev/json-smart/2.3/json-smart-2.3.jar' 
2022-03-14 21:06:03.969 DEBUG [acme.Launcher@main] Found classpath entry '/C:/Users/Papa/.m2/repository/net/minidev/accessors-smart/1.2/accessors-smart-1.2.jar' 
2022-03-14 21:06:03.970 DEBUG [acme.Launcher@main] Found classpath entry '/C:/Users/Papa/.m2/repository/org/ow2/asm/asm/5.0.4/asm-5.0.4.jar' 
2022-03-14 21:06:03.970 DEBUG [acme.Launcher@main] Found classpath entry '/C:/Users/Papa/.m2/repository/jakarta/xml/bind/jakarta.xml.bind-api/2.3.3/jakarta.xml.bind-api-2.3.3.jar' 
2022-03-14 21:06:03.970 DEBUG [acme.Launcher@main] Found classpath entry '/C:/Users/Papa/.m2/repository/jakarta/activation/jakarta.activation-api/1.2.2/jakarta.activation-api-1.2.2.jar' 
2022-03-14 21:06:03.970 DEBUG [acme.Launcher@main] Found classpath entry '/C:/Users/Papa/.m2/repository/org/assertj/assertj-core/3.18.1/assertj-core-3.18.1.jar' 
2022-03-14 21:06:03.971 DEBUG [acme.Launcher@main] Found classpath entry '/C:/Users/Papa/.m2/repository/org/hamcrest/hamcrest/2.2/hamcrest-2.2.jar' 
2022-03-14 21:06:03.971 DEBUG [acme.Launcher@main] Found classpath entry '/C:/Users/Papa/.m2/repository/org/junit/jupiter/junit-jupiter/5.7.0/junit-jupiter-5.7.0.jar' 
2022-03-14 21:06:03.971 DEBUG [acme.Launcher@main] Found classpath entry '/C:/Users/Papa/.m2/repository/org/mockito/mockito-core/3.6.28/mockito-core-3.6.28.jar' 
2022-03-14 21:06:03.971 DEBUG [acme.Launcher@main] Found classpath entry '/C:/Users/Papa/.m2/repository/net/bytebuddy/byte-buddy-agent/1.10.19/byte-buddy-agent-1.10.19.jar' 
2022-03-14 21:06:03.973 DEBUG [acme.Launcher@main] Found classpath entry '/C:/Users/Papa/.m2/repository/org/objenesis/objenesis/3.1/objenesis-3.1.jar' 
2022-03-14 21:06:03.973 DEBUG [acme.Launcher@main] Found classpath entry '/C:/Users/Papa/.m2/repository/org/mockito/mockito-junit-jupiter/3.6.28/mockito-junit-jupiter-3.6.28.jar' 
2022-03-14 21:06:03.974 DEBUG [acme.Launcher@main] Found classpath entry '/C:/Users/Papa/.m2/repository/org/skyscreamer/jsonassert/1.5.0/jsonassert-1.5.0.jar' 
2022-03-14 21:06:03.974 DEBUG [acme.Launcher@main] Found classpath entry '/C:/Users/Papa/.m2/repository/com/vaadin/external/google/android-json/0.0.20131108.vaadin1/android-json-0.0.20131108.vaadin1.jar' 
2022-03-14 21:06:03.974 DEBUG [acme.Launcher@main] Found classpath entry '/C:/Users/Papa/.m2/repository/org/springframework/spring-core/5.3.3/spring-core-5.3.3.jar' 
2022-03-14 21:06:03.974 DEBUG [acme.Launcher@main] Found classpath entry '/C:/Users/Papa/.m2/repository/org/springframework/spring-jcl/5.3.3/spring-jcl-5.3.3.jar' 
2022-03-14 21:06:03.975 DEBUG [acme.Launcher@main] Found classpath entry '/C:/Users/Papa/.m2/repository/org/springframework/spring-test/5.3.3/spring-test-5.3.3.jar' 
2022-03-14 21:06:03.975 DEBUG [acme.Launcher@main] Found classpath entry '/C:/Users/Papa/.m2/repository/org/xmlunit/xmlunit-core/2.7.0/xmlunit-core-2.7.0.jar' 
2022-03-14 21:06:03.975 DEBUG [acme.Launcher@main] Found classpath entry '/C:/Users/Papa/.m2/repository/org/springframework/boot/spring-boot-starter-security/2.4.2/spring-boot-starter-security-2.4.2.jar' 
2022-03-14 21:06:03.975 DEBUG [acme.Launcher@main] Found classpath entry '/C:/Users/Papa/.m2/repository/org/springframework/spring-aop/5.3.3/spring-aop-5.3.3.jar' 
2022-03-14 21:06:03.975 DEBUG [acme.Launcher@main] Found classpath entry '/C:/Users/Papa/.m2/repository/org/springframework/security/spring-security-web/5.4.2/spring-security-web-5.4.2.jar' 
2022-03-14 21:06:03.976 DEBUG [acme.Launcher@main] Found classpath entry '/C:/Users/Papa/.m2/repository/org/springframework/security/spring-security-core/5.4.2/spring-security-core-5.4.2.jar' 
2022-03-14 21:06:03.976 DEBUG [acme.Launcher@main] Found classpath entry '/C:/Users/Papa/.m2/repository/org/springframework/spring-beans/5.3.3/spring-beans-5.3.3.jar' 
2022-03-14 21:06:03.976 DEBUG [acme.Launcher@main] Found classpath entry '/C:/Users/Papa/.m2/repository/org/springframework/spring-context/5.3.3/spring-context-5.3.3.jar' 
2022-03-14 21:06:03.979 DEBUG [acme.Launcher@main] Found classpath entry '/C:/Users/Papa/.m2/repository/org/springframework/spring-expression/5.3.3/spring-expression-5.3.3.jar' 
2022-03-14 21:06:03.979 DEBUG [acme.Launcher@main] Found classpath entry '/C:/Users/Papa/.m2/repository/org/springframework/spring-web/5.3.3/spring-web-5.3.3.jar' 
2022-03-14 21:06:03.979 DEBUG [acme.Launcher@main] Found classpath entry '/C:/Users/Papa/.m2/repository/org/springframework/security/spring-security-config/5.4.2/spring-security-config-5.4.2.jar' 
2022-03-14 21:06:03.979 DEBUG [acme.Launcher@main] Found classpath entry '/C:/Users/Papa/.m2/repository/org/springframework/security/spring-security-taglibs/5.4.2/spring-security-taglibs-5.4.2.jar' 
2022-03-14 21:06:03.980 DEBUG [acme.Launcher@main] Found classpath entry '/C:/Users/Papa/.m2/repository/org/springframework/security/spring-security-acl/5.4.2/spring-security-acl-5.4.2.jar' 
2022-03-14 21:06:03.982 DEBUG [acme.Launcher@main] Found classpath entry '/C:/Users/Papa/.m2/repository/org/springframework/spring-jdbc/5.3.3/spring-jdbc-5.3.3.jar' 
2022-03-14 21:06:03.982 DEBUG [acme.Launcher@main] Found classpath entry '/C:/Users/Papa/.m2/repository/org/springframework/spring-tx/5.3.3/spring-tx-5.3.3.jar' 
2022-03-14 21:06:03.983 DEBUG [acme.Launcher@main] Found classpath entry '/C:/Users/Papa/.m2/repository/org/springframework/boot/spring-boot-starter-web/2.4.2/spring-boot-starter-web-2.4.2.jar' 
2022-03-14 21:06:03.983 DEBUG [acme.Launcher@main] Found classpath entry '/C:/Users/Papa/.m2/repository/org/springframework/boot/spring-boot-starter-json/2.4.2/spring-boot-starter-json-2.4.2.jar' 
2022-03-14 21:06:03.983 DEBUG [acme.Launcher@main] Found classpath entry '/C:/Users/Papa/.m2/repository/com/fasterxml/jackson/core/jackson-databind/2.11.4/jackson-databind-2.11.4.jar' 
2022-03-14 21:06:03.984 DEBUG [acme.Launcher@main] Found classpath entry '/C:/Users/Papa/.m2/repository/com/fasterxml/jackson/core/jackson-annotations/2.11.4/jackson-annotations-2.11.4.jar' 
2022-03-14 21:06:03.985 DEBUG [acme.Launcher@main] Found classpath entry '/C:/Users/Papa/.m2/repository/com/fasterxml/jackson/core/jackson-core/2.11.4/jackson-core-2.11.4.jar' 
2022-03-14 21:06:03.986 DEBUG [acme.Launcher@main] Found classpath entry '/C:/Users/Papa/.m2/repository/com/fasterxml/jackson/datatype/jackson-datatype-jdk8/2.11.4/jackson-datatype-jdk8-2.11.4.jar' 
2022-03-14 21:06:03.986 DEBUG [acme.Launcher@main] Found classpath entry '/C:/Users/Papa/.m2/repository/com/fasterxml/jackson/datatype/jackson-datatype-jsr310/2.11.4/jackson-datatype-jsr310-2.11.4.jar' 
2022-03-14 21:06:03.986 DEBUG [acme.Launcher@main] Found classpath entry '/C:/Users/Papa/.m2/repository/com/fasterxml/jackson/module/jackson-module-parameter-names/2.11.4/jackson-module-parameter-names-2.11.4.jar' 
2022-03-14 21:06:03.986 DEBUG [acme.Launcher@main] Found classpath entry '/C:/Users/Papa/.m2/repository/org/springframework/spring-webmvc/5.3.3/spring-webmvc-5.3.3.jar' 
2022-03-14 21:06:03.987 DEBUG [acme.Launcher@main] Found classpath entry '/C:/Users/Papa/.m2/repository/org/apache/tiles/tiles-jsp/3.0.8/tiles-jsp-3.0.8.jar' 
2022-03-14 21:06:03.988 DEBUG [acme.Launcher@main] Found classpath entry '/C:/Users/Papa/.m2/repository/org/apache/tiles/tiles-servlet/3.0.8/tiles-servlet-3.0.8.jar' 
2022-03-14 21:06:03.988 DEBUG [acme.Launcher@main] Found classpath entry '/C:/Users/Papa/.m2/repository/org/apache/tiles/tiles-core/3.0.8/tiles-core-3.0.8.jar' 
2022-03-14 21:06:03.988 DEBUG [acme.Launcher@main] Found classpath entry '/C:/Users/Papa/.m2/repository/commons-digester/commons-digester/2.0/commons-digester-2.0.jar' 
2022-03-14 21:06:03.989 DEBUG [acme.Launcher@main] Found classpath entry '/C:/Users/Papa/.m2/repository/org/slf4j/jcl-over-slf4j/1.7.30/jcl-over-slf4j-1.7.30.jar' 
2022-03-14 21:06:03.989 DEBUG [acme.Launcher@main] Found classpath entry '/C:/Users/Papa/.m2/repository/org/apache/tiles/tiles-request-servlet/1.0.7/tiles-request-servlet-1.0.7.jar' 
2022-03-14 21:06:03.989 DEBUG [acme.Launcher@main] Found classpath entry '/C:/Users/Papa/.m2/repository/org/apache/tiles/tiles-template/3.0.8/tiles-template-3.0.8.jar' 
2022-03-14 21:06:03.989 DEBUG [acme.Launcher@main] Found classpath entry '/C:/Users/Papa/.m2/repository/org/apache/tiles/tiles-api/3.0.8/tiles-api-3.0.8.jar' 
2022-03-14 21:06:03.989 DEBUG [acme.Launcher@main] Found classpath entry '/C:/Users/Papa/.m2/repository/org/apache/tiles/tiles-autotag-core-runtime/1.2/tiles-autotag-core-runtime-1.2.jar' 
2022-03-14 21:06:03.992 DEBUG [acme.Launcher@main] Found classpath entry '/C:/Users/Papa/.m2/repository/org/slf4j/slf4j-api/1.7.30/slf4j-api-1.7.30.jar' 
2022-03-14 21:06:03.992 DEBUG [acme.Launcher@main] Found classpath entry '/C:/Users/Papa/.m2/repository/org/apache/tiles/tiles-request-jsp/1.0.7/tiles-request-jsp-1.0.7.jar' 
2022-03-14 21:06:04.005 DEBUG [acme.Launcher@main] Found classpath entry '/C:/Users/Papa/.m2/repository/org/apache/tiles/tiles-request-api/1.0.7/tiles-request-api-1.0.7.jar' 
2022-03-14 21:06:04.006 DEBUG [acme.Launcher@main] Found classpath entry '/C:/Users/Papa/.m2/repository/org/springframework/boot/spring-boot-starter-data-jpa/2.4.2/spring-boot-starter-data-jpa-2.4.2.jar' 
2022-03-14 21:06:04.009 DEBUG [acme.Launcher@main] Found classpath entry '/C:/Users/Papa/.m2/repository/org/springframework/boot/spring-boot-starter-aop/2.4.2/spring-boot-starter-aop-2.4.2.jar' 
2022-03-14 21:06:04.009 DEBUG [acme.Launcher@main] Found classpath entry '/C:/Users/Papa/.m2/repository/org/aspectj/aspectjweaver/1.9.6/aspectjweaver-1.9.6.jar' 
2022-03-14 21:06:04.011 DEBUG [acme.Launcher@main] Found classpath entry '/C:/Users/Papa/.m2/repository/org/springframework/boot/spring-boot-starter-jdbc/2.4.2/spring-boot-starter-jdbc-2.4.2.jar' 
2022-03-14 21:06:04.013 DEBUG [acme.Launcher@main] Found classpath entry '/C:/Users/Papa/.m2/repository/jakarta/transaction/jakarta.transaction-api/1.3.3/jakarta.transaction-api-1.3.3.jar' 
2022-03-14 21:06:04.013 DEBUG [acme.Launcher@main] Found classpath entry '/C:/Users/Papa/.m2/repository/jakarta/persistence/jakarta.persistence-api/2.2.3/jakarta.persistence-api-2.2.3.jar' 
2022-03-14 21:06:04.013 DEBUG [acme.Launcher@main] Found classpath entry '/C:/Users/Papa/.m2/repository/org/hibernate/hibernate-core/5.4.27.Final/hibernate-core-5.4.27.Final.jar' 
2022-03-14 21:06:04.013 DEBUG [acme.Launcher@main] Found classpath entry '/C:/Users/Papa/.m2/repository/org/jboss/logging/jboss-logging/3.4.1.Final/jboss-logging-3.4.1.Final.jar' 
2022-03-14 21:06:04.014 DEBUG [acme.Launcher@main] Found classpath entry '/C:/Users/Papa/.m2/repository/org/javassist/javassist/3.27.0-GA/javassist-3.27.0-GA.jar' 
2022-03-14 21:06:04.014 DEBUG [acme.Launcher@main] Found classpath entry '/C:/Users/Papa/.m2/repository/antlr/antlr/2.7.7/antlr-2.7.7.jar' 
2022-03-14 21:06:04.014 DEBUG [acme.Launcher@main] Found classpath entry '/C:/Users/Papa/.m2/repository/org/jboss/jandex/2.1.3.Final/jandex-2.1.3.Final.jar' 
2022-03-14 21:06:04.014 DEBUG [acme.Launcher@main] Found classpath entry '/C:/Users/Papa/.m2/repository/com/fasterxml/classmate/1.5.1/classmate-1.5.1.jar' 
2022-03-14 21:06:04.015 DEBUG [acme.Launcher@main] Found classpath entry '/C:/Users/Papa/.m2/repository/org/dom4j/dom4j/2.1.3/dom4j-2.1.3.jar' 
2022-03-14 21:06:04.016 DEBUG [acme.Launcher@main] Found classpath entry '/C:/Users/Papa/.m2/repository/org/hibernate/common/hibernate-commons-annotations/5.1.2.Final/hibernate-commons-annotations-5.1.2.Final.jar' 
2022-03-14 21:06:04.016 DEBUG [acme.Launcher@main] Found classpath entry '/C:/Users/Papa/.m2/repository/org/glassfish/jaxb/jaxb-runtime/2.3.3/jaxb-runtime-2.3.3.jar' 
2022-03-14 21:06:04.016 DEBUG [acme.Launcher@main] Found classpath entry '/C:/Users/Papa/.m2/repository/org/glassfish/jaxb/txw2/2.3.3/txw2-2.3.3.jar' 
2022-03-14 21:06:04.017 DEBUG [acme.Launcher@main] Found classpath entry '/C:/Users/Papa/.m2/repository/com/sun/istack/istack-commons-runtime/3.0.11/istack-commons-runtime-3.0.11.jar' 
2022-03-14 21:06:04.018 DEBUG [acme.Launcher@main] Found classpath entry '/C:/Users/Papa/.m2/repository/com/sun/activation/jakarta.activation/1.2.2/jakarta.activation-1.2.2.jar' 
2022-03-14 21:06:04.018 DEBUG [acme.Launcher@main] Found classpath entry '/C:/Users/Papa/.m2/repository/org/springframework/data/spring-data-jpa/2.4.3/spring-data-jpa-2.4.3.jar' 
2022-03-14 21:06:04.019 DEBUG [acme.Launcher@main] Found classpath entry '/C:/Users/Papa/.m2/repository/org/springframework/data/spring-data-commons/2.4.3/spring-data-commons-2.4.3.jar' 
2022-03-14 21:06:04.019 DEBUG [acme.Launcher@main] Found classpath entry '/C:/Users/Papa/.m2/repository/org/springframework/spring-orm/5.3.3/spring-orm-5.3.3.jar' 
2022-03-14 21:06:04.019 DEBUG [acme.Launcher@main] Found classpath entry '/C:/Users/Papa/.m2/repository/org/springframework/spring-aspects/5.3.3/spring-aspects-5.3.3.jar' 
2022-03-14 21:06:04.019 DEBUG [acme.Launcher@main] Found classpath entry '/C:/Users/Papa/.m2/repository/org/springframework/boot/spring-boot-starter-validation/2.4.2/spring-boot-starter-validation-2.4.2.jar' 
2022-03-14 21:06:04.020 DEBUG [acme.Launcher@main] Found classpath entry '/C:/Users/Papa/.m2/repository/org/hibernate/validator/hibernate-validator/6.1.7.Final/hibernate-validator-6.1.7.Final.jar' 
2022-03-14 21:06:04.020 DEBUG [acme.Launcher@main] Found classpath entry '/C:/Users/Papa/.m2/repository/jakarta/validation/jakarta.validation-api/2.0.2/jakarta.validation-api-2.0.2.jar' 
2022-03-14 21:06:04.020 DEBUG [acme.Launcher@main] Found classpath entry '/C:/Users/Papa/.m2/repository/mysql/mysql-connector-java/8.0.22/mysql-connector-java-8.0.22.jar' 
2022-03-14 21:06:04.020 DEBUG [acme.Launcher@main] Found classpath entry '/C:/Users/Papa/.m2/repository/com/zaxxer/HikariCP/3.4.5/HikariCP-3.4.5.jar' 
2022-03-14 21:06:04.020 DEBUG [acme.Launcher@main] Found classpath entry '/C:/Users/Papa/.m2/repository/org/junit/jupiter/junit-jupiter-engine/5.7.0/junit-jupiter-engine-5.7.0.jar' 
2022-03-14 21:06:04.021 DEBUG [acme.Launcher@main] Found classpath entry '/C:/Users/Papa/.m2/repository/org/apiguardian/apiguardian-api/1.1.0/apiguardian-api-1.1.0.jar' 
2022-03-14 21:06:04.021 DEBUG [acme.Launcher@main] Found classpath entry '/C:/Users/Papa/.m2/repository/org/junit/platform/junit-platform-engine/1.7.0/junit-platform-engine-1.7.0.jar' 
2022-03-14 21:06:04.021 DEBUG [acme.Launcher@main] Found classpath entry '/C:/Users/Papa/.m2/repository/org/junit/jupiter/junit-jupiter-api/5.7.0/junit-jupiter-api-5.7.0.jar' 
2022-03-14 21:06:04.022 DEBUG [acme.Launcher@main] Found classpath entry '/C:/Users/Papa/.m2/repository/org/opentest4j/opentest4j/1.2.0/opentest4j-1.2.0.jar' 
2022-03-14 21:06:04.022 DEBUG [acme.Launcher@main] Found classpath entry '/C:/Users/Papa/.m2/repository/org/junit/platform/junit-platform-commons/1.7.0/junit-platform-commons-1.7.0.jar' 
2022-03-14 21:06:04.023 DEBUG [acme.Launcher@main] Found classpath entry '/C:/Users/Papa/.m2/repository/org/junit/jupiter/junit-jupiter-params/5.7.0/junit-jupiter-params-5.7.0.jar' 
2022-03-14 21:06:04.023 DEBUG [acme.Launcher@main] Found classpath entry '/C:/Users/Papa/.m2/repository/org/junit/platform/junit-platform-launcher/1.7.0/junit-platform-launcher-1.7.0.jar' 
2022-03-14 21:06:04.024 DEBUG [acme.Launcher@main] Found classpath entry '/C:/Users/Papa/.m2/repository/org/seleniumhq/selenium/selenium-java/3.141.59/selenium-java-3.141.59.jar' 
2022-03-14 21:06:04.024 DEBUG [acme.Launcher@main] Found classpath entry '/C:/Users/Papa/.m2/repository/org/seleniumhq/selenium/selenium-api/3.141.59/selenium-api-3.141.59.jar' 
2022-03-14 21:06:04.024 DEBUG [acme.Launcher@main] Found classpath entry '/C:/Users/Papa/.m2/repository/org/seleniumhq/selenium/selenium-chrome-driver/3.141.59/selenium-chrome-driver-3.141.59.jar' 
2022-03-14 21:06:04.024 DEBUG [acme.Launcher@main] Found classpath entry '/C:/Users/Papa/.m2/repository/org/seleniumhq/selenium/selenium-edge-driver/3.141.59/selenium-edge-driver-3.141.59.jar' 
2022-03-14 21:06:04.024 DEBUG [acme.Launcher@main] Found classpath entry '/C:/Users/Papa/.m2/repository/org/seleniumhq/selenium/selenium-firefox-driver/3.141.59/selenium-firefox-driver-3.141.59.jar' 
2022-03-14 21:06:04.025 DEBUG [acme.Launcher@main] Found classpath entry '/C:/Users/Papa/.m2/repository/org/seleniumhq/selenium/selenium-ie-driver/3.141.59/selenium-ie-driver-3.141.59.jar' 
2022-03-14 21:06:04.025 DEBUG [acme.Launcher@main] Found classpath entry '/C:/Users/Papa/.m2/repository/org/seleniumhq/selenium/selenium-opera-driver/3.141.59/selenium-opera-driver-3.141.59.jar' 
2022-03-14 21:06:04.025 DEBUG [acme.Launcher@main] Found classpath entry '/C:/Users/Papa/.m2/repository/org/seleniumhq/selenium/selenium-remote-driver/3.141.59/selenium-remote-driver-3.141.59.jar' 
2022-03-14 21:06:04.025 DEBUG [acme.Launcher@main] Found classpath entry '/C:/Users/Papa/.m2/repository/org/seleniumhq/selenium/selenium-safari-driver/3.141.59/selenium-safari-driver-3.141.59.jar' 
2022-03-14 21:06:04.025 DEBUG [acme.Launcher@main] Found classpath entry '/C:/Users/Papa/.m2/repository/org/seleniumhq/selenium/selenium-support/3.141.59/selenium-support-3.141.59.jar' 
2022-03-14 21:06:04.026 DEBUG [acme.Launcher@main] Found classpath entry '/C:/Users/Papa/.m2/repository/net/bytebuddy/byte-buddy/1.10.19/byte-buddy-1.10.19.jar' 
2022-03-14 21:06:04.026 DEBUG [acme.Launcher@main] Found classpath entry '/C:/Users/Papa/.m2/repository/org/apache/commons/commons-exec/1.3/commons-exec-1.3.jar' 
2022-03-14 21:06:04.026 DEBUG [acme.Launcher@main] Found classpath entry '/C:/Users/Papa/.m2/repository/com/google/guava/guava/25.0-jre/guava-25.0-jre.jar' 
2022-03-14 21:06:04.026 DEBUG [acme.Launcher@main] Found classpath entry '/C:/Users/Papa/.m2/repository/com/google/code/findbugs/jsr305/1.3.9/jsr305-1.3.9.jar' 
2022-03-14 21:06:04.026 DEBUG [acme.Launcher@main] Found classpath entry '/C:/Users/Papa/.m2/repository/org/checkerframework/checker-compat-qual/2.0.0/checker-compat-qual-2.0.0.jar' 
2022-03-14 21:06:04.026 DEBUG [acme.Launcher@main] Found classpath entry '/C:/Users/Papa/.m2/repository/com/google/errorprone/error_prone_annotations/2.1.3/error_prone_annotations-2.1.3.jar' 
2022-03-14 21:06:04.027 DEBUG [acme.Launcher@main] Found classpath entry '/C:/Users/Papa/.m2/repository/com/google/j2objc/j2objc-annotations/1.1/j2objc-annotations-1.1.jar' 
2022-03-14 21:06:04.027 DEBUG [acme.Launcher@main] Found classpath entry '/C:/Users/Papa/.m2/repository/org/codehaus/mojo/animal-sniffer-annotations/1.14/animal-sniffer-annotations-1.14.jar' 
2022-03-14 21:06:04.028 DEBUG [acme.Launcher@main] Found classpath entry '/C:/Users/Papa/.m2/repository/com/squareup/okhttp3/okhttp/3.14.9/okhttp-3.14.9.jar' 
2022-03-14 21:06:04.028 DEBUG [acme.Launcher@main] Found classpath entry '/C:/Users/Papa/.m2/repository/com/squareup/okio/okio/1.14.0/okio-1.14.0.jar' 
2022-03-14 21:06:04.028 DEBUG [acme.Launcher@main] Found classpath entry '/C:/Users/Papa/.m2/repository/org/apache/commons/commons-lang3/3.11/commons-lang3-3.11.jar' 
2022-03-14 21:06:04.028 DEBUG [acme.Launcher@main] Found classpath entry '/C:/Users/Papa/.m2/repository/org/apache/commons/commons-text/1.8/commons-text-1.8.jar' 
2022-03-14 21:06:04.028 DEBUG [acme.Launcher@main] Found classpath entry '/C:/Users/Papa/.m2/repository/commons-io/commons-io/2.6/commons-io-2.6.jar' 
2022-03-14 21:06:04.028 DEBUG [acme.Launcher@main] Found classpath entry '/C:/Users/Papa/.m2/repository/commons-cli/commons-cli/1.4/commons-cli-1.4.jar' 
2022-03-14 21:06:04.029 DEBUG [acme.Launcher@main] Found classpath entry '/C:/Users/Papa/.m2/repository/org/projectlombok/lombok/1.18.16/lombok-1.18.16.jar' 
2022-03-14 21:06:04.029 DEBUG [acme.Launcher@main] Found classpath entry '/C:/Users/Papa/.m2/repository/com/opencsv/opencsv/5.4/opencsv-5.4.jar' 
2022-03-14 21:06:04.029 DEBUG [acme.Launcher@main] Found classpath entry '/C:/Users/Papa/.m2/repository/commons-beanutils/commons-beanutils/1.9.4/commons-beanutils-1.9.4.jar' 
2022-03-14 21:06:04.029 DEBUG [acme.Launcher@main] Found classpath entry '/C:/Users/Papa/.m2/repository/commons-logging/commons-logging/1.2/commons-logging-1.2.jar' 
2022-03-14 21:06:04.029 DEBUG [acme.Launcher@main] Found classpath entry '/C:/Users/Papa/.m2/repository/commons-collections/commons-collections/3.2.2/commons-collections-3.2.2.jar' 
2022-03-14 21:06:04.029 DEBUG [acme.Launcher@main] Found classpath entry '/C:/Users/Papa/.m2/repository/org/apache/commons/commons-collections4/4.4/commons-collections4-4.4.jar' 
2022-03-14 21:06:04.030 DEBUG [acme.Launcher@main] Found classpath entry '/C:/Users/Papa/Desktop/Workspace-22.0/Workspace-22.0/Frameworks/Acme-Framework-22.1/target/classes/' 
2022-03-14 21:06:04.030 DEBUG [acme.Launcher@main] Found classpath entry '/C:/Users/Papa/Desktop/Workspace-22.0/Workspace-22.0/Frameworks/Acme-Framework-22.1/target/test-classes/' 
2022-03-14 21:06:04.030 DEBUG [acme.Launcher@main] Found classpath entry '/C:/Users/Papa/Desktop/Workspace-22.0/Workspace-22.0/Tools/IDEs/eclipse-jee-2021-12-R/configuration/org.eclipse.osgi/418/0/.cp/lib/javaagent-shaded.jar' 
2022-03-14 21:06:04.183 DEBUG [acme.Launcher@main] Found entity class 'acme.entities.announcements.Annoucement 
2022-03-14 21:06:04.184 DEBUG [acme.Launcher@main] Found entity class 'acme.entities.chirp.Chirp 
2022-03-14 21:06:04.184 DEBUG [acme.Launcher@main] Found entity class 'acme.entities.components.Data 
2022-03-14 21:06:04.184 DEBUG [acme.Launcher@main] Found entity class 'acme.entities.patronage.Patronage 
2022-03-14 21:06:04.184 DEBUG [acme.Launcher@main] Found entity class 'acme.entities.patronagereport.PatronageReport 
2022-03-14 21:06:04.184 DEBUG [acme.Launcher@main] Found entity class 'acme.entities.tool_component.ToolComponent 
2022-03-14 21:06:04.184 DEBUG [acme.Launcher@main] Found entity class 'acme.entities.toolkit.Toolkit 
2022-03-14 21:06:04.185 DEBUG [acme.Launcher@main] Found entity class 'acme.roles.Consumer 
2022-03-14 21:06:04.185 DEBUG [acme.Launcher@main] Found entity class 'acme.roles.Inventor 
2022-03-14 21:06:04.185 DEBUG [acme.Launcher@main] Found entity class 'acme.roles.Patron 
2022-03-14 21:06:04.185 DEBUG [acme.Launcher@main] Found entity class 'acme.roles.Provider 
2022-03-14 21:06:04.185 DEBUG [acme.Launcher@main] Found entity class 'acme.framework.entities.UserAccount 
2022-03-14 21:06:04.186 DEBUG [acme.Launcher@main] Found entity class 'acme.framework.roles.Administrator 
2022-03-14 21:06:04.186 DEBUG [acme.Launcher@main] Found entity class 'acme.framework.roles.Anonymous 
2022-03-14 21:06:04.186 DEBUG [acme.Launcher@main] Found entity class 'acme.framework.roles.Authenticated 
2022-03-14 21:06:04.193 INFO  [acme.Launcher@main] Populating (initial data) 
2022-03-14 21:06:04.195 INFO  [acme.framework.components.database.DatabasePopulator@main] Building database schema 
2022-03-14 21:06:04.294 DEBUG [acme.framework.components.database.DatabaseUtil@main] Executing script. 
2022-03-14 21:06:04.294 DEBUG [acme.framework.components.database.DatabaseUtil@main] Starting new transaction. 
2022-03-14 21:06:04.309 DEBUG [acme.framework.components.database.DatabaseUtil@main] Executing command 'set transaction isolation level read uncommitted;'. 
2022-03-14 21:06:04.333 DEBUG [acme.framework.components.database.DatabaseUtil@main] Starting transaction '1647882506'. 
2022-03-14 21:06:04.334 DEBUG [acme.framework.components.database.DatabaseUtil@main] Executing script command 'set foreign_key_checks=0'. 
2022-03-14 21:06:04.336 DEBUG [acme.framework.components.database.DatabaseUtil@main] Executing script command 'drop table if exists administrator'. 
2022-03-14 21:06:04.812 DEBUG [acme.framework.components.database.DatabaseUtil@main] Executing script command 'drop table if exists annoucement'. 
2022-03-14 21:06:05.389 DEBUG [acme.framework.components.database.DatabaseUtil@main] Executing script command 'drop table if exists anonymous'. 
2022-03-14 21:06:05.920 DEBUG [acme.framework.components.database.DatabaseUtil@main] Executing script command 'drop table if exists authenticated'. 
2022-03-14 21:06:06.550 DEBUG [acme.framework.components.database.DatabaseUtil@main] Executing script command 'drop table if exists chirp'. 
2022-03-14 21:06:07.061 DEBUG [acme.framework.components.database.DatabaseUtil@main] Executing script command 'drop table if exists consumer'. 
2022-03-14 21:06:07.568 DEBUG [acme.framework.components.database.DatabaseUtil@main] Executing script command 'drop table if exists data'. 
2022-03-14 21:06:08.021 DEBUG [acme.framework.components.database.DatabaseUtil@main] Executing script command 'drop table if exists hibernate_sequence'. 
2022-03-14 21:06:08.665 DEBUG [acme.framework.components.database.DatabaseUtil@main] Executing script command 'drop table if exists inventor'. 
2022-03-14 21:06:09.279 DEBUG [acme.framework.components.database.DatabaseUtil@main] Executing script command 'drop table if exists patron'. 
2022-03-14 21:06:09.851 DEBUG [acme.framework.components.database.DatabaseUtil@main] Executing script command 'drop table if exists patronage'. 
2022-03-14 21:06:10.437 DEBUG [acme.framework.components.database.DatabaseUtil@main] Executing script command 'drop table if exists patronage_report'. 
2022-03-14 21:06:11.045 DEBUG [acme.framework.components.database.DatabaseUtil@main] Executing script command 'drop table if exists provider'. 
2022-03-14 21:06:11.605 DEBUG [acme.framework.components.database.DatabaseUtil@main] Executing script command 'drop table if exists tool_component'. 
2022-03-14 21:06:12.092 DEBUG [acme.framework.components.database.DatabaseUtil@main] Executing script command 'drop table if exists toolkit'. 
2022-03-14 21:06:12.519 DEBUG [acme.framework.components.database.DatabaseUtil@main] Executing script command 'drop table if exists user_account'. 
2022-03-14 21:06:12.915 DEBUG [acme.framework.components.database.DatabaseUtil@main] Executing script command 'set foreign_key_checks=1'. 
2022-03-14 21:06:12.920 DEBUG [acme.framework.components.database.DatabaseUtil@main] Committing transaction '1647882506'. 
2022-03-14 21:06:12.966 DEBUG [acme.framework.components.database.DatabaseUtil@main] Executing script. 
2022-03-14 21:06:12.966 DEBUG [acme.framework.components.database.DatabaseUtil@main] Starting new transaction. 
2022-03-14 21:06:12.973 DEBUG [acme.framework.components.database.DatabaseUtil@main] Executing command 'set transaction isolation level read uncommitted;'. 
2022-03-14 21:06:12.974 DEBUG [acme.framework.components.database.DatabaseUtil@main] Starting transaction '1518735658'. 
2022-03-14 21:06:12.974 DEBUG [acme.framework.components.database.DatabaseUtil@main] Executing script command 'set foreign_key_checks=0'. 
2022-03-14 21:06:12.975 DEBUG [acme.framework.components.database.DatabaseUtil@main] Executing script command 'create table administrator (id integer not null, version integer not null, user_account_id integer, primary key (id)) engine=InnoDB'. 
2022-03-14 21:06:13.338 DEBUG [acme.framework.components.database.DatabaseUtil@main] Executing script command 'create table annoucement (id integer not null, version integer not null, body varchar(255), creation_moment datetime, critical_flag bit, link varchar(255), title varchar(255), primary key (id)) engine=InnoDB'. 
2022-03-14 21:06:13.679 DEBUG [acme.framework.components.database.DatabaseUtil@main] Executing script command 'create table anonymous (id integer not null, version integer not null, user_account_id integer, primary key (id)) engine=InnoDB'. 
2022-03-14 21:06:14.190 DEBUG [acme.framework.components.database.DatabaseUtil@main] Executing script command 'create table authenticated (id integer not null, version integer not null, user_account_id integer, primary key (id)) engine=InnoDB'. 
2022-03-14 21:06:14.554 DEBUG [acme.framework.components.database.DatabaseUtil@main] Executing script command 'create table chirp (id integer not null, version integer not null, author varchar(255), body varchar(255), creation_moment datetime, email varchar(255), title varchar(255), primary key (id)) engine=InnoDB'. 
2022-03-14 21:06:14.920 DEBUG [acme.framework.components.database.DatabaseUtil@main] Executing script command 'create table consumer (id integer not null, version integer not null, user_account_id integer, company varchar(255), sector varchar(255), primary key (id)) engine=InnoDB'. 
2022-03-14 21:06:15.262 DEBUG [acme.framework.components.database.DatabaseUtil@main] Executing script command 'create table data (id integer not null, version integer not null, currency varchar(255), strong_spam_terms double precision, strong_spam_threshold varchar(255), weak_spam_term varchar(255), weak_spam_threshold double precision, primary key (id)) engine=InnoDB'. 
2022-03-14 21:06:15.684 DEBUG [acme.framework.components.database.DatabaseUtil@main] Executing script command 'create table hibernate_sequence (next_val bigint) engine=InnoDB'. 
2022-03-14 21:06:16.049 DEBUG [acme.framework.components.database.DatabaseUtil@main] Executing script command 'insert into hibernate_sequence values ( 1 )'. 
2022-03-14 21:06:16.083 DEBUG [acme.framework.components.database.DatabaseUtil@main] Executing script command 'create table inventor (id integer not null, version integer not null, user_account_id integer, company varchar(255), link varchar(255), statement varchar(255), primary key (id)) engine=InnoDB'. 
2022-03-14 21:06:16.614 DEBUG [acme.framework.components.database.DatabaseUtil@main] Executing script command 'create table patron (id integer not null, version integer not null, user_account_id integer, company varchar(255), link varchar(255), statement varchar(255), primary key (id)) engine=InnoDB'. 
2022-03-14 21:06:16.974 DEBUG [acme.framework.components.database.DatabaseUtil@main] Executing script command 'create table patronage (id integer not null, version integer not null, budget double precision, code varchar(255), end datetime, initial datetime, legal_stuff varchar(255), link varchar(255), status integer, primary key (id)) engine=InnoDB'. 
2022-03-14 21:06:17.367 DEBUG [acme.framework.components.database.DatabaseUtil@main] Executing script command 'create table patronage_report (id integer not null, version integer not null, automatic_sequence_number varchar(255), creation datetime, link varchar(255), memorandum varchar(255), patronage_id integer, primary key (id)) engine=InnoDB'. 
2022-03-14 21:06:17.708 DEBUG [acme.framework.components.database.DatabaseUtil@main] Executing script command 'create table provider (id integer not null, version integer not null, user_account_id integer, company varchar(255), sector varchar(255), primary key (id)) engine=InnoDB'. 
2022-03-14 21:06:18.097 DEBUG [acme.framework.components.database.DatabaseUtil@main] Executing script command 'create table tool_component (id integer not null, version integer not null, code varchar(255), description varchar(255), link varchar(255), name varchar(255), retail_price_amount double precision, retail_price_currency varchar(255), technology varchar(255), type_entity integer, primary key (id)) engine=InnoDB'. 
2022-03-14 21:06:18.469 DEBUG [acme.framework.components.database.DatabaseUtil@main] Executing script command 'create table toolkit (id integer not null, version integer not null, assemble_notes varchar(255), description varchar(255), link varchar(255), pattern varchar(255), tittle varchar(255), tool_component_id integer, primary key (id)) engine=InnoDB'. 
2022-03-14 21:06:18.806 DEBUG [acme.framework.components.database.DatabaseUtil@main] Executing script command 'create table user_account (id integer not null, version integer not null, enabled bit not null, identity blob, password varchar(255), username varchar(255), primary key (id)) engine=InnoDB'. 
2022-03-14 21:06:19.123 DEBUG [acme.framework.components.database.DatabaseUtil@main] Executing script command 'alter table patronage add constraint UK_7s289l63ihnn85qwyna5cqbfh unique (code)'. 
2022-03-14 21:06:19.980 DEBUG [acme.framework.components.database.DatabaseUtil@main] Executing script command 'alter table tool_component add constraint UK_1cqs8sd94tkx51k5eici7l5fv unique (code)'. 
2022-03-14 21:06:20.532 DEBUG [acme.framework.components.database.DatabaseUtil@main] Executing script command 'alter table toolkit add constraint UK_barudej1th3468ba3qll8crso unique (pattern)'. 
2022-03-14 21:06:21.142 DEBUG [acme.framework.components.database.DatabaseUtil@main] Executing script command 'alter table user_account add constraint UK_castjbvpeeus0r8lbpehiu0e4 unique (username)'. 
2022-03-14 21:06:21.649 DEBUG [acme.framework.components.database.DatabaseUtil@main] Executing script command 'alter table administrator add constraint FK_2a5vcjo3stlfcwadosjfq49l1 foreign key (user_account_id) references user_account (id)'. 
2022-03-14 21:06:22.193 DEBUG [acme.framework.components.database.DatabaseUtil@main] Executing script command 'alter table anonymous add constraint FK_6lnbc6fo3om54vugoh8icg78m foreign key (user_account_id) references user_account (id)'. 
2022-03-14 21:06:22.690 DEBUG [acme.framework.components.database.DatabaseUtil@main] Executing script command 'alter table authenticated add constraint FK_h52w0f3wjoi68b63wv9vwon57 foreign key (user_account_id) references user_account (id)'. 
2022-03-14 21:06:23.179 DEBUG [acme.framework.components.database.DatabaseUtil@main] Executing script command 'alter table consumer add constraint FK_6cyha9f1wpj0dpbxrrjddrqed foreign key (user_account_id) references user_account (id)'. 
2022-03-14 21:06:23.727 DEBUG [acme.framework.components.database.DatabaseUtil@main] Executing script command 'alter table inventor add constraint FK_2upmsx50p5pou2l4uy8trxor6 foreign key (user_account_id) references user_account (id)'. 
2022-03-14 21:06:24.275 DEBUG [acme.framework.components.database.DatabaseUtil@main] Executing script command 'alter table patron add constraint FK_8xx5nujhuio3advxc2freyu65 foreign key (user_account_id) references user_account (id)'. 
2022-03-14 21:06:25.122 DEBUG [acme.framework.components.database.DatabaseUtil@main] Executing script command 'alter table patronage_report add constraint FKli7rh2qb2q6bjix6b8o2dpt41 foreign key (patronage_id) references patronage (id)'. 
2022-03-14 21:06:25.735 DEBUG [acme.framework.components.database.DatabaseUtil@main] Executing script command 'alter table provider add constraint FK_b1gwnjqm6ggy9yuiqm0o4rlmd foreign key (user_account_id) references user_account (id)'. 
2022-03-14 21:06:26.719 DEBUG [acme.framework.components.database.DatabaseUtil@main] Executing script command 'alter table toolkit add constraint FKqh3mpe4lfa7874j4ev7rwh9mr foreign key (tool_component_id) references tool_component (id)'. 
2022-03-14 21:06:27.318 DEBUG [acme.framework.components.database.DatabaseUtil@main] Executing script command 'set foreign_key_checks=1'. 
2022-03-14 21:06:27.319 DEBUG [acme.framework.components.database.DatabaseUtil@main] Committing transaction '1518735658'. 
2022-03-14 21:06:27.324 INFO  [acme.framework.components.database.DatabasePopulator@main] Reading entities from 'classpath:/WEB-INF/resources/initial-data' 
2022-03-14 21:06:27.337 DEBUG [acme.framework.components.database.Dataset@main] Reading dataset from 'C:\Users\Papa\Desktop\Workspace-22.0\Workspace-22.0\Projects\Acme-Toolkits\target\classes\WEB-INF\resources\initial-data\administrator.csv' 
2022-03-14 21:06:27.534 DEBUG [acme.framework.components.database.Dataset@main] Reading mapping '{key:user-account=user-account-administrator-01, key=administrator-01}' from 'C:\Users\Papa\Desktop\Workspace-22.0\Workspace-22.0\Projects\Acme-Toolkits\target\classes\WEB-INF\resources\initial-data\administrator.csv' 
2022-03-14 21:06:27.537 DEBUG [acme.framework.components.database.Dataset@main] Reading dataset from 'C:\Users\Papa\Desktop\Workspace-22.0\Workspace-22.0\Projects\Acme-Toolkits\target\classes\WEB-INF\resources\initial-data\anonymous.csv' 
2022-03-14 21:06:27.538 DEBUG [acme.framework.components.database.Dataset@main] Reading mapping '{key:user-account=user-account-anonymous-01, key=anonymous-01}' from 'C:\Users\Papa\Desktop\Workspace-22.0\Workspace-22.0\Projects\Acme-Toolkits\target\classes\WEB-INF\resources\initial-data\anonymous.csv' 
2022-03-14 21:06:27.539 DEBUG [acme.framework.components.database.Dataset@main] Reading dataset from 'C:\Users\Papa\Desktop\Workspace-22.0\Workspace-22.0\Projects\Acme-Toolkits\target\classes\WEB-INF\resources\initial-data\authenticated.csv' 
2022-03-14 21:06:27.540 DEBUG [acme.framework.components.database.Dataset@main] Reading mapping '{key:user-account=user-account-administrator-01, key=authenticated-administrator-01}' from 'C:\Users\Papa\Desktop\Workspace-22.0\Workspace-22.0\Projects\Acme-Toolkits\target\classes\WEB-INF\resources\initial-data\authenticated.csv' 
2022-03-14 21:06:27.540 DEBUG [acme.framework.components.database.Dataset@main] Reading dataset from 'C:\Users\Papa\Desktop\Workspace-22.0\Workspace-22.0\Projects\Acme-Toolkits\target\classes\WEB-INF\resources\initial-data\data.csv' 
2022-03-14 21:06:27.542 DEBUG [acme.framework.components.database.Dataset@main] Reading mapping '{weak-spam-term=sexy, strong-spam-threshold=0.1, currency=EUR, weak-spam-threshold=0.25, strong-spam-terms=sex, key=data-01}' from 'C:\Users\Papa\Desktop\Workspace-22.0\Workspace-22.0\Projects\Acme-Toolkits\target\classes\WEB-INF\resources\initial-data\data.csv' 
2022-03-14 21:06:27.542 DEBUG [acme.framework.components.database.Dataset@main] Reading mapping '{weak-spam-term=nigeria, strong-spam-threshold=0.1, currency=USD, weak-spam-threshold=0.25, strong-spam-terms=hard core, key=data-02}' from 'C:\Users\Papa\Desktop\Workspace-22.0\Workspace-22.0\Projects\Acme-Toolkits\target\classes\WEB-INF\resources\initial-data\data.csv' 
2022-03-14 21:06:27.543 DEBUG [acme.framework.components.database.Dataset@main] Reading mapping '{weak-spam-term=you’ve won, strong-spam-threshold=0.1, currency=GBP, weak-spam-threshold=0.25, strong-spam-terms=viagra, key=data-03}' from 'C:\Users\Papa\Desktop\Workspace-22.0\Workspace-22.0\Projects\Acme-Toolkits\target\classes\WEB-INF\resources\initial-data\data.csv' 
2022-03-14 21:06:27.543 DEBUG [acme.framework.components.database.Dataset@main] Reading mapping '{weak-spam-term=one million, strong-spam-threshold=0.1, currency=EUR, weak-spam-threshold=0.25, strong-spam-terms=cialis, key=data-04}' from 'C:\Users\Papa\Desktop\Workspace-22.0\Workspace-22.0\Projects\Acme-Toolkits\target\classes\WEB-INF\resources\initial-data\data.csv' 
2022-03-14 21:06:27.543 DEBUG [acme.framework.components.database.Dataset@main] Reading mapping '{weak-spam-term=sexy, strong-spam-threshold=0.1, currency=EUR, weak-spam-threshold=0.25, strong-spam-terms=sexo, key=data-05}' from 'C:\Users\Papa\Desktop\Workspace-22.0\Workspace-22.0\Projects\Acme-Toolkits\target\classes\WEB-INF\resources\initial-data\data.csv' 
2022-03-14 21:06:27.544 DEBUG [acme.framework.components.database.Dataset@main] Reading mapping '{weak-spam-term=nigeria, strong-spam-threshold=0.1, currency=USD, weak-spam-threshold=0.25, strong-spam-terms=hard core, key=data-06}' from 'C:\Users\Papa\Desktop\Workspace-22.0\Workspace-22.0\Projects\Acme-Toolkits\target\classes\WEB-INF\resources\initial-data\data.csv' 
2022-03-14 21:06:27.544 DEBUG [acme.framework.components.database.Dataset@main] Reading mapping '{weak-spam-term=has ganado, strong-spam-threshold=0.1, currency=GBP, weak-spam-threshold=0.25, strong-spam-terms=viagra, key=data-07}' from 'C:\Users\Papa\Desktop\Workspace-22.0\Workspace-22.0\Projects\Acme-Toolkits\target\classes\WEB-INF\resources\initial-data\data.csv' 
2022-03-14 21:06:27.544 DEBUG [acme.framework.components.database.Dataset@main] Reading mapping '{weak-spam-term=un millón, strong-spam-threshold=0.1, currency=EUR, weak-spam-threshold=0.25, strong-spam-terms=cialis, key=data-08}' from 'C:\Users\Papa\Desktop\Workspace-22.0\Workspace-22.0\Projects\Acme-Toolkits\target\classes\WEB-INF\resources\initial-data\data.csv' 
2022-03-14 21:06:27.545 DEBUG [acme.framework.components.database.Dataset@main] Reading dataset from 'C:\Users\Papa\Desktop\Workspace-22.0\Workspace-22.0\Projects\Acme-Toolkits\target\classes\WEB-INF\resources\initial-data\user-account.csv' 
2022-03-14 21:06:27.546 DEBUG [acme.framework.components.database.Dataset@main] Reading mapping '{password=HIDDEN-PASSWORD, identity=UserIdentity{name: 'John', surname: 'Doe', email: 'john.doe@acme.com'}, key=user-account-anonymous-01, enabled=false, username=anonymous}' from 'C:\Users\Papa\Desktop\Workspace-22.0\Workspace-22.0\Projects\Acme-Toolkits\target\classes\WEB-INF\resources\initial-data\user-account.csv' 
2022-03-14 21:06:27.546 DEBUG [acme.framework.components.database.Dataset@main] Reading mapping '{password=administrator, identity=UserIdentity{name: 'Administrator', surname: 'Acme', email: 'administrator@acme.com'}, key=user-account-administrator-01, enabled=true, username=administrator}' from 'C:\Users\Papa\Desktop\Workspace-22.0\Workspace-22.0\Projects\Acme-Toolkits\target\classes\WEB-INF\resources\initial-data\user-account.csv' 
2022-03-14 21:06:27.547 DEBUG [acme.framework.components.database.EntityWeb@main] Setting attributes of entities of class acme.framework.roles.Authenticated 
2022-03-14 21:06:27.548 DEBUG [acme.framework.components.database.EntityWeb@main] Setting attributes of entities of class acme.framework.entities.UserAccount 
2022-03-14 21:06:28.014 DEBUG [acme.framework.components.database.EntityWeb@main] Setting attributes of entities of class acme.framework.roles.Anonymous 
2022-03-14 21:06:28.015 DEBUG [acme.framework.components.database.EntityWeb@main] Setting attributes of entities of class acme.entities.components.Data 
2022-03-14 21:06:28.032 DEBUG [acme.framework.configuration.ExtendedMessageSource@main] Loading properties [C:\Users\Papa\Desktop\Workspace-22.0\Workspace-22.0\Projects\Acme-Toolkits\target\classes\WEB-INF\views\administrator\user-account\messages-en.i18n] with encoding 'utf-8' 
2022-03-14 21:06:28.035 DEBUG [acme.framework.configuration.ExtendedMessageSource@main] Loading properties [C:\Users\Papa\Desktop\Workspace-22.0\Workspace-22.0\Projects\Acme-Toolkits\target\classes\WEB-INF\views\anonymous\user-account\messages-en.i18n] with encoding 'utf-8' 
2022-03-14 21:06:28.039 DEBUG [acme.framework.configuration.ExtendedMessageSource@main] Loading properties [C:\Users\Papa\Desktop\Workspace-22.0\Workspace-22.0\Projects\Acme-Toolkits\target\classes\WEB-INF\views\authenticated\consumer\messsages-en.i18n] with encoding 'utf-8' 
2022-03-14 21:06:28.044 DEBUG [acme.framework.configuration.ExtendedMessageSource@main] Loading properties [C:\Users\Papa\Desktop\Workspace-22.0\Workspace-22.0\Projects\Acme-Toolkits\target\classes\WEB-INF\views\authenticated\provider\messsages-en.i18n] with encoding 'utf-8' 
2022-03-14 21:06:28.045 DEBUG [acme.framework.configuration.ExtendedMessageSource@main] Loading properties [C:\Users\Papa\Desktop\Workspace-22.0\Workspace-22.0\Projects\Acme-Toolkits\target\classes\WEB-INF\views\authenticated\user-account\messages-en.i18n] with encoding 'utf-8' 
2022-03-14 21:06:28.049 DEBUG [acme.framework.configuration.ExtendedMessageSource@main] Loading properties [C:\Users\Papa\Desktop\Workspace-22.0\Workspace-22.0\Projects\Acme-Toolkits\target\classes\WEB-INF\views\fragments\banner-en.i18n] with encoding 'utf-8' 
2022-03-14 21:06:28.052 DEBUG [acme.framework.configuration.ExtendedMessageSource@main] Loading properties [C:\Users\Papa\Desktop\Workspace-22.0\Workspace-22.0\Projects\Acme-Toolkits\target\classes\WEB-INF\views\fragments\company-en.i18n] with encoding 'utf-8' 
2022-03-14 21:06:28.054 DEBUG [acme.framework.configuration.ExtendedMessageSource@main] Loading properties [C:\Users\Papa\Desktop\Workspace-22.0\Workspace-22.0\Projects\Acme-Toolkits\target\classes\WEB-INF\views\fragments\footer-en.i18n] with encoding 'utf-8' 
2022-03-14 21:06:28.055 DEBUG [acme.framework.configuration.ExtendedMessageSource@main] Loading properties [C:\Users\Papa\Desktop\Workspace-22.0\Workspace-22.0\Projects\Acme-Toolkits\target\classes\WEB-INF\views\fragments\license-en.i18n] with encoding 'utf-8' 
2022-03-14 21:06:28.056 DEBUG [acme.framework.configuration.ExtendedMessageSource@main] Loading properties [C:\Users\Papa\Desktop\Workspace-22.0\Workspace-22.0\Projects\Acme-Toolkits\target\classes\WEB-INF\views\fragments\menu-en.i18n] with encoding 'utf-8' 
2022-03-14 21:06:28.057 DEBUG [acme.framework.configuration.ExtendedMessageSource@main] Loading properties [C:\Users\Papa\Desktop\Workspace-22.0\Workspace-22.0\Projects\Acme-Toolkits\target\classes\WEB-INF\views\fragments\messsages-en.i18n] with encoding 'utf-8' 
2022-03-14 21:06:28.058 DEBUG [acme.framework.configuration.ExtendedMessageSource@main] Loading properties [C:\Users\Papa\Desktop\Workspace-22.0\Workspace-22.0\Projects\Acme-Toolkits\target\classes\WEB-INF\views\fragments\title-en.i18n] with encoding 'utf-8' 
2022-03-14 21:06:28.059 DEBUG [acme.framework.configuration.ExtendedMessageSource@main] Loading properties [C:\Users\Papa\Desktop\Workspace-22.0\Workspace-22.0\Projects\Acme-Toolkits\target\classes\WEB-INF\views\fragments\welcome-en.i18n] with encoding 'utf-8' 
2022-03-14 21:06:28.060 DEBUG [acme.framework.configuration.ExtendedMessageSource@main] Loading properties [C:\Users\Papa\Desktop\Workspace-22.0\Workspace-22.0\Projects\Acme-Toolkits\target\classes\WEB-INF\views\master\defaults-en.i18n] with encoding 'utf-8' 
2022-03-14 21:06:28.061 DEBUG [acme.framework.configuration.ExtendedMessageSource@main] Loading properties [C:\Users\Papa\Desktop\Workspace-22.0\Workspace-22.0\Projects\Acme-Toolkits\target\classes\WEB-INF\views\master\master-en.i18n] with encoding 'utf-8' 
2022-03-14 21:06:28.062 DEBUG [acme.framework.configuration.ExtendedMessageSource@main] Loading properties [C:\Users\Papa\Desktop\Workspace-22.0\Workspace-22.0\Projects\Acme-Toolkits\target\classes\WEB-INF\views\master\throwables-en.i18n] with encoding 'utf-8' 
2022-03-14 21:06:28.063 DEBUG [acme.framework.configuration.ExtendedMessageSource@main] Loading properties [C:\Users\Papa\Desktop\Workspace-22.0\Workspace-22.0\Projects\Acme-Toolkits\target\classes\WEB-INF\views\master\validation-en.i18n] with encoding 'utf-8' 
2022-03-14 21:06:28.066 ERROR [acme.Launcher@main] acme.framework.components.database.EntityWeb.computeRegularAttributes(EntityWeb.java:256): C:\Users\Papa\Desktop\Workspace-22.0\Workspace-22.0\Projects\Acme-Toolkits\target\classes\WEB-INF\resources\initial-data\data.csv: couldn't assign value 'sex' to property 'acme.entities.components.Data@data-01::strongSpamTerms' 
2022-03-14 21:06:28.067 INFO  [acme.Launcher@main] The application log provides additional debugging messages! 
2022-03-14 21:06:29.329 INFO  [acme.framework.configuration.ShutdownConfiguration@main] The system is shutting down... 
2022-03-14 21:06:29.373 DEBUG [acme.Launcher@main] Exit code = 0 
